{"/app/app/server.js": {"path":"/app/app/server.js","all":false,"statementMap":{"0":{"start":{"line":1,"column":0},"end":{"line":1,"column":35}},"1":{"start":{"line":2,"column":0},"end":{"line":2,"column":25}},"2":{"start":{"line":3,"column":0},"end":{"line":3,"column":29}},"3":{"start":{"line":4,"column":0},"end":{"line":4,"column":0}},"4":{"start":{"line":5,"column":0},"end":{"line":5,"column":22}},"5":{"start":{"line":6,"column":0},"end":{"line":6,"column":38}},"6":{"start":{"line":7,"column":0},"end":{"line":7,"column":78}},"7":{"start":{"line":8,"column":0},"end":{"line":8,"column":75}},"8":{"start":{"line":9,"column":0},"end":{"line":9,"column":0}},"9":{"start":{"line":10,"column":0},"end":{"line":10,"column":24}},"10":{"start":{"line":11,"column":0},"end":{"line":11,"column":35}},"11":{"start":{"line":12,"column":0},"end":{"line":12,"column":0}},"12":{"start":{"line":13,"column":0},"end":{"line":13,"column":54}},"13":{"start":{"line":14,"column":0},"end":{"line":14,"column":25}},"14":{"start":{"line":15,"column":0},"end":{"line":15,"column":35}},"15":{"start":{"line":16,"column":0},"end":{"line":16,"column":52}},"16":{"start":{"line":17,"column":0},"end":{"line":17,"column":5}},"17":{"start":{"line":18,"column":0},"end":{"line":18,"column":34}},"18":{"start":{"line":19,"column":0},"end":{"line":19,"column":30}},"19":{"start":{"line":20,"column":0},"end":{"line":20,"column":34}},"20":{"start":{"line":21,"column":0},"end":{"line":21,"column":31}},"21":{"start":{"line":22,"column":0},"end":{"line":22,"column":20}},"22":{"start":{"line":23,"column":0},"end":{"line":23,"column":23}},"23":{"start":{"line":24,"column":0},"end":{"line":24,"column":30}},"24":{"start":{"line":25,"column":0},"end":{"line":25,"column":31}},"25":{"start":{"line":26,"column":0},"end":{"line":26,"column":26}},"26":{"start":{"line":27,"column":0},"end":{"line":27,"column":31}},"27":{"start":{"line":28,"column":0},"end":{"line":28,"column":32}},"28":{"start":{"line":29,"column":0},"end":{"line":29,"column":35}},"29":{"start":{"line":30,"column":0},"end":{"line":30,"column":14}},"30":{"start":{"line":31,"column":0},"end":{"line":31,"column":24}},"31":{"start":{"line":32,"column":0},"end":{"line":32,"column":30}},"32":{"start":{"line":33,"column":0},"end":{"line":33,"column":33}},"33":{"start":{"line":34,"column":0},"end":{"line":34,"column":37}},"34":{"start":{"line":35,"column":0},"end":{"line":35,"column":36}},"35":{"start":{"line":36,"column":0},"end":{"line":36,"column":35}},"36":{"start":{"line":37,"column":0},"end":{"line":37,"column":25}},"37":{"start":{"line":38,"column":0},"end":{"line":38,"column":30}},"38":{"start":{"line":39,"column":0},"end":{"line":39,"column":14}},"39":{"start":{"line":40,"column":0},"end":{"line":40,"column":30}},"40":{"start":{"line":41,"column":0},"end":{"line":41,"column":10}},"41":{"start":{"line":42,"column":0},"end":{"line":42,"column":73}},"42":{"start":{"line":43,"column":0},"end":{"line":43,"column":5}},"43":{"start":{"line":44,"column":0},"end":{"line":44,"column":1}},"44":{"start":{"line":45,"column":0},"end":{"line":45,"column":0}},"45":{"start":{"line":46,"column":0},"end":{"line":46,"column":15}},"46":{"start":{"line":47,"column":0},"end":{"line":47,"column":0}},"47":{"start":{"line":48,"column":0},"end":{"line":48,"column":32}},"48":{"start":{"line":49,"column":0},"end":{"line":49,"column":22}},"49":{"start":{"line":50,"column":0},"end":{"line":50,"column":9}},"50":{"start":{"line":51,"column":0},"end":{"line":51,"column":54}},"51":{"start":{"line":52,"column":0},"end":{"line":52,"column":32}},"52":{"start":{"line":53,"column":0},"end":{"line":53,"column":17}},"53":{"start":{"line":54,"column":0},"end":{"line":54,"column":22}},"54":{"start":{"line":55,"column":0},"end":{"line":55,"column":71}},"55":{"start":{"line":56,"column":0},"end":{"line":56,"column":14}},"56":{"start":{"line":57,"column":0},"end":{"line":57,"column":10}},"57":{"start":{"line":58,"column":0},"end":{"line":58,"column":18}},"58":{"start":{"line":59,"column":0},"end":{"line":59,"column":5}},"59":{"start":{"line":60,"column":0},"end":{"line":60,"column":1}},"60":{"start":{"line":61,"column":0},"end":{"line":61,"column":0}},"61":{"start":{"line":62,"column":0},"end":{"line":62,"column":33}},"62":{"start":{"line":63,"column":0},"end":{"line":63,"column":28}},"63":{"start":{"line":64,"column":0},"end":{"line":64,"column":9}},"64":{"start":{"line":65,"column":0},"end":{"line":65,"column":66}},"65":{"start":{"line":66,"column":0},"end":{"line":66,"column":20}},"66":{"start":{"line":67,"column":0},"end":{"line":67,"column":17}},"67":{"start":{"line":68,"column":0},"end":{"line":68,"column":54}},"68":{"start":{"line":69,"column":0},"end":{"line":69,"column":21}},"69":{"start":{"line":70,"column":0},"end":{"line":70,"column":5}},"70":{"start":{"line":71,"column":0},"end":{"line":71,"column":1}},"71":{"start":{"line":72,"column":0},"end":{"line":72,"column":0}},"72":{"start":{"line":73,"column":0},"end":{"line":73,"column":77}},"73":{"start":{"line":74,"column":0},"end":{"line":74,"column":21}},"74":{"start":{"line":75,"column":0},"end":{"line":75,"column":80}},"75":{"start":{"line":76,"column":0},"end":{"line":76,"column":0}},"76":{"start":{"line":77,"column":0},"end":{"line":77,"column":22}},"77":{"start":{"line":78,"column":0},"end":{"line":78,"column":37}},"78":{"start":{"line":79,"column":0},"end":{"line":79,"column":26}},"79":{"start":{"line":80,"column":0},"end":{"line":80,"column":3}},"80":{"start":{"line":81,"column":0},"end":{"line":81,"column":0}},"81":{"start":{"line":82,"column":0},"end":{"line":82,"column":60}},"82":{"start":{"line":83,"column":0},"end":{"line":83,"column":38}},"83":{"start":{"line":84,"column":0},"end":{"line":84,"column":41}},"84":{"start":{"line":85,"column":0},"end":{"line":85,"column":18}},"85":{"start":{"line":86,"column":0},"end":{"line":86,"column":78}},"86":{"start":{"line":87,"column":0},"end":{"line":87,"column":12}},"87":{"start":{"line":88,"column":0},"end":{"line":88,"column":75}},"88":{"start":{"line":89,"column":0},"end":{"line":89,"column":5}},"89":{"start":{"line":90,"column":0},"end":{"line":90,"column":3}},"90":{"start":{"line":91,"column":0},"end":{"line":91,"column":0}},"91":{"start":{"line":92,"column":0},"end":{"line":92,"column":30}},"92":{"start":{"line":93,"column":0},"end":{"line":93,"column":41}},"93":{"start":{"line":94,"column":0},"end":{"line":94,"column":27}},"94":{"start":{"line":95,"column":0},"end":{"line":95,"column":20}},"95":{"start":{"line":96,"column":0},"end":{"line":96,"column":34}},"96":{"start":{"line":97,"column":0},"end":{"line":97,"column":28}},"97":{"start":{"line":98,"column":0},"end":{"line":98,"column":38}},"98":{"start":{"line":99,"column":0},"end":{"line":99,"column":47}},"99":{"start":{"line":100,"column":0},"end":{"line":100,"column":43}},"100":{"start":{"line":101,"column":0},"end":{"line":101,"column":6}},"101":{"start":{"line":102,"column":0},"end":{"line":102,"column":35}},"102":{"start":{"line":103,"column":0},"end":{"line":103,"column":25}},"103":{"start":{"line":104,"column":0},"end":{"line":104,"column":37}},"104":{"start":{"line":105,"column":0},"end":{"line":105,"column":12}},"105":{"start":{"line":106,"column":0},"end":{"line":106,"column":74}},"106":{"start":{"line":107,"column":0},"end":{"line":107,"column":5}},"107":{"start":{"line":108,"column":0},"end":{"line":108,"column":3}},"108":{"start":{"line":109,"column":0},"end":{"line":109,"column":0}},"109":{"start":{"line":110,"column":0},"end":{"line":110,"column":44}},"110":{"start":{"line":111,"column":0},"end":{"line":111,"column":27}},"111":{"start":{"line":112,"column":0},"end":{"line":112,"column":53}},"112":{"start":{"line":113,"column":0},"end":{"line":113,"column":42}},"113":{"start":{"line":114,"column":0},"end":{"line":114,"column":6}},"114":{"start":{"line":115,"column":0},"end":{"line":115,"column":0}},"115":{"start":{"line":116,"column":0},"end":{"line":116,"column":30}},"116":{"start":{"line":117,"column":0},"end":{"line":117,"column":69}},"117":{"start":{"line":118,"column":0},"end":{"line":118,"column":5}},"118":{"start":{"line":119,"column":0},"end":{"line":119,"column":0}},"119":{"start":{"line":120,"column":0},"end":{"line":120,"column":20}},"120":{"start":{"line":121,"column":0},"end":{"line":121,"column":39}},"121":{"start":{"line":122,"column":0},"end":{"line":122,"column":43}},"122":{"start":{"line":123,"column":0},"end":{"line":123,"column":68}},"123":{"start":{"line":124,"column":0},"end":{"line":124,"column":68}},"124":{"start":{"line":125,"column":0},"end":{"line":125,"column":14}},"125":{"start":{"line":126,"column":0},"end":{"line":126,"column":40}},"126":{"start":{"line":127,"column":0},"end":{"line":127,"column":44}},"127":{"start":{"line":128,"column":0},"end":{"line":128,"column":56}},"128":{"start":{"line":129,"column":0},"end":{"line":129,"column":12}},"129":{"start":{"line":130,"column":0},"end":{"line":130,"column":38}},"130":{"start":{"line":131,"column":0},"end":{"line":131,"column":42}},"131":{"start":{"line":132,"column":0},"end":{"line":132,"column":54}},"132":{"start":{"line":133,"column":0},"end":{"line":133,"column":6}},"133":{"start":{"line":134,"column":0},"end":{"line":134,"column":0}},"134":{"start":{"line":135,"column":0},"end":{"line":135,"column":25}},"135":{"start":{"line":136,"column":0},"end":{"line":136,"column":50}},"136":{"start":{"line":137,"column":0},"end":{"line":137,"column":12}},"137":{"start":{"line":138,"column":0},"end":{"line":138,"column":76}},"138":{"start":{"line":139,"column":0},"end":{"line":139,"column":5}},"139":{"start":{"line":140,"column":0},"end":{"line":140,"column":3}},"140":{"start":{"line":141,"column":0},"end":{"line":141,"column":0}},"141":{"start":{"line":142,"column":0},"end":{"line":142,"column":47}},"142":{"start":{"line":143,"column":0},"end":{"line":143,"column":27}},"143":{"start":{"line":144,"column":0},"end":{"line":144,"column":51}},"144":{"start":{"line":145,"column":0},"end":{"line":145,"column":49}},"145":{"start":{"line":146,"column":0},"end":{"line":146,"column":42}},"146":{"start":{"line":147,"column":0},"end":{"line":147,"column":6}},"147":{"start":{"line":148,"column":0},"end":{"line":148,"column":0}},"148":{"start":{"line":149,"column":0},"end":{"line":149,"column":53}},"149":{"start":{"line":150,"column":0},"end":{"line":150,"column":69}},"150":{"start":{"line":151,"column":0},"end":{"line":151,"column":5}},"151":{"start":{"line":152,"column":0},"end":{"line":152,"column":0}},"152":{"start":{"line":153,"column":0},"end":{"line":153,"column":25}},"153":{"start":{"line":154,"column":0},"end":{"line":154,"column":63}},"154":{"start":{"line":155,"column":0},"end":{"line":155,"column":12}},"155":{"start":{"line":156,"column":0},"end":{"line":156,"column":76}},"156":{"start":{"line":157,"column":0},"end":{"line":157,"column":5}},"157":{"start":{"line":158,"column":0},"end":{"line":158,"column":3}},"158":{"start":{"line":159,"column":0},"end":{"line":159,"column":0}},"159":{"start":{"line":160,"column":0},"end":{"line":160,"column":25}},"160":{"start":{"line":161,"column":0},"end":{"line":161,"column":36}},"161":{"start":{"line":162,"column":0},"end":{"line":162,"column":27}},"162":{"start":{"line":163,"column":0},"end":{"line":163,"column":19}},"163":{"start":{"line":164,"column":0},"end":{"line":164,"column":34}},"164":{"start":{"line":165,"column":0},"end":{"line":165,"column":28}},"165":{"start":{"line":166,"column":0},"end":{"line":166,"column":55}},"166":{"start":{"line":167,"column":0},"end":{"line":167,"column":45}},"167":{"start":{"line":168,"column":0},"end":{"line":168,"column":79}},"168":{"start":{"line":169,"column":0},"end":{"line":169,"column":36}},"169":{"start":{"line":170,"column":0},"end":{"line":170,"column":6}},"170":{"start":{"line":171,"column":0},"end":{"line":171,"column":23}},"171":{"start":{"line":172,"column":0},"end":{"line":172,"column":25}},"172":{"start":{"line":173,"column":0},"end":{"line":173,"column":36}},"173":{"start":{"line":174,"column":0},"end":{"line":174,"column":12}},"174":{"start":{"line":175,"column":0},"end":{"line":175,"column":62}},"175":{"start":{"line":176,"column":0},"end":{"line":176,"column":5}},"176":{"start":{"line":177,"column":0},"end":{"line":177,"column":3}},"177":{"start":{"line":178,"column":0},"end":{"line":178,"column":0}},"178":{"start":{"line":179,"column":0},"end":{"line":179,"column":39}},"179":{"start":{"line":180,"column":0},"end":{"line":180,"column":27}},"180":{"start":{"line":181,"column":0},"end":{"line":181,"column":70}},"181":{"start":{"line":182,"column":0},"end":{"line":182,"column":0}},"182":{"start":{"line":183,"column":0},"end":{"line":183,"column":25}},"183":{"start":{"line":184,"column":0},"end":{"line":184,"column":64}},"184":{"start":{"line":185,"column":0},"end":{"line":185,"column":5}},"185":{"start":{"line":186,"column":0},"end":{"line":186,"column":0}},"186":{"start":{"line":187,"column":0},"end":{"line":187,"column":23}},"187":{"start":{"line":188,"column":0},"end":{"line":188,"column":27}},"188":{"start":{"line":189,"column":0},"end":{"line":189,"column":52}},"189":{"start":{"line":190,"column":0},"end":{"line":190,"column":18}},"190":{"start":{"line":191,"column":0},"end":{"line":191,"column":44}},"191":{"start":{"line":192,"column":0},"end":{"line":192,"column":48}},"192":{"start":{"line":193,"column":0},"end":{"line":193,"column":44}},"193":{"start":{"line":194,"column":0},"end":{"line":194,"column":13}},"194":{"start":{"line":195,"column":0},"end":{"line":195,"column":39}},"195":{"start":{"line":196,"column":0},"end":{"line":196,"column":43}},"196":{"start":{"line":197,"column":0},"end":{"line":197,"column":39}},"197":{"start":{"line":198,"column":0},"end":{"line":198,"column":67}},"198":{"start":{"line":199,"column":0},"end":{"line":199,"column":64}},"199":{"start":{"line":200,"column":0},"end":{"line":200,"column":6}},"200":{"start":{"line":201,"column":0},"end":{"line":201,"column":0}},"201":{"start":{"line":202,"column":0},"end":{"line":202,"column":25}},"202":{"start":{"line":203,"column":0},"end":{"line":203,"column":34}},"203":{"start":{"line":204,"column":0},"end":{"line":204,"column":12}},"204":{"start":{"line":205,"column":0},"end":{"line":205,"column":64}},"205":{"start":{"line":206,"column":0},"end":{"line":206,"column":5}},"206":{"start":{"line":207,"column":0},"end":{"line":207,"column":3}},"207":{"start":{"line":208,"column":0},"end":{"line":208,"column":0}},"208":{"start":{"line":209,"column":0},"end":{"line":209,"column":42}},"209":{"start":{"line":210,"column":0},"end":{"line":210,"column":27}},"210":{"start":{"line":211,"column":0},"end":{"line":211,"column":40}},"211":{"start":{"line":212,"column":0},"end":{"line":212,"column":60}},"212":{"start":{"line":213,"column":0},"end":{"line":213,"column":0}},"213":{"start":{"line":214,"column":0},"end":{"line":214,"column":42}},"214":{"start":{"line":215,"column":0},"end":{"line":215,"column":64}},"215":{"start":{"line":216,"column":0},"end":{"line":216,"column":5}},"216":{"start":{"line":217,"column":0},"end":{"line":217,"column":0}},"217":{"start":{"line":218,"column":0},"end":{"line":218,"column":25}},"218":{"start":{"line":219,"column":0},"end":{"line":219,"column":58}},"219":{"start":{"line":220,"column":0},"end":{"line":220,"column":12}},"220":{"start":{"line":221,"column":0},"end":{"line":221,"column":64}},"221":{"start":{"line":222,"column":0},"end":{"line":222,"column":5}},"222":{"start":{"line":223,"column":0},"end":{"line":223,"column":3}},"223":{"start":{"line":224,"column":0},"end":{"line":224,"column":0}},"224":{"start":{"line":225,"column":0},"end":{"line":225,"column":38}},"225":{"start":{"line":226,"column":0},"end":{"line":226,"column":70}},"226":{"start":{"line":227,"column":0},"end":{"line":227,"column":0}},"227":{"start":{"line":228,"column":0},"end":{"line":228,"column":74}},"228":{"start":{"line":229,"column":0},"end":{"line":229,"column":36}},"229":{"start":{"line":230,"column":0},"end":{"line":230,"column":9}},"230":{"start":{"line":231,"column":0},"end":{"line":231,"column":80}},"231":{"start":{"line":232,"column":0},"end":{"line":232,"column":22}},"232":{"start":{"line":233,"column":0},"end":{"line":233,"column":29}},"233":{"start":{"line":234,"column":0},"end":{"line":234,"column":134}},"234":{"start":{"line":235,"column":0},"end":{"line":235,"column":90}},"235":{"start":{"line":236,"column":0},"end":{"line":236,"column":52}},"236":{"start":{"line":237,"column":0},"end":{"line":237,"column":14}},"237":{"start":{"line":238,"column":0},"end":{"line":238,"column":31}},"238":{"start":{"line":239,"column":0},"end":{"line":239,"column":11}},"239":{"start":{"line":240,"column":0},"end":{"line":240,"column":69}},"240":{"start":{"line":241,"column":0},"end":{"line":241,"column":65}},"241":{"start":{"line":242,"column":0},"end":{"line":242,"column":68}},"242":{"start":{"line":243,"column":0},"end":{"line":243,"column":65}},"243":{"start":{"line":244,"column":0},"end":{"line":244,"column":0}},"244":{"start":{"line":245,"column":0},"end":{"line":245,"column":46}},"245":{"start":{"line":246,"column":0},"end":{"line":246,"column":37}},"246":{"start":{"line":247,"column":0},"end":{"line":247,"column":65}},"247":{"start":{"line":248,"column":0},"end":{"line":248,"column":13}},"248":{"start":{"line":249,"column":0},"end":{"line":249,"column":26}},"249":{"start":{"line":250,"column":0},"end":{"line":250,"column":33}},"250":{"start":{"line":251,"column":0},"end":{"line":251,"column":138}},"251":{"start":{"line":252,"column":0},"end":{"line":252,"column":35}},"252":{"start":{"line":253,"column":0},"end":{"line":253,"column":18}},"253":{"start":{"line":254,"column":0},"end":{"line":254,"column":14}},"254":{"start":{"line":255,"column":0},"end":{"line":255,"column":10}},"255":{"start":{"line":256,"column":0},"end":{"line":256,"column":26}},"256":{"start":{"line":257,"column":0},"end":{"line":257,"column":48}},"257":{"start":{"line":258,"column":0},"end":{"line":258,"column":40}},"258":{"start":{"line":259,"column":0},"end":{"line":259,"column":45}},"259":{"start":{"line":260,"column":0},"end":{"line":260,"column":72}},"260":{"start":{"line":261,"column":0},"end":{"line":261,"column":24}},"261":{"start":{"line":262,"column":0},"end":{"line":262,"column":9}},"262":{"start":{"line":263,"column":0},"end":{"line":263,"column":17}},"263":{"start":{"line":264,"column":0},"end":{"line":264,"column":64}},"264":{"start":{"line":265,"column":0},"end":{"line":265,"column":5}},"265":{"start":{"line":266,"column":0},"end":{"line":266,"column":17}},"266":{"start":{"line":267,"column":0},"end":{"line":267,"column":1}},"267":{"start":{"line":268,"column":0},"end":{"line":268,"column":0}},"268":{"start":{"line":269,"column":0},"end":{"line":269,"column":71}},"269":{"start":{"line":270,"column":0},"end":{"line":270,"column":44}},"270":{"start":{"line":271,"column":0},"end":{"line":271,"column":41}},"271":{"start":{"line":272,"column":0},"end":{"line":272,"column":41}},"272":{"start":{"line":273,"column":0},"end":{"line":273,"column":0}},"273":{"start":{"line":274,"column":0},"end":{"line":274,"column":87}},"274":{"start":{"line":275,"column":0},"end":{"line":275,"column":33}},"275":{"start":{"line":276,"column":0},"end":{"line":276,"column":19}},"276":{"start":{"line":277,"column":0},"end":{"line":277,"column":50}},"277":{"start":{"line":278,"column":0},"end":{"line":278,"column":16}},"278":{"start":{"line":279,"column":0},"end":{"line":279,"column":18}},"279":{"start":{"line":280,"column":0},"end":{"line":280,"column":31}},"280":{"start":{"line":281,"column":0},"end":{"line":281,"column":34}},"281":{"start":{"line":282,"column":0},"end":{"line":282,"column":79}},"282":{"start":{"line":283,"column":0},"end":{"line":283,"column":10}},"283":{"start":{"line":284,"column":0},"end":{"line":284,"column":0}},"284":{"start":{"line":285,"column":0},"end":{"line":285,"column":53}},"285":{"start":{"line":286,"column":0},"end":{"line":286,"column":0}},"286":{"start":{"line":287,"column":0},"end":{"line":287,"column":51}},"287":{"start":{"line":288,"column":0},"end":{"line":288,"column":27}},"288":{"start":{"line":289,"column":0},"end":{"line":289,"column":0}},"289":{"start":{"line":290,"column":0},"end":{"line":290,"column":50}},"290":{"start":{"line":291,"column":0},"end":{"line":291,"column":47}},"291":{"start":{"line":292,"column":0},"end":{"line":292,"column":47}},"292":{"start":{"line":293,"column":0},"end":{"line":293,"column":53}},"293":{"start":{"line":294,"column":0},"end":{"line":294,"column":10}},"294":{"start":{"line":295,"column":0},"end":{"line":295,"column":25}},"295":{"start":{"line":296,"column":0},"end":{"line":296,"column":24}},"296":{"start":{"line":297,"column":0},"end":{"line":297,"column":81}},"297":{"start":{"line":298,"column":0},"end":{"line":298,"column":14}},"298":{"start":{"line":299,"column":0},"end":{"line":299,"column":46}},"299":{"start":{"line":300,"column":0},"end":{"line":300,"column":9}},"300":{"start":{"line":301,"column":0},"end":{"line":301,"column":5}},"301":{"start":{"line":302,"column":0},"end":{"line":302,"column":0}},"302":{"start":{"line":303,"column":0},"end":{"line":303,"column":56}},"303":{"start":{"line":304,"column":0},"end":{"line":304,"column":29}},"304":{"start":{"line":305,"column":0},"end":{"line":305,"column":34}},"305":{"start":{"line":306,"column":0},"end":{"line":306,"column":5}},"306":{"start":{"line":307,"column":0},"end":{"line":307,"column":0}},"307":{"start":{"line":308,"column":0},"end":{"line":308,"column":25}},"308":{"start":{"line":309,"column":0},"end":{"line":309,"column":21}},"309":{"start":{"line":310,"column":0},"end":{"line":310,"column":126}},"310":{"start":{"line":311,"column":0},"end":{"line":311,"column":35}},"311":{"start":{"line":312,"column":0},"end":{"line":312,"column":44}},"312":{"start":{"line":313,"column":0},"end":{"line":313,"column":35}},"313":{"start":{"line":314,"column":0},"end":{"line":314,"column":6}},"314":{"start":{"line":315,"column":0},"end":{"line":315,"column":0}},"315":{"start":{"line":316,"column":0},"end":{"line":316,"column":61}},"316":{"start":{"line":317,"column":0},"end":{"line":317,"column":40}},"317":{"start":{"line":318,"column":0},"end":{"line":318,"column":59}},"318":{"start":{"line":319,"column":0},"end":{"line":319,"column":13}},"319":{"start":{"line":320,"column":0},"end":{"line":320,"column":0}},"320":{"start":{"line":321,"column":0},"end":{"line":321,"column":23}},"321":{"start":{"line":322,"column":0},"end":{"line":322,"column":89}},"322":{"start":{"line":323,"column":0},"end":{"line":323,"column":76}},"323":{"start":{"line":324,"column":0},"end":{"line":324,"column":142}},"324":{"start":{"line":325,"column":0},"end":{"line":325,"column":6}},"325":{"start":{"line":326,"column":0},"end":{"line":326,"column":0}},"326":{"start":{"line":327,"column":0},"end":{"line":327,"column":34}},"327":{"start":{"line":328,"column":0},"end":{"line":328,"column":13}},"328":{"start":{"line":329,"column":0},"end":{"line":329,"column":72}},"329":{"start":{"line":330,"column":0},"end":{"line":330,"column":30}},"330":{"start":{"line":331,"column":0},"end":{"line":331,"column":51}},"331":{"start":{"line":332,"column":0},"end":{"line":332,"column":30}},"332":{"start":{"line":333,"column":0},"end":{"line":333,"column":76}},"333":{"start":{"line":334,"column":0},"end":{"line":334,"column":40}},"334":{"start":{"line":335,"column":0},"end":{"line":335,"column":43}},"335":{"start":{"line":336,"column":0},"end":{"line":336,"column":54}},"336":{"start":{"line":337,"column":0},"end":{"line":337,"column":56}},"337":{"start":{"line":338,"column":0},"end":{"line":338,"column":77}},"338":{"start":{"line":339,"column":0},"end":{"line":339,"column":26}},"339":{"start":{"line":340,"column":0},"end":{"line":340,"column":23}},"340":{"start":{"line":341,"column":0},"end":{"line":341,"column":48}},"341":{"start":{"line":342,"column":0},"end":{"line":342,"column":79}},"342":{"start":{"line":343,"column":0},"end":{"line":343,"column":54}},"343":{"start":{"line":344,"column":0},"end":{"line":344,"column":17}},"344":{"start":{"line":345,"column":0},"end":{"line":345,"column":76}},"345":{"start":{"line":346,"column":0},"end":{"line":346,"column":60}},"346":{"start":{"line":347,"column":0},"end":{"line":347,"column":29}},"347":{"start":{"line":348,"column":0},"end":{"line":348,"column":82}},"348":{"start":{"line":349,"column":0},"end":{"line":349,"column":18}},"349":{"start":{"line":350,"column":0},"end":{"line":350,"column":42}},"350":{"start":{"line":351,"column":0},"end":{"line":351,"column":20}},"351":{"start":{"line":352,"column":0},"end":{"line":352,"column":77}},"352":{"start":{"line":353,"column":0},"end":{"line":353,"column":13}},"353":{"start":{"line":354,"column":0},"end":{"line":354,"column":23}},"354":{"start":{"line":355,"column":0},"end":{"line":355,"column":63}},"355":{"start":{"line":356,"column":0},"end":{"line":356,"column":9}},"356":{"start":{"line":357,"column":0},"end":{"line":357,"column":5}},"357":{"start":{"line":358,"column":0},"end":{"line":358,"column":0}},"358":{"start":{"line":359,"column":0},"end":{"line":359,"column":17}},"359":{"start":{"line":360,"column":0},"end":{"line":360,"column":112}},"360":{"start":{"line":361,"column":0},"end":{"line":361,"column":6}},"361":{"start":{"line":362,"column":0},"end":{"line":362,"column":31}},"362":{"start":{"line":363,"column":0},"end":{"line":363,"column":3}},"363":{"start":{"line":364,"column":0},"end":{"line":364,"column":0}},"364":{"start":{"line":365,"column":0},"end":{"line":365,"column":30}},"365":{"start":{"line":366,"column":0},"end":{"line":366,"column":28}},"366":{"start":{"line":367,"column":0},"end":{"line":367,"column":20}},"367":{"start":{"line":368,"column":0},"end":{"line":368,"column":73}},"368":{"start":{"line":369,"column":0},"end":{"line":369,"column":10}},"369":{"start":{"line":370,"column":0},"end":{"line":370,"column":42}},"370":{"start":{"line":371,"column":0},"end":{"line":371,"column":44}},"371":{"start":{"line":372,"column":0},"end":{"line":372,"column":7}},"372":{"start":{"line":373,"column":0},"end":{"line":373,"column":1}},"373":{"start":{"line":374,"column":0},"end":{"line":374,"column":0}},"374":{"start":{"line":375,"column":0},"end":{"line":375,"column":21}}},"s":{"0":1,"1":1,"2":1,"3":1,"4":1,"5":1,"6":1,"7":1,"8":1,"9":1,"10":1,"11":1,"12":1,"13":2,"14":2,"15":2,"16":2,"17":2,"18":2,"19":2,"20":2,"21":2,"22":2,"23":2,"24":2,"25":2,"26":2,"27":2,"28":2,"29":2,"30":2,"31":2,"32":2,"33":2,"34":2,"35":2,"36":2,"37":2,"38":2,"39":2,"40":2,"41":2,"42":2,"43":2,"44":1,"45":1,"46":1,"47":1,"48":86,"49":86,"50":86,"51":86,"52":86,"53":0,"54":0,"55":0,"56":0,"57":0,"58":0,"59":86,"60":1,"61":1,"62":64,"63":64,"64":64,"65":64,"66":64,"67":0,"68":0,"69":0,"70":64,"71":1,"72":1,"73":1,"74":1,"75":1,"76":1,"77":1,"78":23,"79":1,"80":1,"81":1,"82":1,"83":5,"84":5,"85":5,"86":5,"87":0,"88":0,"89":1,"90":1,"91":1,"92":1,"93":24,"94":24,"95":24,"96":24,"97":24,"98":24,"99":24,"100":24,"101":24,"102":24,"103":24,"104":24,"105":0,"106":0,"107":1,"108":1,"109":1,"110":5,"111":5,"112":5,"113":5,"114":5,"115":5,"116":1,"117":1,"118":4,"119":4,"120":4,"121":4,"122":5,"123":5,"124":5,"125":5,"126":5,"127":5,"128":5,"129":5,"130":5,"131":5,"132":5,"133":5,"134":5,"135":4,"136":5,"137":0,"138":0,"139":1,"140":1,"141":1,"142":5,"143":5,"144":5,"145":5,"146":5,"147":5,"148":5,"149":1,"150":1,"151":4,"152":4,"153":4,"154":5,"155":0,"156":0,"157":1,"158":1,"159":1,"160":1,"161":20,"162":20,"163":20,"164":20,"165":20,"166":20,"167":20,"168":20,"169":20,"170":20,"171":20,"172":20,"173":20,"174":0,"175":0,"176":1,"177":1,"178":1,"179":5,"180":5,"181":5,"182":5,"183":1,"184":1,"185":4,"186":4,"187":4,"188":5,"189":5,"190":5,"191":5,"192":5,"193":5,"194":5,"195":5,"196":5,"197":5,"198":5,"199":5,"200":5,"201":5,"202":4,"203":5,"204":0,"205":0,"206":1,"207":1,"208":1,"209":4,"210":4,"211":4,"212":4,"213":4,"214":1,"215":1,"216":3,"217":3,"218":3,"219":4,"220":0,"221":0,"222":1,"223":1,"224":1,"225":1,"226":1,"227":1,"228":3,"229":3,"230":3,"231":3,"232":3,"233":3,"234":3,"235":3,"236":3,"237":3,"238":3,"239":3,"240":3,"241":3,"242":3,"243":3,"244":3,"245":3,"246":3,"247":3,"248":3,"249":3,"250":3,"251":3,"252":3,"253":3,"254":3,"255":0,"256":0,"257":0,"258":0,"259":0,"260":0,"261":0,"262":3,"263":3,"264":3,"265":3,"266":3,"267":1,"268":1,"269":1,"270":5,"271":5,"272":4,"273":4,"274":4,"275":4,"276":4,"277":4,"278":4,"279":10,"280":10,"281":4,"282":4,"283":4,"284":5,"285":1,"286":1,"287":1,"288":1,"289":1,"290":5,"291":0,"292":0,"293":0,"294":0,"295":0,"296":0,"297":0,"298":0,"299":0,"300":0,"301":1,"302":1,"303":1,"304":1,"305":1,"306":1,"307":1,"308":1,"309":1,"310":1,"311":1,"312":1,"313":1,"314":1,"315":1,"316":1,"317":5,"318":5,"319":5,"320":5,"321":5,"322":5,"323":5,"324":5,"325":5,"326":5,"327":3,"328":3,"329":3,"330":0,"331":0,"332":0,"333":0,"334":0,"335":0,"336":0,"337":0,"338":0,"339":0,"340":0,"341":0,"342":0,"343":0,"344":3,"345":2,"346":2,"347":2,"348":2,"349":2,"350":3,"351":1,"352":1,"353":3,"354":0,"355":0,"356":3,"357":1,"358":1,"359":1,"360":1,"361":1,"362":1,"363":1,"364":1,"365":0,"366":0,"367":0,"368":0,"369":0,"370":0,"371":0,"372":0,"373":1,"374":1},"branchMap":{"0":{"type":"branch","line":8,"loc":{"start":{"line":8,"column":41},"end":{"line":8,"column":74}},"locations":[{"start":{"line":8,"column":41},"end":{"line":8,"column":74}}]},"1":{"type":"branch","line":365,"loc":{"start":{"line":365,"column":29},"end":{"line":373,"column":1}},"locations":[{"start":{"line":365,"column":29},"end":{"line":373,"column":1}}]},"2":{"type":"branch","line":14,"loc":{"start":{"line":14,"column":0},"end":{"line":44,"column":1}},"locations":[{"start":{"line":14,"column":0},"end":{"line":44,"column":1}}]},"3":{"type":"branch","line":49,"loc":{"start":{"line":49,"column":0},"end":{"line":60,"column":1}},"locations":[{"start":{"line":49,"column":0},"end":{"line":60,"column":1}}]},"4":{"type":"branch","line":53,"loc":{"start":{"line":53,"column":6},"end":{"line":59,"column":5}},"locations":[{"start":{"line":53,"column":6},"end":{"line":59,"column":5}}]},"5":{"type":"branch","line":63,"loc":{"start":{"line":63,"column":0},"end":{"line":71,"column":1}},"locations":[{"start":{"line":63,"column":0},"end":{"line":71,"column":1}}]},"6":{"type":"branch","line":67,"loc":{"start":{"line":67,"column":6},"end":{"line":70,"column":5}},"locations":[{"start":{"line":67,"column":6},"end":{"line":70,"column":5}}]},"7":{"type":"branch","line":78,"loc":{"start":{"line":78,"column":22},"end":{"line":80,"column":2}},"locations":[{"start":{"line":78,"column":22},"end":{"line":80,"column":2}}]},"8":{"type":"branch","line":83,"loc":{"start":{"line":83,"column":23},"end":{"line":90,"column":2}},"locations":[{"start":{"line":83,"column":23},"end":{"line":90,"column":2}}]},"9":{"type":"branch","line":87,"loc":{"start":{"line":87,"column":5},"end":{"line":89,"column":5}},"locations":[{"start":{"line":87,"column":5},"end":{"line":89,"column":5}}]},"10":{"type":"branch","line":93,"loc":{"start":{"line":93,"column":26},"end":{"line":108,"column":2}},"locations":[{"start":{"line":93,"column":26},"end":{"line":108,"column":2}}]},"11":{"type":"branch","line":98,"loc":{"start":{"line":98,"column":28},"end":{"line":98,"column":37}},"locations":[{"start":{"line":98,"column":28},"end":{"line":98,"column":37}}]},"12":{"type":"branch","line":99,"loc":{"start":{"line":99,"column":42},"end":{"line":99,"column":46}},"locations":[{"start":{"line":99,"column":42},"end":{"line":99,"column":46}}]},"13":{"type":"branch","line":100,"loc":{"start":{"line":100,"column":38},"end":{"line":100,"column":42}},"locations":[{"start":{"line":100,"column":38},"end":{"line":100,"column":42}}]},"14":{"type":"branch","line":105,"loc":{"start":{"line":105,"column":5},"end":{"line":107,"column":5}},"locations":[{"start":{"line":105,"column":5},"end":{"line":107,"column":5}}]},"15":{"type":"branch","line":110,"loc":{"start":{"line":110,"column":29},"end":{"line":140,"column":2}},"locations":[{"start":{"line":110,"column":29},"end":{"line":140,"column":2}}]},"16":{"type":"branch","line":116,"loc":{"start":{"line":116,"column":29},"end":{"line":118,"column":5}},"locations":[{"start":{"line":116,"column":29},"end":{"line":118,"column":5}}]},"17":{"type":"branch","line":119,"loc":{"start":{"line":119,"column":-2},"end":{"line":123,"column":28}},"locations":[{"start":{"line":119,"column":-2},"end":{"line":123,"column":28}}]},"18":{"type":"branch","line":123,"loc":{"start":{"line":123,"column":28},"end":{"line":123,"column":67}},"locations":[{"start":{"line":123,"column":28},"end":{"line":123,"column":67}}]},"19":{"type":"branch","line":124,"loc":{"start":{"line":124,"column":28},"end":{"line":124,"column":67}},"locations":[{"start":{"line":124,"column":28},"end":{"line":124,"column":67}}]},"20":{"type":"branch","line":127,"loc":{"start":{"line":127,"column":16},"end":{"line":127,"column":44}},"locations":[{"start":{"line":127,"column":16},"end":{"line":127,"column":44}}]},"21":{"type":"branch","line":128,"loc":{"start":{"line":128,"column":16},"end":{"line":128,"column":55}},"locations":[{"start":{"line":128,"column":16},"end":{"line":128,"column":55}}]},"22":{"type":"branch","line":131,"loc":{"start":{"line":131,"column":16},"end":{"line":131,"column":42}},"locations":[{"start":{"line":131,"column":16},"end":{"line":131,"column":42}}]},"23":{"type":"branch","line":132,"loc":{"start":{"line":132,"column":16},"end":{"line":132,"column":53}},"locations":[{"start":{"line":132,"column":16},"end":{"line":132,"column":53}}]},"24":{"type":"branch","line":135,"loc":{"start":{"line":135,"column":24},"end":{"line":137,"column":5}},"locations":[{"start":{"line":135,"column":24},"end":{"line":137,"column":5}}]},"25":{"type":"branch","line":137,"loc":{"start":{"line":137,"column":5},"end":{"line":139,"column":5}},"locations":[{"start":{"line":137,"column":5},"end":{"line":139,"column":5}}]},"26":{"type":"branch","line":113,"loc":{"start":{"line":113,"column":8},"end":{"line":113,"column":41}},"locations":[{"start":{"line":113,"column":8},"end":{"line":113,"column":41}}]},"27":{"type":"branch","line":142,"loc":{"start":{"line":142,"column":32},"end":{"line":158,"column":2}},"locations":[{"start":{"line":142,"column":32},"end":{"line":158,"column":2}}]},"28":{"type":"branch","line":149,"loc":{"start":{"line":149,"column":52},"end":{"line":151,"column":5}},"locations":[{"start":{"line":149,"column":52},"end":{"line":151,"column":5}}]},"29":{"type":"branch","line":152,"loc":{"start":{"line":152,"column":-2},"end":{"line":155,"column":5}},"locations":[{"start":{"line":152,"column":-2},"end":{"line":155,"column":5}}]},"30":{"type":"branch","line":155,"loc":{"start":{"line":155,"column":5},"end":{"line":157,"column":5}},"locations":[{"start":{"line":155,"column":5},"end":{"line":157,"column":5}}]},"31":{"type":"branch","line":146,"loc":{"start":{"line":146,"column":8},"end":{"line":146,"column":41}},"locations":[{"start":{"line":146,"column":8},"end":{"line":146,"column":41}}]},"32":{"type":"branch","line":161,"loc":{"start":{"line":161,"column":21},"end":{"line":177,"column":2}},"locations":[{"start":{"line":161,"column":21},"end":{"line":177,"column":2}}]},"33":{"type":"branch","line":166,"loc":{"start":{"line":166,"column":50},"end":{"line":166,"column":54}},"locations":[{"start":{"line":166,"column":50},"end":{"line":166,"column":54}}]},"34":{"type":"branch","line":167,"loc":{"start":{"line":167,"column":40},"end":{"line":167,"column":44}},"locations":[{"start":{"line":167,"column":40},"end":{"line":167,"column":44}}]},"35":{"type":"branch","line":168,"loc":{"start":{"line":168,"column":38},"end":{"line":168,"column":78}},"locations":[{"start":{"line":168,"column":38},"end":{"line":168,"column":78}}]},"36":{"type":"branch","line":174,"loc":{"start":{"line":174,"column":5},"end":{"line":176,"column":5}},"locations":[{"start":{"line":174,"column":5},"end":{"line":176,"column":5}}]},"37":{"type":"branch","line":179,"loc":{"start":{"line":179,"column":24},"end":{"line":207,"column":2}},"locations":[{"start":{"line":179,"column":24},"end":{"line":207,"column":2}}]},"38":{"type":"branch","line":183,"loc":{"start":{"line":183,"column":24},"end":{"line":185,"column":5}},"locations":[{"start":{"line":183,"column":24},"end":{"line":185,"column":5}}]},"39":{"type":"branch","line":186,"loc":{"start":{"line":186,"column":-2},"end":{"line":189,"column":28}},"locations":[{"start":{"line":186,"column":-2},"end":{"line":189,"column":28}}]},"40":{"type":"branch","line":189,"loc":{"start":{"line":189,"column":28},"end":{"line":189,"column":51}},"locations":[{"start":{"line":189,"column":28},"end":{"line":189,"column":51}}]},"41":{"type":"branch","line":192,"loc":{"start":{"line":192,"column":16},"end":{"line":192,"column":48}},"locations":[{"start":{"line":192,"column":16},"end":{"line":192,"column":48}}]},"42":{"type":"branch","line":193,"loc":{"start":{"line":193,"column":16},"end":{"line":193,"column":43}},"locations":[{"start":{"line":193,"column":16},"end":{"line":193,"column":43}}]},"43":{"type":"branch","line":196,"loc":{"start":{"line":196,"column":16},"end":{"line":196,"column":43}},"locations":[{"start":{"line":196,"column":16},"end":{"line":196,"column":43}}]},"44":{"type":"branch","line":197,"loc":{"start":{"line":197,"column":16},"end":{"line":197,"column":38}},"locations":[{"start":{"line":197,"column":16},"end":{"line":197,"column":38}}]},"45":{"type":"branch","line":198,"loc":{"start":{"line":198,"column":38},"end":{"line":198,"column":66}},"locations":[{"start":{"line":198,"column":38},"end":{"line":198,"column":66}}]},"46":{"type":"branch","line":199,"loc":{"start":{"line":199,"column":36},"end":{"line":199,"column":63}},"locations":[{"start":{"line":199,"column":36},"end":{"line":199,"column":63}}]},"47":{"type":"branch","line":202,"loc":{"start":{"line":202,"column":24},"end":{"line":204,"column":5}},"locations":[{"start":{"line":202,"column":24},"end":{"line":204,"column":5}}]},"48":{"type":"branch","line":204,"loc":{"start":{"line":204,"column":5},"end":{"line":206,"column":5}},"locations":[{"start":{"line":204,"column":5},"end":{"line":206,"column":5}}]},"49":{"type":"branch","line":181,"loc":{"start":{"line":181,"column":37},"end":{"line":181,"column":68}},"locations":[{"start":{"line":181,"column":37},"end":{"line":181,"column":68}}]},"50":{"type":"branch","line":209,"loc":{"start":{"line":209,"column":27},"end":{"line":223,"column":2}},"locations":[{"start":{"line":209,"column":27},"end":{"line":223,"column":2}}]},"51":{"type":"branch","line":214,"loc":{"start":{"line":214,"column":41},"end":{"line":216,"column":5}},"locations":[{"start":{"line":214,"column":41},"end":{"line":216,"column":5}}]},"52":{"type":"branch","line":217,"loc":{"start":{"line":217,"column":-2},"end":{"line":220,"column":5}},"locations":[{"start":{"line":217,"column":-2},"end":{"line":220,"column":5}}]},"53":{"type":"branch","line":220,"loc":{"start":{"line":220,"column":5},"end":{"line":222,"column":5}},"locations":[{"start":{"line":220,"column":5},"end":{"line":222,"column":5}}]},"54":{"type":"branch","line":212,"loc":{"start":{"line":212,"column":27},"end":{"line":212,"column":58}},"locations":[{"start":{"line":212,"column":27},"end":{"line":212,"column":58}}]},"55":{"type":"branch","line":229,"loc":{"start":{"line":229,"column":0},"end":{"line":267,"column":1}},"locations":[{"start":{"line":229,"column":0},"end":{"line":267,"column":1}}]},"56":{"type":"branch","line":240,"loc":{"start":{"line":240,"column":-2},"end":{"line":240,"column":68}},"locations":[{"start":{"line":240,"column":-2},"end":{"line":240,"column":68}}]},"57":{"type":"branch","line":243,"loc":{"start":{"line":243,"column":35},"end":{"line":243,"column":59}},"locations":[{"start":{"line":243,"column":35},"end":{"line":243,"column":59}}]},"58":{"type":"branch","line":243,"loc":{"start":{"line":243,"column":60},"end":{"line":243,"column":64}},"locations":[{"start":{"line":243,"column":60},"end":{"line":243,"column":64}}]},"59":{"type":"branch","line":256,"loc":{"start":{"line":256,"column":-2},"end":{"line":262,"column":9}},"locations":[{"start":{"line":256,"column":-2},"end":{"line":262,"column":9}}]},"60":{"type":"branch","line":270,"loc":{"start":{"line":270,"column":23},"end":{"line":363,"column":2}},"locations":[{"start":{"line":270,"column":23},"end":{"line":363,"column":2}}]},"61":{"type":"branch","line":272,"loc":{"start":{"line":272,"column":21},"end":{"line":272,"column":41}},"locations":[{"start":{"line":272,"column":21},"end":{"line":272,"column":41}}]},"62":{"type":"branch","line":273,"loc":{"start":{"line":273,"column":-2},"end":{"line":285,"column":33}},"locations":[{"start":{"line":273,"column":-2},"end":{"line":285,"column":33}}]},"63":{"type":"branch","line":285,"loc":{"start":{"line":285,"column":33},"end":{"line":285,"column":53}},"locations":[{"start":{"line":285,"column":33},"end":{"line":285,"column":53}}]},"64":{"type":"branch","line":286,"loc":{"start":{"line":286,"column":-2},"end":{"line":291,"column":46}},"locations":[{"start":{"line":286,"column":-2},"end":{"line":291,"column":46}}]},"65":{"type":"branch","line":291,"loc":{"start":{"line":291,"column":46},"end":{"line":301,"column":5}},"locations":[{"start":{"line":291,"column":46},"end":{"line":301,"column":5}}]},"66":{"type":"branch","line":302,"loc":{"start":{"line":302,"column":-2},"end":{"line":318,"column":8}},"locations":[{"start":{"line":302,"column":-2},"end":{"line":318,"column":8}}]},"67":{"type":"branch","line":318,"loc":{"start":{"line":318,"column":8},"end":{"line":318,"column":59}},"locations":[{"start":{"line":318,"column":8},"end":{"line":318,"column":59}}]},"68":{"type":"branch","line":319,"loc":{"start":{"line":319,"column":8},"end":{"line":319,"column":12}},"locations":[{"start":{"line":319,"column":8},"end":{"line":319,"column":12}}]},"69":{"type":"branch","line":327,"loc":{"start":{"line":327,"column":33},"end":{"line":357,"column":5}},"locations":[{"start":{"line":327,"column":33},"end":{"line":357,"column":5}}]},"70":{"type":"branch","line":330,"loc":{"start":{"line":330,"column":29},"end":{"line":345,"column":13}},"locations":[{"start":{"line":330,"column":29},"end":{"line":345,"column":13}}]},"71":{"type":"branch","line":345,"loc":{"start":{"line":345,"column":47},"end":{"line":345,"column":73}},"locations":[{"start":{"line":345,"column":47},"end":{"line":345,"column":73}}]},"72":{"type":"branch","line":345,"loc":{"start":{"line":345,"column":75},"end":{"line":351,"column":13}},"locations":[{"start":{"line":345,"column":75},"end":{"line":351,"column":13}}]},"73":{"type":"branch","line":351,"loc":{"start":{"line":351,"column":13},"end":{"line":353,"column":13}},"locations":[{"start":{"line":351,"column":13},"end":{"line":353,"column":13}}]},"74":{"type":"branch","line":354,"loc":{"start":{"line":354,"column":10},"end":{"line":356,"column":9}},"locations":[{"start":{"line":354,"column":10},"end":{"line":356,"column":9}}]},"75":{"type":"branch","line":358,"loc":{"start":{"line":358,"column":-2},"end":{"line":363,"column":2}},"locations":[{"start":{"line":358,"column":-2},"end":{"line":363,"column":2}}]},"76":{"type":"branch","line":277,"loc":{"start":{"line":277,"column":13},"end":{"line":277,"column":49}},"locations":[{"start":{"line":277,"column":13},"end":{"line":277,"column":49}}]},"77":{"type":"branch","line":279,"loc":{"start":{"line":279,"column":12},"end":{"line":282,"column":78}},"locations":[{"start":{"line":279,"column":12},"end":{"line":282,"column":78}}]},"78":{"type":"branch","line":280,"loc":{"start":{"line":280,"column":29},"end":{"line":281,"column":31}},"locations":[{"start":{"line":280,"column":29},"end":{"line":281,"column":31}}]},"79":{"type":"branch","line":281,"loc":{"start":{"line":281,"column":32},"end":{"line":282,"column":78}},"locations":[{"start":{"line":281,"column":32},"end":{"line":282,"column":78}}]}},"b":{"0":[0],"1":[0],"2":[2],"3":[86],"4":[0],"5":[64],"6":[0],"7":[23],"8":[5],"9":[0],"10":[24],"11":[3],"12":[1],"13":[18],"14":[0],"15":[5],"16":[1],"17":[4],"18":[3],"19":[4],"20":[3],"21":[1],"22":[1],"23":[3],"24":[4],"25":[0],"26":[5],"27":[5],"28":[1],"29":[4],"30":[0],"31":[6],"32":[20],"33":[0],"34":[0],"35":[19],"36":[0],"37":[5],"38":[1],"39":[4],"40":[3],"41":[2],"42":[2],"43":[1],"44":[3],"45":[4],"46":[3],"47":[4],"48":[0],"49":[5],"50":[4],"51":[1],"52":[3],"53":[0],"54":[4],"55":[3],"56":[0],"57":[0],"58":[0],"59":[0],"60":[5],"61":[1],"62":[4],"63":[3],"64":[1],"65":[0],"66":[1],"67":[0],"68":[1],"69":[3],"70":[0],"71":[1],"72":[2],"73":[1],"74":[0],"75":[1],"76":[10],"77":[10],"78":[6],"79":[5]},"fnMap":{"0":{"name":"initDatabase","decl":{"start":{"line":14,"column":0},"end":{"line":44,"column":1}},"loc":{"start":{"line":14,"column":0},"end":{"line":44,"column":1}},"line":14},"1":{"name":"readState","decl":{"start":{"line":49,"column":0},"end":{"line":60,"column":1}},"loc":{"start":{"line":49,"column":0},"end":{"line":60,"column":1}},"line":49},"2":{"name":"writeState","decl":{"start":{"line":63,"column":0},"end":{"line":71,"column":1}},"loc":{"start":{"line":63,"column":0},"end":{"line":71,"column":1}},"line":63},"3":{"name":"refreshYahooCrumb","decl":{"start":{"line":229,"column":0},"end":{"line":267,"column":1}},"loc":{"start":{"line":229,"column":0},"end":{"line":267,"column":1}},"line":229}},"f":{"0":2,"1":86,"2":64,"3":3}}
,"/app/app/lib/finance-core.js": {"path":"/app/app/lib/finance-core.js","all":false,"statementMap":{"0":{"start":{"line":1,"column":0},"end":{"line":1,"column":13}},"1":{"start":{"line":2,"column":0},"end":{"line":2,"column":0}},"2":{"start":{"line":3,"column":0},"end":{"line":3,"column":72}},"3":{"start":{"line":4,"column":0},"end":{"line":4,"column":27}},"4":{"start":{"line":5,"column":0},"end":{"line":5,"column":13}},"5":{"start":{"line":6,"column":0},"end":{"line":6,"column":14}},"6":{"start":{"line":7,"column":0},"end":{"line":7,"column":14}},"7":{"start":{"line":8,"column":0},"end":{"line":8,"column":14}},"8":{"start":{"line":9,"column":0},"end":{"line":9,"column":15}},"9":{"start":{"line":10,"column":0},"end":{"line":10,"column":15}},"10":{"start":{"line":11,"column":0},"end":{"line":11,"column":15}},"11":{"start":{"line":12,"column":0},"end":{"line":12,"column":15}},"12":{"start":{"line":13,"column":0},"end":{"line":13,"column":15}},"13":{"start":{"line":14,"column":0},"end":{"line":14,"column":15}},"14":{"start":{"line":15,"column":0},"end":{"line":15,"column":15}},"15":{"start":{"line":16,"column":0},"end":{"line":16,"column":2}},"16":{"start":{"line":17,"column":0},"end":{"line":17,"column":0}},"17":{"start":{"line":18,"column":0},"end":{"line":18,"column":30}},"18":{"start":{"line":19,"column":0},"end":{"line":19,"column":28}},"19":{"start":{"line":20,"column":0},"end":{"line":20,"column":35}},"20":{"start":{"line":21,"column":0},"end":{"line":21,"column":43}},"21":{"start":{"line":22,"column":0},"end":{"line":22,"column":26}},"22":{"start":{"line":23,"column":0},"end":{"line":23,"column":24}},"23":{"start":{"line":24,"column":0},"end":{"line":24,"column":33}},"24":{"start":{"line":25,"column":0},"end":{"line":25,"column":19}},"25":{"start":{"line":26,"column":0},"end":{"line":26,"column":1}},"26":{"start":{"line":27,"column":0},"end":{"line":27,"column":0}},"27":{"start":{"line":28,"column":0},"end":{"line":28,"column":30}},"28":{"start":{"line":29,"column":0},"end":{"line":29,"column":25}},"29":{"start":{"line":30,"column":0},"end":{"line":30,"column":0}},"30":{"start":{"line":31,"column":0},"end":{"line":31,"column":58}},"31":{"start":{"line":32,"column":0},"end":{"line":32,"column":52}},"32":{"start":{"line":33,"column":0},"end":{"line":33,"column":30}},"33":{"start":{"line":34,"column":0},"end":{"line":34,"column":44}},"34":{"start":{"line":35,"column":0},"end":{"line":35,"column":40}},"35":{"start":{"line":36,"column":0},"end":{"line":36,"column":50}},"36":{"start":{"line":37,"column":0},"end":{"line":37,"column":50}},"37":{"start":{"line":38,"column":0},"end":{"line":38,"column":0}},"38":{"start":{"line":39,"column":0},"end":{"line":39,"column":34}},"39":{"start":{"line":40,"column":0},"end":{"line":40,"column":55}},"40":{"start":{"line":41,"column":0},"end":{"line":41,"column":33}},"41":{"start":{"line":42,"column":0},"end":{"line":42,"column":35}},"42":{"start":{"line":43,"column":0},"end":{"line":43,"column":33}},"43":{"start":{"line":44,"column":0},"end":{"line":44,"column":38}},"44":{"start":{"line":45,"column":0},"end":{"line":45,"column":47}},"45":{"start":{"line":46,"column":0},"end":{"line":46,"column":48}},"46":{"start":{"line":47,"column":0},"end":{"line":47,"column":50}},"47":{"start":{"line":48,"column":0},"end":{"line":48,"column":46}},"48":{"start":{"line":49,"column":0},"end":{"line":49,"column":52}},"49":{"start":{"line":50,"column":0},"end":{"line":50,"column":35}},"50":{"start":{"line":51,"column":0},"end":{"line":51,"column":7}},"51":{"start":{"line":52,"column":0},"end":{"line":52,"column":0}},"52":{"start":{"line":53,"column":0},"end":{"line":53,"column":37}},"53":{"start":{"line":54,"column":0},"end":{"line":54,"column":48}},"54":{"start":{"line":55,"column":0},"end":{"line":55,"column":52}},"55":{"start":{"line":56,"column":0},"end":{"line":56,"column":56}},"56":{"start":{"line":57,"column":0},"end":{"line":57,"column":54}},"57":{"start":{"line":58,"column":0},"end":{"line":58,"column":47}},"58":{"start":{"line":59,"column":0},"end":{"line":59,"column":41}},"59":{"start":{"line":60,"column":0},"end":{"line":60,"column":37}},"60":{"start":{"line":61,"column":0},"end":{"line":61,"column":7}},"61":{"start":{"line":62,"column":0},"end":{"line":62,"column":0}},"62":{"start":{"line":63,"column":0},"end":{"line":63,"column":42}},"63":{"start":{"line":64,"column":0},"end":{"line":64,"column":67}},"64":{"start":{"line":65,"column":0},"end":{"line":65,"column":73}},"65":{"start":{"line":66,"column":0},"end":{"line":66,"column":7}},"66":{"start":{"line":67,"column":0},"end":{"line":67,"column":0}},"67":{"start":{"line":68,"column":0},"end":{"line":68,"column":30}},"68":{"start":{"line":69,"column":0},"end":{"line":69,"column":64}},"69":{"start":{"line":70,"column":0},"end":{"line":70,"column":30}},"70":{"start":{"line":71,"column":0},"end":{"line":71,"column":64}},"71":{"start":{"line":72,"column":0},"end":{"line":72,"column":29}},"72":{"start":{"line":73,"column":0},"end":{"line":73,"column":67}},"73":{"start":{"line":74,"column":0},"end":{"line":74,"column":7}},"74":{"start":{"line":75,"column":0},"end":{"line":75,"column":0}},"75":{"start":{"line":76,"column":0},"end":{"line":76,"column":34}},"76":{"start":{"line":77,"column":0},"end":{"line":77,"column":48}},"77":{"start":{"line":78,"column":0},"end":{"line":78,"column":52}},"78":{"start":{"line":79,"column":0},"end":{"line":79,"column":47}},"79":{"start":{"line":80,"column":0},"end":{"line":80,"column":51}},"80":{"start":{"line":81,"column":0},"end":{"line":81,"column":5}},"81":{"start":{"line":82,"column":0},"end":{"line":82,"column":0}},"82":{"start":{"line":83,"column":0},"end":{"line":83,"column":25}},"83":{"start":{"line":84,"column":0},"end":{"line":84,"column":27}},"84":{"start":{"line":85,"column":0},"end":{"line":85,"column":44}},"85":{"start":{"line":86,"column":0},"end":{"line":86,"column":46}},"86":{"start":{"line":87,"column":0},"end":{"line":87,"column":10}},"87":{"start":{"line":88,"column":0},"end":{"line":88,"column":79}},"88":{"start":{"line":89,"column":0},"end":{"line":89,"column":30}},"89":{"start":{"line":90,"column":0},"end":{"line":90,"column":59}},"90":{"start":{"line":91,"column":0},"end":{"line":91,"column":0}},"91":{"start":{"line":92,"column":0},"end":{"line":92,"column":16}},"92":{"start":{"line":93,"column":0},"end":{"line":93,"column":1}},"93":{"start":{"line":94,"column":0},"end":{"line":94,"column":0}},"94":{"start":{"line":95,"column":0},"end":{"line":95,"column":29}},"95":{"start":{"line":96,"column":0},"end":{"line":96,"column":21}},"96":{"start":{"line":97,"column":0},"end":{"line":97,"column":19}},"97":{"start":{"line":98,"column":0},"end":{"line":98,"column":25}},"98":{"start":{"line":99,"column":0},"end":{"line":99,"column":43}},"99":{"start":{"line":100,"column":0},"end":{"line":100,"column":26}},"100":{"start":{"line":101,"column":0},"end":{"line":101,"column":33}},"101":{"start":{"line":102,"column":0},"end":{"line":102,"column":24}},"102":{"start":{"line":103,"column":0},"end":{"line":103,"column":43}},"103":{"start":{"line":104,"column":0},"end":{"line":104,"column":43}},"104":{"start":{"line":105,"column":0},"end":{"line":105,"column":20}},"105":{"start":{"line":106,"column":0},"end":{"line":106,"column":20}},"106":{"start":{"line":107,"column":0},"end":{"line":107,"column":37}},"107":{"start":{"line":108,"column":0},"end":{"line":108,"column":13}},"108":{"start":{"line":109,"column":0},"end":{"line":109,"column":44}},"109":{"start":{"line":110,"column":0},"end":{"line":110,"column":25}},"110":{"start":{"line":111,"column":0},"end":{"line":111,"column":61}},"111":{"start":{"line":112,"column":0},"end":{"line":112,"column":46}},"112":{"start":{"line":113,"column":0},"end":{"line":113,"column":20}},"113":{"start":{"line":114,"column":0},"end":{"line":114,"column":13}},"114":{"start":{"line":115,"column":0},"end":{"line":115,"column":28}},"115":{"start":{"line":116,"column":0},"end":{"line":116,"column":23}},"116":{"start":{"line":117,"column":0},"end":{"line":117,"column":16}},"117":{"start":{"line":118,"column":0},"end":{"line":118,"column":37}},"118":{"start":{"line":119,"column":0},"end":{"line":119,"column":9}},"119":{"start":{"line":120,"column":0},"end":{"line":120,"column":5}},"120":{"start":{"line":121,"column":0},"end":{"line":121,"column":42}},"121":{"start":{"line":122,"column":0},"end":{"line":122,"column":24}},"122":{"start":{"line":123,"column":0},"end":{"line":123,"column":5}},"123":{"start":{"line":124,"column":0},"end":{"line":124,"column":17}},"124":{"start":{"line":125,"column":0},"end":{"line":125,"column":1}},"125":{"start":{"line":126,"column":0},"end":{"line":126,"column":0}},"126":{"start":{"line":127,"column":0},"end":{"line":127,"column":39}},"127":{"start":{"line":128,"column":0},"end":{"line":128,"column":49}},"128":{"start":{"line":129,"column":0},"end":{"line":129,"column":0}},"129":{"start":{"line":130,"column":0},"end":{"line":130,"column":45}},"130":{"start":{"line":131,"column":0},"end":{"line":131,"column":50}},"131":{"start":{"line":132,"column":0},"end":{"line":132,"column":6}},"132":{"start":{"line":133,"column":0},"end":{"line":133,"column":77}},"133":{"start":{"line":134,"column":0},"end":{"line":134,"column":45}},"134":{"start":{"line":135,"column":0},"end":{"line":135,"column":49}},"135":{"start":{"line":136,"column":0},"end":{"line":136,"column":6}},"136":{"start":{"line":137,"column":0},"end":{"line":137,"column":42}},"137":{"start":{"line":138,"column":0},"end":{"line":138,"column":46}},"138":{"start":{"line":139,"column":0},"end":{"line":139,"column":6}},"139":{"start":{"line":140,"column":0},"end":{"line":140,"column":43}},"140":{"start":{"line":141,"column":0},"end":{"line":141,"column":48}},"141":{"start":{"line":142,"column":0},"end":{"line":142,"column":6}},"142":{"start":{"line":143,"column":0},"end":{"line":143,"column":46}},"143":{"start":{"line":144,"column":0},"end":{"line":144,"column":51}},"144":{"start":{"line":145,"column":0},"end":{"line":145,"column":6}},"145":{"start":{"line":146,"column":0},"end":{"line":146,"column":43}},"146":{"start":{"line":147,"column":0},"end":{"line":147,"column":54}},"147":{"start":{"line":148,"column":0},"end":{"line":148,"column":6}},"148":{"start":{"line":149,"column":0},"end":{"line":149,"column":48}},"149":{"start":{"line":150,"column":0},"end":{"line":150,"column":14}},"150":{"start":{"line":151,"column":0},"end":{"line":151,"column":59}},"151":{"start":{"line":152,"column":0},"end":{"line":152,"column":47}},"152":{"start":{"line":153,"column":0},"end":{"line":153,"column":6}},"153":{"start":{"line":154,"column":0},"end":{"line":154,"column":49}},"154":{"start":{"line":155,"column":0},"end":{"line":155,"column":14}},"155":{"start":{"line":156,"column":0},"end":{"line":156,"column":60}},"156":{"start":{"line":157,"column":0},"end":{"line":157,"column":47}},"157":{"start":{"line":158,"column":0},"end":{"line":158,"column":6}},"158":{"start":{"line":159,"column":0},"end":{"line":159,"column":0}},"159":{"start":{"line":160,"column":0},"end":{"line":160,"column":51}},"160":{"start":{"line":161,"column":0},"end":{"line":161,"column":43}},"161":{"start":{"line":162,"column":0},"end":{"line":162,"column":0}},"162":{"start":{"line":163,"column":0},"end":{"line":163,"column":26}},"163":{"start":{"line":164,"column":0},"end":{"line":164,"column":25}},"164":{"start":{"line":165,"column":0},"end":{"line":165,"column":0}},"165":{"start":{"line":166,"column":0},"end":{"line":166,"column":43}},"166":{"start":{"line":167,"column":0},"end":{"line":167,"column":28}},"167":{"start":{"line":168,"column":0},"end":{"line":168,"column":37}},"168":{"start":{"line":169,"column":0},"end":{"line":169,"column":0}},"169":{"start":{"line":170,"column":0},"end":{"line":170,"column":50}},"170":{"start":{"line":171,"column":0},"end":{"line":171,"column":59}},"171":{"start":{"line":172,"column":0},"end":{"line":172,"column":0}},"172":{"start":{"line":173,"column":0},"end":{"line":173,"column":67}},"173":{"start":{"line":174,"column":0},"end":{"line":174,"column":12}},"174":{"start":{"line":175,"column":0},"end":{"line":175,"column":21}},"175":{"start":{"line":176,"column":0},"end":{"line":176,"column":57}},"176":{"start":{"line":177,"column":0},"end":{"line":177,"column":68}},"177":{"start":{"line":178,"column":0},"end":{"line":178,"column":11}},"178":{"start":{"line":179,"column":0},"end":{"line":179,"column":18}},"179":{"start":{"line":180,"column":0},"end":{"line":180,"column":9}},"180":{"start":{"line":181,"column":0},"end":{"line":181,"column":0}},"181":{"start":{"line":182,"column":0},"end":{"line":182,"column":73}},"182":{"start":{"line":183,"column":0},"end":{"line":183,"column":31}},"183":{"start":{"line":184,"column":0},"end":{"line":184,"column":63}},"184":{"start":{"line":185,"column":0},"end":{"line":185,"column":10}},"185":{"start":{"line":186,"column":0},"end":{"line":186,"column":33}},"186":{"start":{"line":187,"column":0},"end":{"line":187,"column":64}},"187":{"start":{"line":188,"column":0},"end":{"line":188,"column":10}},"188":{"start":{"line":189,"column":0},"end":{"line":189,"column":33}},"189":{"start":{"line":190,"column":0},"end":{"line":190,"column":64}},"190":{"start":{"line":191,"column":0},"end":{"line":191,"column":10}},"191":{"start":{"line":192,"column":0},"end":{"line":192,"column":0}},"192":{"start":{"line":193,"column":0},"end":{"line":193,"column":59}},"193":{"start":{"line":194,"column":0},"end":{"line":194,"column":61}},"194":{"start":{"line":195,"column":0},"end":{"line":195,"column":26}},"195":{"start":{"line":196,"column":0},"end":{"line":196,"column":68}},"196":{"start":{"line":197,"column":0},"end":{"line":197,"column":27}},"197":{"start":{"line":198,"column":0},"end":{"line":198,"column":69}},"198":{"start":{"line":199,"column":0},"end":{"line":199,"column":0}},"199":{"start":{"line":200,"column":0},"end":{"line":200,"column":42}},"200":{"start":{"line":201,"column":0},"end":{"line":201,"column":0}},"201":{"start":{"line":202,"column":0},"end":{"line":202,"column":52}},"202":{"start":{"line":203,"column":0},"end":{"line":203,"column":31}},"203":{"start":{"line":204,"column":0},"end":{"line":204,"column":75}},"204":{"start":{"line":205,"column":0},"end":{"line":205,"column":32}},"205":{"start":{"line":206,"column":0},"end":{"line":206,"column":26}},"206":{"start":{"line":207,"column":0},"end":{"line":207,"column":27}},"207":{"start":{"line":208,"column":0},"end":{"line":208,"column":66}},"208":{"start":{"line":209,"column":0},"end":{"line":209,"column":21}},"209":{"start":{"line":210,"column":0},"end":{"line":210,"column":0}},"210":{"start":{"line":211,"column":0},"end":{"line":211,"column":24}},"211":{"start":{"line":212,"column":0},"end":{"line":212,"column":56}},"212":{"start":{"line":213,"column":0},"end":{"line":213,"column":24}},"213":{"start":{"line":214,"column":0},"end":{"line":214,"column":51}},"214":{"start":{"line":215,"column":0},"end":{"line":215,"column":43}},"215":{"start":{"line":216,"column":0},"end":{"line":216,"column":48}},"216":{"start":{"line":217,"column":0},"end":{"line":217,"column":32}},"217":{"start":{"line":218,"column":0},"end":{"line":218,"column":34}},"218":{"start":{"line":219,"column":0},"end":{"line":219,"column":39}},"219":{"start":{"line":220,"column":0},"end":{"line":220,"column":41}},"220":{"start":{"line":221,"column":0},"end":{"line":221,"column":11}},"221":{"start":{"line":222,"column":0},"end":{"line":222,"column":24}},"222":{"start":{"line":223,"column":0},"end":{"line":223,"column":5}},"223":{"start":{"line":224,"column":0},"end":{"line":224,"column":0}},"224":{"start":{"line":225,"column":0},"end":{"line":225,"column":47}},"225":{"start":{"line":226,"column":0},"end":{"line":226,"column":1}},"226":{"start":{"line":227,"column":0},"end":{"line":227,"column":0}},"227":{"start":{"line":228,"column":0},"end":{"line":228,"column":36}},"228":{"start":{"line":229,"column":0},"end":{"line":229,"column":21}},"229":{"start":{"line":230,"column":0},"end":{"line":230,"column":25}},"230":{"start":{"line":231,"column":0},"end":{"line":231,"column":0}},"231":{"start":{"line":232,"column":0},"end":{"line":232,"column":30}},"232":{"start":{"line":233,"column":0},"end":{"line":233,"column":28}},"233":{"start":{"line":234,"column":0},"end":{"line":234,"column":35}},"234":{"start":{"line":235,"column":0},"end":{"line":235,"column":42}},"235":{"start":{"line":236,"column":0},"end":{"line":236,"column":43}},"236":{"start":{"line":237,"column":0},"end":{"line":237,"column":45}},"237":{"start":{"line":238,"column":0},"end":{"line":238,"column":23}},"238":{"start":{"line":239,"column":0},"end":{"line":239,"column":9}},"239":{"start":{"line":240,"column":0},"end":{"line":240,"column":7}},"240":{"start":{"line":241,"column":0},"end":{"line":241,"column":0}},"241":{"start":{"line":242,"column":0},"end":{"line":242,"column":38}},"242":{"start":{"line":243,"column":0},"end":{"line":243,"column":1}},"243":{"start":{"line":244,"column":0},"end":{"line":244,"column":0}},"244":{"start":{"line":245,"column":0},"end":{"line":245,"column":41}},"245":{"start":{"line":246,"column":0},"end":{"line":246,"column":21}},"246":{"start":{"line":247,"column":0},"end":{"line":247,"column":25}},"247":{"start":{"line":248,"column":0},"end":{"line":248,"column":0}},"248":{"start":{"line":249,"column":0},"end":{"line":249,"column":63}},"249":{"start":{"line":250,"column":0},"end":{"line":250,"column":46}},"250":{"start":{"line":251,"column":0},"end":{"line":251,"column":0}},"251":{"start":{"line":252,"column":0},"end":{"line":252,"column":65}},"252":{"start":{"line":253,"column":0},"end":{"line":253,"column":0}},"253":{"start":{"line":254,"column":0},"end":{"line":254,"column":43}},"254":{"start":{"line":255,"column":0},"end":{"line":255,"column":28}},"255":{"start":{"line":256,"column":0},"end":{"line":256,"column":45}},"256":{"start":{"line":257,"column":0},"end":{"line":257,"column":48}},"257":{"start":{"line":258,"column":0},"end":{"line":258,"column":41}},"258":{"start":{"line":259,"column":0},"end":{"line":259,"column":34}},"259":{"start":{"line":260,"column":0},"end":{"line":260,"column":23}},"260":{"start":{"line":261,"column":0},"end":{"line":261,"column":9}},"261":{"start":{"line":262,"column":0},"end":{"line":262,"column":5}},"262":{"start":{"line":263,"column":0},"end":{"line":263,"column":0}},"263":{"start":{"line":264,"column":0},"end":{"line":264,"column":38}},"264":{"start":{"line":265,"column":0},"end":{"line":265,"column":1}},"265":{"start":{"line":266,"column":0},"end":{"line":266,"column":0}},"266":{"start":{"line":267,"column":0},"end":{"line":267,"column":60}},"267":{"start":{"line":268,"column":0},"end":{"line":268,"column":55}},"268":{"start":{"line":269,"column":0},"end":{"line":269,"column":29}},"269":{"start":{"line":270,"column":0},"end":{"line":270,"column":36}},"270":{"start":{"line":271,"column":0},"end":{"line":271,"column":37}},"271":{"start":{"line":272,"column":0},"end":{"line":272,"column":38}},"272":{"start":{"line":273,"column":0},"end":{"line":273,"column":38}},"273":{"start":{"line":274,"column":0},"end":{"line":274,"column":38}},"274":{"start":{"line":275,"column":0},"end":{"line":275,"column":38}},"275":{"start":{"line":276,"column":0},"end":{"line":276,"column":40}},"276":{"start":{"line":277,"column":0},"end":{"line":277,"column":6}},"277":{"start":{"line":278,"column":0},"end":{"line":278,"column":0}},"278":{"start":{"line":279,"column":0},"end":{"line":279,"column":23}},"279":{"start":{"line":280,"column":0},"end":{"line":280,"column":17}},"280":{"start":{"line":281,"column":0},"end":{"line":281,"column":44}},"281":{"start":{"line":282,"column":0},"end":{"line":282,"column":39}},"282":{"start":{"line":283,"column":0},"end":{"line":283,"column":68}},"283":{"start":{"line":284,"column":0},"end":{"line":284,"column":45}},"284":{"start":{"line":285,"column":0},"end":{"line":285,"column":29}},"285":{"start":{"line":286,"column":0},"end":{"line":286,"column":5}},"286":{"start":{"line":287,"column":0},"end":{"line":287,"column":0}},"287":{"start":{"line":288,"column":0},"end":{"line":288,"column":27}},"288":{"start":{"line":289,"column":0},"end":{"line":289,"column":16}},"289":{"start":{"line":290,"column":0},"end":{"line":290,"column":16}},"290":{"start":{"line":291,"column":0},"end":{"line":291,"column":16}},"291":{"start":{"line":292,"column":0},"end":{"line":292,"column":16}},"292":{"start":{"line":293,"column":0},"end":{"line":293,"column":19}},"293":{"start":{"line":294,"column":0},"end":{"line":294,"column":80}},"294":{"start":{"line":295,"column":0},"end":{"line":295,"column":80}},"295":{"start":{"line":296,"column":0},"end":{"line":296,"column":20}},"296":{"start":{"line":297,"column":0},"end":{"line":297,"column":6}},"297":{"start":{"line":298,"column":0},"end":{"line":298,"column":0}},"298":{"start":{"line":299,"column":0},"end":{"line":299,"column":21}},"299":{"start":{"line":300,"column":0},"end":{"line":300,"column":48}},"300":{"start":{"line":301,"column":0},"end":{"line":301,"column":40}},"301":{"start":{"line":302,"column":0},"end":{"line":302,"column":19}},"302":{"start":{"line":303,"column":0},"end":{"line":303,"column":45}},"303":{"start":{"line":304,"column":0},"end":{"line":304,"column":19}},"304":{"start":{"line":305,"column":0},"end":{"line":305,"column":69}},"305":{"start":{"line":306,"column":0},"end":{"line":306,"column":0}},"306":{"start":{"line":307,"column":0},"end":{"line":307,"column":53}},"307":{"start":{"line":308,"column":0},"end":{"line":308,"column":69}},"308":{"start":{"line":309,"column":0},"end":{"line":309,"column":52}},"309":{"start":{"line":310,"column":0},"end":{"line":310,"column":1}},"310":{"start":{"line":311,"column":0},"end":{"line":311,"column":0}},"311":{"start":{"line":312,"column":0},"end":{"line":312,"column":34}},"312":{"start":{"line":313,"column":0},"end":{"line":313,"column":29}},"313":{"start":{"line":314,"column":0},"end":{"line":314,"column":46}},"314":{"start":{"line":315,"column":0},"end":{"line":315,"column":47}},"315":{"start":{"line":316,"column":0},"end":{"line":316,"column":26}},"316":{"start":{"line":317,"column":0},"end":{"line":317,"column":1}},"317":{"start":{"line":318,"column":0},"end":{"line":318,"column":0}},"318":{"start":{"line":319,"column":0},"end":{"line":319,"column":42}},"319":{"start":{"line":320,"column":0},"end":{"line":320,"column":33}},"320":{"start":{"line":321,"column":0},"end":{"line":321,"column":12}},"321":{"start":{"line":322,"column":0},"end":{"line":322,"column":78}},"322":{"start":{"line":323,"column":0},"end":{"line":323,"column":6}},"323":{"start":{"line":324,"column":0},"end":{"line":324,"column":1}},"324":{"start":{"line":325,"column":0},"end":{"line":325,"column":0}},"325":{"start":{"line":326,"column":0},"end":{"line":326,"column":55}},"326":{"start":{"line":327,"column":0},"end":{"line":327,"column":17}},"327":{"start":{"line":328,"column":0},"end":{"line":328,"column":42}},"328":{"start":{"line":329,"column":0},"end":{"line":329,"column":33}},"329":{"start":{"line":330,"column":0},"end":{"line":330,"column":7}},"330":{"start":{"line":331,"column":0},"end":{"line":331,"column":50}},"331":{"start":{"line":332,"column":0},"end":{"line":332,"column":1}},"332":{"start":{"line":333,"column":0},"end":{"line":333,"column":0}},"333":{"start":{"line":334,"column":0},"end":{"line":334,"column":64}},"334":{"start":{"line":335,"column":0},"end":{"line":335,"column":73}},"335":{"start":{"line":336,"column":0},"end":{"line":336,"column":49}},"336":{"start":{"line":337,"column":0},"end":{"line":337,"column":32}},"337":{"start":{"line":338,"column":0},"end":{"line":338,"column":1}},"338":{"start":{"line":339,"column":0},"end":{"line":339,"column":0}},"339":{"start":{"line":340,"column":0},"end":{"line":340,"column":29}},"340":{"start":{"line":341,"column":0},"end":{"line":341,"column":49}},"341":{"start":{"line":342,"column":0},"end":{"line":342,"column":55}},"342":{"start":{"line":343,"column":0},"end":{"line":343,"column":12}},"343":{"start":{"line":344,"column":0},"end":{"line":344,"column":32}},"344":{"start":{"line":345,"column":0},"end":{"line":345,"column":32}},"345":{"start":{"line":346,"column":0},"end":{"line":346,"column":32}},"346":{"start":{"line":347,"column":0},"end":{"line":347,"column":32}},"347":{"start":{"line":348,"column":0},"end":{"line":348,"column":23}},"348":{"start":{"line":349,"column":0},"end":{"line":349,"column":44}},"349":{"start":{"line":350,"column":0},"end":{"line":350,"column":40}},"350":{"start":{"line":351,"column":0},"end":{"line":351,"column":38}},"351":{"start":{"line":352,"column":0},"end":{"line":352,"column":6}},"352":{"start":{"line":353,"column":0},"end":{"line":353,"column":1}},"353":{"start":{"line":354,"column":0},"end":{"line":354,"column":0}},"354":{"start":{"line":355,"column":0},"end":{"line":355,"column":62}},"355":{"start":{"line":356,"column":0},"end":{"line":356,"column":16}},"356":{"start":{"line":357,"column":0},"end":{"line":357,"column":48}},"357":{"start":{"line":358,"column":0},"end":{"line":358,"column":12}},"358":{"start":{"line":359,"column":0},"end":{"line":359,"column":51}},"359":{"start":{"line":360,"column":0},"end":{"line":360,"column":51}},"360":{"start":{"line":361,"column":0},"end":{"line":361,"column":60}},"361":{"start":{"line":362,"column":0},"end":{"line":362,"column":11}},"362":{"start":{"line":363,"column":0},"end":{"line":363,"column":34}},"363":{"start":{"line":364,"column":0},"end":{"line":364,"column":9}},"364":{"start":{"line":365,"column":0},"end":{"line":365,"column":7}},"365":{"start":{"line":366,"column":0},"end":{"line":366,"column":45}},"366":{"start":{"line":367,"column":0},"end":{"line":367,"column":58}},"367":{"start":{"line":368,"column":0},"end":{"line":368,"column":34}},"368":{"start":{"line":369,"column":0},"end":{"line":369,"column":7}},"369":{"start":{"line":370,"column":0},"end":{"line":370,"column":15}},"370":{"start":{"line":371,"column":0},"end":{"line":371,"column":1}},"371":{"start":{"line":372,"column":0},"end":{"line":372,"column":0}},"372":{"start":{"line":373,"column":0},"end":{"line":373,"column":31}},"373":{"start":{"line":374,"column":0},"end":{"line":374,"column":73}},"374":{"start":{"line":375,"column":0},"end":{"line":375,"column":1}},"375":{"start":{"line":376,"column":0},"end":{"line":376,"column":0}},"376":{"start":{"line":377,"column":0},"end":{"line":377,"column":66}},"377":{"start":{"line":378,"column":0},"end":{"line":378,"column":16}},"378":{"start":{"line":379,"column":0},"end":{"line":379,"column":48}},"379":{"start":{"line":380,"column":0},"end":{"line":380,"column":12}},"380":{"start":{"line":381,"column":0},"end":{"line":381,"column":52}},"381":{"start":{"line":382,"column":0},"end":{"line":382,"column":52}},"382":{"start":{"line":383,"column":0},"end":{"line":383,"column":61}},"383":{"start":{"line":384,"column":0},"end":{"line":384,"column":11}},"384":{"start":{"line":385,"column":0},"end":{"line":385,"column":34}},"385":{"start":{"line":386,"column":0},"end":{"line":386,"column":9}},"386":{"start":{"line":387,"column":0},"end":{"line":387,"column":7}},"387":{"start":{"line":388,"column":0},"end":{"line":388,"column":45}},"388":{"start":{"line":389,"column":0},"end":{"line":389,"column":62}},"389":{"start":{"line":390,"column":0},"end":{"line":390,"column":34}},"390":{"start":{"line":391,"column":0},"end":{"line":391,"column":7}},"391":{"start":{"line":392,"column":0},"end":{"line":392,"column":15}},"392":{"start":{"line":393,"column":0},"end":{"line":393,"column":1}},"393":{"start":{"line":394,"column":0},"end":{"line":394,"column":0}},"394":{"start":{"line":395,"column":0},"end":{"line":395,"column":50}},"395":{"start":{"line":396,"column":0},"end":{"line":396,"column":56}},"396":{"start":{"line":397,"column":0},"end":{"line":397,"column":12}},"397":{"start":{"line":398,"column":0},"end":{"line":398,"column":34}},"398":{"start":{"line":399,"column":0},"end":{"line":399,"column":37}},"399":{"start":{"line":400,"column":0},"end":{"line":400,"column":39}},"400":{"start":{"line":401,"column":0},"end":{"line":401,"column":33}},"401":{"start":{"line":402,"column":0},"end":{"line":402,"column":11}},"402":{"start":{"line":403,"column":0},"end":{"line":403,"column":34}},"403":{"start":{"line":404,"column":0},"end":{"line":404,"column":9}},"404":{"start":{"line":405,"column":0},"end":{"line":405,"column":19}},"405":{"start":{"line":406,"column":0},"end":{"line":406,"column":10}},"406":{"start":{"line":407,"column":0},"end":{"line":407,"column":1}},"407":{"start":{"line":408,"column":0},"end":{"line":408,"column":0}},"408":{"start":{"line":409,"column":0},"end":{"line":409,"column":42}},"409":{"start":{"line":410,"column":0},"end":{"line":410,"column":77}},"410":{"start":{"line":411,"column":0},"end":{"line":411,"column":1}},"411":{"start":{"line":412,"column":0},"end":{"line":412,"column":0}},"412":{"start":{"line":413,"column":0},"end":{"line":413,"column":45}},"413":{"start":{"line":414,"column":0},"end":{"line":414,"column":37}},"414":{"start":{"line":415,"column":0},"end":{"line":415,"column":20}},"415":{"start":{"line":416,"column":0},"end":{"line":416,"column":17}},"416":{"start":{"line":417,"column":0},"end":{"line":417,"column":75}},"417":{"start":{"line":418,"column":0},"end":{"line":418,"column":10}},"418":{"start":{"line":419,"column":0},"end":{"line":419,"column":6}},"419":{"start":{"line":420,"column":0},"end":{"line":420,"column":1}},"420":{"start":{"line":421,"column":0},"end":{"line":421,"column":0}},"421":{"start":{"line":422,"column":0},"end":{"line":422,"column":41}},"422":{"start":{"line":423,"column":0},"end":{"line":423,"column":35}},"423":{"start":{"line":424,"column":0},"end":{"line":424,"column":19}},"424":{"start":{"line":425,"column":0},"end":{"line":425,"column":76}},"425":{"start":{"line":426,"column":0},"end":{"line":426,"column":10}},"426":{"start":{"line":427,"column":0},"end":{"line":427,"column":6}},"427":{"start":{"line":428,"column":0},"end":{"line":428,"column":1}},"428":{"start":{"line":429,"column":0},"end":{"line":429,"column":0}},"429":{"start":{"line":430,"column":0},"end":{"line":430,"column":38}},"430":{"start":{"line":431,"column":0},"end":{"line":431,"column":12}},"431":{"start":{"line":432,"column":0},"end":{"line":432,"column":73}},"432":{"start":{"line":433,"column":0},"end":{"line":433,"column":36}},"433":{"start":{"line":434,"column":0},"end":{"line":434,"column":77}},"434":{"start":{"line":435,"column":0},"end":{"line":435,"column":55}},"435":{"start":{"line":436,"column":0},"end":{"line":436,"column":50}},"436":{"start":{"line":437,"column":0},"end":{"line":437,"column":46}},"437":{"start":{"line":438,"column":0},"end":{"line":438,"column":45}},"438":{"start":{"line":439,"column":0},"end":{"line":439,"column":6}},"439":{"start":{"line":440,"column":0},"end":{"line":440,"column":1}},"440":{"start":{"line":441,"column":0},"end":{"line":441,"column":0}},"441":{"start":{"line":442,"column":0},"end":{"line":442,"column":36}},"442":{"start":{"line":443,"column":0},"end":{"line":443,"column":24}},"443":{"start":{"line":444,"column":0},"end":{"line":444,"column":18}},"444":{"start":{"line":445,"column":0},"end":{"line":445,"column":21}},"445":{"start":{"line":446,"column":0},"end":{"line":446,"column":18}},"446":{"start":{"line":447,"column":0},"end":{"line":447,"column":21}},"447":{"start":{"line":448,"column":0},"end":{"line":448,"column":18}},"448":{"start":{"line":449,"column":0},"end":{"line":449,"column":21}},"449":{"start":{"line":450,"column":0},"end":{"line":450,"column":19}},"450":{"start":{"line":451,"column":0},"end":{"line":451,"column":22}},"451":{"start":{"line":452,"column":0},"end":{"line":452,"column":19}},"452":{"start":{"line":453,"column":0},"end":{"line":453,"column":22}},"453":{"start":{"line":454,"column":0},"end":{"line":454,"column":16}},"454":{"start":{"line":455,"column":0},"end":{"line":455,"column":24}},"455":{"start":{"line":456,"column":0},"end":{"line":456,"column":5}},"456":{"start":{"line":457,"column":0},"end":{"line":457,"column":1}},"457":{"start":{"line":458,"column":0},"end":{"line":458,"column":0}},"458":{"start":{"line":459,"column":0},"end":{"line":459,"column":47}},"459":{"start":{"line":460,"column":0},"end":{"line":460,"column":40}},"460":{"start":{"line":461,"column":0},"end":{"line":461,"column":24}},"461":{"start":{"line":462,"column":0},"end":{"line":462,"column":12}},"462":{"start":{"line":463,"column":0},"end":{"line":463,"column":16}},"463":{"start":{"line":464,"column":0},"end":{"line":464,"column":40}},"464":{"start":{"line":465,"column":0},"end":{"line":465,"column":40}},"465":{"start":{"line":466,"column":0},"end":{"line":466,"column":44}},"466":{"start":{"line":467,"column":0},"end":{"line":467,"column":52}},"467":{"start":{"line":468,"column":0},"end":{"line":468,"column":50}},"468":{"start":{"line":469,"column":0},"end":{"line":469,"column":54}},"469":{"start":{"line":470,"column":0},"end":{"line":470,"column":65}},"470":{"start":{"line":471,"column":0},"end":{"line":471,"column":65}},"471":{"start":{"line":472,"column":0},"end":{"line":472,"column":68}},"472":{"start":{"line":473,"column":0},"end":{"line":473,"column":28}},"473":{"start":{"line":474,"column":0},"end":{"line":474,"column":73}},"474":{"start":{"line":475,"column":0},"end":{"line":475,"column":71}},"475":{"start":{"line":476,"column":0},"end":{"line":476,"column":6}},"476":{"start":{"line":477,"column":0},"end":{"line":477,"column":1}},"477":{"start":{"line":478,"column":0},"end":{"line":478,"column":0}},"478":{"start":{"line":479,"column":0},"end":{"line":479,"column":53}},"479":{"start":{"line":480,"column":0},"end":{"line":480,"column":39}},"480":{"start":{"line":481,"column":0},"end":{"line":481,"column":42}},"481":{"start":{"line":482,"column":0},"end":{"line":482,"column":46}},"482":{"start":{"line":483,"column":0},"end":{"line":483,"column":39}},"483":{"start":{"line":484,"column":0},"end":{"line":484,"column":49}},"484":{"start":{"line":485,"column":0},"end":{"line":485,"column":50}},"485":{"start":{"line":486,"column":0},"end":{"line":486,"column":17}},"486":{"start":{"line":487,"column":0},"end":{"line":487,"column":19}},"487":{"start":{"line":488,"column":0},"end":{"line":488,"column":16}},"488":{"start":{"line":489,"column":0},"end":{"line":489,"column":6}},"489":{"start":{"line":490,"column":0},"end":{"line":490,"column":60}},"490":{"start":{"line":491,"column":0},"end":{"line":491,"column":58}},"491":{"start":{"line":492,"column":0},"end":{"line":492,"column":
[...]
83,"column":34},"end":{"line":483,"column":38}}]},"234":{"type":"branch","line":490,"loc":{"start":{"line":490,"column":46},"end":{"line":490,"column":52}},"locations":[{"start":{"line":490,"column":46},"end":{"line":490,"column":52}}]},"235":{"type":"branch","line":491,"loc":{"start":{"line":491,"column":54},"end":{"line":491,"column":57}},"locations":[{"start":{"line":491,"column":54},"end":{"line":491,"column":57}}]},"236":{"type":"branch","line":493,"loc":{"start":{"line":493,"column":59},"end":{"line":493,"column":63}},"locations":[{"start":{"line":493,"column":59},"end":{"line":493,"column":63}}]},"237":{"type":"branch","line":495,"loc":{"start":{"line":495,"column":50},"end":{"line":495,"column":54}},"locations":[{"start":{"line":495,"column":50},"end":{"line":495,"column":54}}]},"238":{"type":"branch","line":496,"loc":{"start":{"line":496,"column":62},"end":{"line":496,"column":66}},"locations":[{"start":{"line":496,"column":62},"end":{"line":496,"column":66}}]},"239":{"type":"branch","line":498,"loc":{"start":{"line":498,"column":52},"end":{"line":498,"column":57}},"locations":[{"start":{"line":498,"column":52},"end":{"line":498,"column":57}}]},"240":{"type":"branch","line":499,"loc":{"start":{"line":499,"column":59},"end":{"line":499,"column":64}},"locations":[{"start":{"line":499,"column":59},"end":{"line":499,"column":64}}]},"241":{"type":"branch","line":500,"loc":{"start":{"line":500,"column":57},"end":{"line":500,"column":62}},"locations":[{"start":{"line":500,"column":57},"end":{"line":500,"column":62}}]},"242":{"type":"branch","line":521,"loc":{"start":{"line":521,"column":12},"end":{"line":521,"column":24}},"locations":[{"start":{"line":521,"column":12},"end":{"line":521,"column":24}}]},"243":{"type":"branch","line":528,"loc":{"start":{"line":528,"column":39},"end":{"line":560,"column":32}},"locations":[{"start":{"line":528,"column":39},"end":{"line":560,"column":32}}]},"244":{"type":"branch","line":540,"loc":{"start":{"line":540,"column":57},"end":{"line":540,"column":70}},"locations":[{"start":{"line":540,"column":57},"end":{"line":540,"column":70}}]},"245":{"type":"branch","line":542,"loc":{"start":{"line":542,"column":41},"end":{"line":542,"column":71}},"locations":[{"start":{"line":542,"column":41},"end":{"line":542,"column":71}}]},"246":{"type":"branch","line":543,"loc":{"start":{"line":543,"column":34},"end":{"line":543,"column":37}},"locations":[{"start":{"line":543,"column":34},"end":{"line":543,"column":37}}]},"247":{"type":"branch","line":551,"loc":{"start":{"line":551,"column":31},"end":{"line":551,"column":56}},"locations":[{"start":{"line":551,"column":31},"end":{"line":551,"column":56}}]},"248":{"type":"branch","line":553,"loc":{"start":{"line":553,"column":23},"end":{"line":557,"column":9}},"locations":[{"start":{"line":553,"column":23},"end":{"line":557,"column":9}}]},"249":{"type":"branch","line":560,"loc":{"start":{"line":560,"column":32},"end":{"line":560,"column":37}},"locations":[{"start":{"line":560,"column":32},"end":{"line":560,"column":37}}]},"250":{"type":"branch","line":525,"loc":{"start":{"line":525,"column":14},"end":{"line":525,"column":29}},"locations":[{"start":{"line":525,"column":14},"end":{"line":525,"column":29}}]},"251":{"type":"branch","line":540,"loc":{"start":{"line":540,"column":40},"end":{"line":540,"column":55}},"locations":[{"start":{"line":540,"column":40},"end":{"line":540,"column":55}}]},"252":{"type":"branch","line":542,"loc":{"start":{"line":542,"column":25},"end":{"line":542,"column":39}},"locations":[{"start":{"line":542,"column":25},"end":{"line":542,"column":39}}]},"253":{"type":"branch","line":561,"loc":{"start":{"line":561,"column":13},"end":{"line":575,"column":9}},"locations":[{"start":{"line":561,"column":13},"end":{"line":575,"column":9}}]},"254":{"type":"branch","line":574,"loc":{"start":{"line":574,"column":-2},"end":{"line":575,"column":8}},"locations":[{"start":{"line":574,"column":-2},"end":{"line":575,"column":8}}]},"255":{"type":"branch","line":597,"loc":{"start":{"line":597,"column":0},"end":{"line":609,"column":1}},"locations":[{"start":{"line":597,"column":0},"end":{"line":609,"column":1}}]},"256":{"type":"branch","line":598,"loc":{"start":{"line":598,"column":25},"end":{"line":598,"column":40}},"locations":[{"start":{"line":598,"column":25},"end":{"line":598,"column":40}}]},"257":{"type":"branch","line":598,"loc":{"start":{"line":598,"column":42},"end":{"line":598,"column":77}},"locations":[{"start":{"line":598,"column":42},"end":{"line":598,"column":77}}]},"258":{"type":"branch","line":599,"loc":{"start":{"line":599,"column":-2},"end":{"line":600,"column":18}},"locations":[{"start":{"line":599,"column":-2},"end":{"line":600,"column":18}}]},"259":{"type":"branch","line":600,"loc":{"start":{"line":600,"column":18},"end":{"line":604,"column":5}},"locations":[{"start":{"line":600,"column":18},"end":{"line":604,"column":5}}]},"260":{"type":"branch","line":605,"loc":{"start":{"line":605,"column":-2},"end":{"line":609,"column":1}},"locations":[{"start":{"line":605,"column":-2},"end":{"line":609,"column":1}}]},"261":{"type":"branch","line":611,"loc":{"start":{"line":611,"column":0},"end":{"line":648,"column":1}},"locations":[{"start":{"line":611,"column":0},"end":{"line":648,"column":1}}]},"262":{"type":"branch","line":612,"loc":{"start":{"line":612,"column":34},"end":{"line":612,"column":37}},"locations":[{"start":{"line":612,"column":34},"end":{"line":612,"column":37}}]},"263":{"type":"branch","line":612,"loc":{"start":{"line":612,"column":38},"end":{"line":612,"column":42}},"locations":[{"start":{"line":612,"column":38},"end":{"line":612,"column":42}}]},"264":{"type":"branch","line":613,"loc":{"start":{"line":613,"column":31},"end":{"line":647,"column":5}},"locations":[{"start":{"line":613,"column":31},"end":{"line":647,"column":5}}]},"265":{"type":"branch","line":616,"loc":{"start":{"line":616,"column":12},"end":{"line":619,"column":22}},"locations":[{"start":{"line":616,"column":12},"end":{"line":619,"column":22}}]},"266":{"type":"branch","line":617,"loc":{"start":{"line":617,"column":31},"end":{"line":617,"column":36}},"locations":[{"start":{"line":617,"column":31},"end":{"line":617,"column":36}}]},"267":{"type":"branch","line":618,"loc":{"start":{"line":618,"column":31},"end":{"line":618,"column":36}},"locations":[{"start":{"line":618,"column":31},"end":{"line":618,"column":36}}]},"268":{"type":"branch","line":620,"loc":{"start":{"line":620,"column":12},"end":{"line":623,"column":22}},"locations":[{"start":{"line":620,"column":12},"end":{"line":623,"column":22}}]},"269":{"type":"branch","line":621,"loc":{"start":{"line":621,"column":36},"end":{"line":621,"column":41}},"locations":[{"start":{"line":621,"column":36},"end":{"line":621,"column":41}}]},"270":{"type":"branch","line":622,"loc":{"start":{"line":622,"column":36},"end":{"line":622,"column":41}},"locations":[{"start":{"line":622,"column":36},"end":{"line":622,"column":41}}]},"271":{"type":"branch","line":624,"loc":{"start":{"line":624,"column":12},"end":{"line":627,"column":22}},"locations":[{"start":{"line":624,"column":12},"end":{"line":627,"column":22}}]},"272":{"type":"branch","line":625,"loc":{"start":{"line":625,"column":32},"end":{"line":625,"column":36}},"locations":[{"start":{"line":625,"column":32},"end":{"line":625,"column":36}}]},"273":{"type":"branch","line":626,"loc":{"start":{"line":626,"column":32},"end":{"line":626,"column":36}},"locations":[{"start":{"line":626,"column":32},"end":{"line":626,"column":36}}]},"274":{"type":"branch","line":628,"loc":{"start":{"line":628,"column":12},"end":{"line":631,"column":22}},"locations":[{"start":{"line":628,"column":12},"end":{"line":631,"column":22}}]},"275":{"type":"branch","line":629,"loc":{"start":{"line":629,"column":33},"end":{"line":629,"column":37}},"locations":[{"start":{"line":629,"column":33},"end":{"line":629,"column":37}}]},"276":{"type":"branch","line":630,"loc":{"start":{"line":630,"column":33},"end":{"line":630,"column":37}},"locations":[{"start":{"line":630,"column":33},"end":{"line":630,"column":37}}]},"277":{"type":"branch","line":632,"loc":{"start":{"line":632,"column":12},"end":{"line":635,"column":22}},"locations":[{"start":{"line":632,"column":12},"end":{"line":635,"column":22}}]},"278":{"type":"branch","line":633,"loc":{"start":{"line":633,"column":33},"end":{"line":633,"column":37}},"locations":[{"start":{"line":633,"column":33},"end":{"line":633,"column":37}}]},"279":{"type":"branch","line":634,"loc":{"start":{"line":634,"column":33},"end":{"line":634,"column":37}},"locations":[{"start":{"line":634,"column":33},"end":{"line":634,"column":37}}]},"280":{"type":"branch","line":636,"loc":{"start":{"line":636,"column":12},"end":{"line":639,"column":22}},"locations":[{"start":{"line":636,"column":12},"end":{"line":639,"column":22}}]},"281":{"type":"branch","line":637,"loc":{"start":{"line":637,"column":29},"end":{"line":637,"column":33}},"locations":[{"start":{"line":637,"column":29},"end":{"line":637,"column":33}}]},"282":{"type":"branch","line":638,"loc":{"start":{"line":638,"column":29},"end":{"line":638,"column":33}},"locations":[{"start":{"line":638,"column":29},"end":{"line":638,"column":33}}]},"283":{"type":"branch","line":640,"loc":{"start":{"line":640,"column":12},"end":{"line":642,"column":38}},"locations":[{"start":{"line":640,"column":12},"end":{"line":642,"column":38}}]},"284":{"type":"branch","line":641,"loc":{"start":{"line":641,"column":33},"end":{"line":641,"column":37}},"locations":[{"start":{"line":641,"column":33},"end":{"line":641,"column":37}}]},"285":{"type":"branch","line":642,"loc":{"start":{"line":642,"column":33},"end":{"line":642,"column":37}},"locations":[{"start":{"line":642,"column":33},"end":{"line":642,"column":37}}]},"286":{"type":"branch","line":644,"loc":{"start":{"line":644,"column":21},"end":{"line":645,"column":36}},"locations":[{"start":{"line":644,"column":21},"end":{"line":645,"column":36}}]},"287":{"type":"branch","line":646,"loc":{"start":{"line":646,"column":-2},"end":{"line":647,"column":4}},"locations":[{"start":{"line":646,"column":-2},"end":{"line":647,"column":4}}]},"288":{"type":"branch","line":650,"loc":{"start":{"line":650,"column":0},"end":{"line":655,"column":1}},"locations":[{"start":{"line":650,"column":0},"end":{"line":655,"column":1}}]},"289":{"type":"branch","line":651,"loc":{"start":{"line":651,"column":39},"end":{"line":651,"column":43}},"locations":[{"start":{"line":651,"column":39},"end":{"line":651,"column":43}}]},"290":{"type":"branch","line":651,"loc":{"start":{"line":651,"column":64},"end":{"line":651,"column":68}},"locations":[{"start":{"line":651,"column":64},"end":{"line":651,"column":68}}]},"291":{"type":"branch","line":652,"loc":{"start":{"line":652,"column":61},"end":{"line":652,"column":65}},"locations":[{"start":{"line":652,"column":61},"end":{"line":652,"column":65}}]},"292":{"type":"branch","line":653,"loc":{"start":{"line":653,"column":49},"end":{"line":653,"column":53}},"locations":[{"start":{"line":653,"column":49},"end":{"line":653,"column":53}}]},"293":{"type":"branch","line":657,"loc":{"start":{"line":657,"column":0},"end":{"line":673,"column":1}},"locations":[{"start":{"line":657,"column":0},"end":{"line":673,"column":1}}]},"294":{"type":"branch","line":665,"loc":{"start":{"line":665,"column":25},"end":{"line":665,"column":29}},"locations":[{"start":{"line":665,"column":25},"end":{"line":665,"column":29}}]},"295":{"type":"branch","line":672,"loc":{"start":{"line":672,"column":42},"end":{"line":672,"column":46}},"locations":[{"start":{"line":672,"column":42},"end":{"line":672,"column":46}}]},"296":{"type":"branch","line":672,"loc":{"start":{"line":672,"column":56},"end":{"line":672,"column":60}},"locations":[{"start":{"line":672,"column":56},"end":{"line":672,"column":60}}]}},"b":{"0":[7],"1":[2],"2":[5],"3":[11],"4":[2],"5":[9],"6":[8],"7":[8],"8":[8],"9":[7],"10":[9],"11":[9],"12":[1],"13":[9],"14":[8],"15":[9],"16":[1],"17":[9],"18":[0],"19":[9],"20":[2],"21":[1],"22":[0],"23":[0],"24":[1],"25":[1],"26":[1],"27":[1],"28":[1],"29":[1],"30":[0],"31":[0],"32":[0],"33":[15],"34":[1184],"35":[10],"36":[6],"37":[2],"38":[8],"39":[1174],"40":[136],"41":[133],"42":[1041],"43":[1040],"44":[17],"45":[17],"46":[1],"47":[1],"48":[1024],"49":[2],"50":[13],"51":[7],"52":[6],"53":[1],"54":[6],"55":[8],"56":[0],"57":[2],"58":[1],"59":[6],"60":[0],"61":[2],"62":[6],"63":[5],"64":[0],"65":[6],"66":[0],"67":[0],"68":[0],"69":[2],"70":[2],"71":[2],"72":[2],"73":[1],"74":[5],"75":[0],"76":[5],"77":[2],"78":[0],"79":[2],"80":[0],"81":[2],"82":[0],"83":[0],"84":[5],"85":[0],"86":[5],"87":[6],"88":[51],"89":[13],"90":[13],"91":[19],"92":[25],"93":[31],"94":[37],"95":[43],"96":[47],"97":[4],"98":[51],"99":[4],"100":[4],"101":[9],"102":[4],"103":[5],"104":[1],"105":[4],"106":[2],"107":[3],"108":[1],"109":[2],"110":[1],"111":[2],"112":[1],"113":[1],"114":[2],"115":[15],"116":[17],"117":[73],"118":[16],"119":[57],"120":[2],"121":[15],"122":[1],"123":[14],"124":[3],"125":[14],"126":[4],"127":[10],"128":[16],"129":[1],"130":[53],"131":[46],"132":[2],"133":[51],"134":[2],"135":[49],"136":[24],"137":[1],"138":[3],"139":[3],"140":[21],"141":[108],"142":[0],"143":[19],"144":[8],"145":[0],"146":[4],"147":[6],"148":[5],"149":[5],"150":[5],"151":[4],"152":[3],"153":[2],"154":[26],"155":[0],"156":[0],"157":[5],"158":[0],"159":[4],"160":[0],"161":[3],"162":[2],"163":[3],"164":[0],"165":[26],"166":[6],"167":[23],"168":[0],"169":[28],"170":[0],"171":[13],"172":[1],"173":[23],"174":[0],"175":[0],"176":[3],"177":[0],"178":[2],"179":[0],"180":[2],"181":[2],"182":[0],"183":[26],"184":[23],"185":[4],"186":[0],"187":[24],"188":[0],"189":[28],"190":[7],"191":[4],"192":[2],"193":[2],"194":[0],"195":[23],"196":[0],"197":[4],"198":[0],"199":[24],"200":[0],"201":[4],"202":[0],"203":[0],"204":[23],"205":[0],"206":[4],"207":[0],"208":[1],"209":[21],"210":[13],"211":[1],"212":[3],"213":[4],"214":[1],"215":[1],"216":[3],"217":[6],"218":[1],"219":[5],"220":[0],"221":[5],"222":[0],"223":[5],"224":[0],"225":[3],"226":[2],"227":[0],"228":[5],"229":[15],"230":[14],"231":[0],"232":[0],"233":[0],"234":[0],"235":[0],"236":[0],"237":[0],"238":[0],"239":[0],"240":[0],"241":[0],"242":[0],"243":[165],"244":[0],"245":[0],"246":[0],"247":[1],"248":[150],"249":[0],"250":[150],"251":[1215],"252":[930],"253":[1],"254":[0],"255":[6],"256":[5],"257":[2],"258":[4],"259":[3],"260":[1],"261":[10],"262":[6],"263":[4],"264":[40],"265":[12],"266":[0],"267":[0],"268":[4],"269":[0],"270":[0],"271":[4],"272":[0],"273":[0],"274":[4],"275":[0],"276":[0],"277":[4],"278":[0],"279":[0],"280":[4],"281":[0],"282":[0],"283":[8],"284":[0],"285":[0],"286":[20],"287":[0],"288":[7],"289":[1],"290":[6],"291":[1],"292":[4],"293":[3],"294":[0],"295":[1],"296":[1]},"fnMap":{"0":{"name":"formatCurrency","decl":{"start":{"line":18,"column":0},"end":{"line":26,"column":1}},"loc":{"start":{"line":18,"column":0},"end":{"line":26,"column":1}},"line":18},"1":{"name":"sanitizeState","decl":{"start":{"line":28,"column":0},"end":{"line":93,"column":1}},"loc":{"start":{"line":28,"column":0},"end":{"line":93,"column":1}},"line":28},"2":{"name":"parseCSVText","decl":{"start":{"line":95,"column":0},"end":{"line":125,"column":1}},"loc":{"start":{"line":95,"column":0},"end":{"line":125,"column":1}},"line":95},"3":{"name":"parseFidelityPositions","decl":{"start":{"line":127,"column":0},"end":{"line":226,"column":1}},"loc":{"start":{"line":127,"column":0},"end":{"line":226,"column":1}},"line":127},"4":{"name":"parseChaseStatement","decl":{"start":{"line":228,"column":0},"end":{"line":243,"column":1}},"loc":{"start":{"line":228,"column":0},"end":{"line":243,"column":1}},"line":228},"5":{"name":"parseCapitalOneStatement","decl":{"start":{"line":245,"column":0},"end":{"line":265,"column":1}},"loc":{"start":{"line":245,"column":0},"end":{"line":265,"column":1}},"line":245},"6":{"name":"computeEffectiveTaxRate","decl":{"start":{"line":267,"column":0},"end":{"line":310,"column":1}},"loc":{"start":{"line":267,"column":0},"end":{"line":310,"column":1}},"line":267},"7":{"name":"insuranceToMonthly","decl":{"start":{"line":312,"column":0},"end":{"line":317,"column":1}},"loc":{"start":{"line":312,"column":0},"end":{"line":317,"column":1}},"line":312},"8":{"name":"getInsuranceMonthly","decl":{"start":{"line":319,"column":0},"end":{"line":324,"column":1}},"loc":{"start":{"line":319,"column":0},"end":{"line":324,"column":1}},"line":319},"9":{"name":"getMonthlyExpensesBase","decl":{"start":{"line":326,"column":0},"end":{"line":332,"column":1}},"loc":{"start":{"line":326,"column":0},"end":{"line":332,"column":1}},"line":326},"10":{"name":"getAnnualExpensesTotal","decl":{"start":{"line":334,"column":0},"end":{"line":338,"column":1}},"loc":{"start":{"line":334,"column":0},"end":{"line":338,"column":1}},"line":334},"11":{"name":"isSettledCash","decl":{"start":{"line":340,"column":0},"end":{"line":353,"column":1}},"loc":{"start":{"line":340,"column":0},"end":{"line":353,"column":1}},"line":340},"12":{"name":"getAggregateCash","decl":{"start":{"line":355,"column":0},"end":{"line":371,"column":1}},"loc":{"start":{"line":355,"column":0},"end":{"line":371,"column":1}},"line":355},"13":{"name":"getAggregateCDs","decl":{"start":{"line":373,"column":0},"end":{"line":375,"column":1}},"loc":{"start":{"line":373,"column":0},"end":{"line":375,"column":1}},"line":373},"14":{"name":"getAggregateEquities","decl":{"start":{"line":377,"column":0},"end":{"line":393,"column":1}},"loc":{"start":{"line":377,"column":0},"end":{"line":393,"column":1}},"line":377},"15":{"name":"getAggregateOtherAssets","decl":{"start":{"line":395,"column":0},"end":{"line":407,"column":1}},"loc":{"start":{"line":395,"column":0},"end":{"line":407,"column":1}},"line":395},"16":{"name":"getSideGigYTDNet","decl":{"start":{"line":409,"column":0},"end":{"line":411,"column":1}},"loc":{"start":{"line":409,"column":0},"end":{"line":411,"column":1}},"line":409},"17":{"name":"getAggregateRealEstate","decl":{"start":{"line":413,"column":0},"end":{"line":420,"column":1}},"loc":{"start":{"line":413,"column":0},"end":{"line":420,"column":1}},"line":413},"18":{"name":"getAggregateVehicles","decl":{"start":{"line":422,"column":0},"end":{"line":428,"column":1}},"loc":{"start":{"line":422,"column":0},"end":{"line":428,"column":1}},"line":422},"19":{"name":"getAggregateNetWorth","decl":{"start":{"line":430,"column":0},"end":{"line":440,"column":1}},"loc":{"start":{"line":430,"column":0},"end":{"line":440,"column":1}},"line":430},"20":{"name":"windowToPoints","decl":{"start":{"line":442,"column":0},"end":{"line":457,"column":1}},"loc":{"start":{"line":442,"column":0},"end":{"line":457,"column":1}},"line":442},"21":{"name":"sliceProjectionData","decl":{"start":{"line":459,"column":0},"end":{"line":477,"column":1}},"loc":{"start":{"line":459,"column":0},"end":{"line":477,"column":1}},"line":459},"22":{"name":"buildProjectionData","decl":{"start":{"line":479,"column":0},"end":{"line":595,"column":1}},"loc":{"start":{"line":479,"column":0},"end":{"line":595,"column":1}},"line":479},"23":{"name":"pnlColorStyle","decl":{"start":{"line":597,"column":0},"end":{"line":609,"column":1}},"loc":{"start":{"line":597,"column":0},"end":{"line":609,"column":1}},"line":597},"24":{"name":"sortPositions","decl":{"start":{"line":611,"column":0},"end":{"line":648,"column":1}},"loc":{"start":{"line":611,"column":0},"end":{"line":648,"column":1}},"line":611},"25":{"name":"calculateEbayFees","decl":{"start":{"line":650,"column":0},"end":{"line":655,"column":1}},"loc":{"start":{"line":650,"column":0},"end":{"line":655,"column":1}},"line":650},"26":{"name":"calculateEbayNetProfit","decl":{"start":{"line":657,"column":0},"end":{"line":673,"column":1}},"loc":{"start":{"line":657,"column":0},"end":{"line":673,"column":1}},"line":657}},"f":{"0":7,"1":11,"2":15,"3":7,"4":4,"5":3,"6":17,"7":53,"8":24,"9":21,"10":19,"11":8,"12":26,"13":28,"14":23,"15":24,"16":23,"17":24,"18":23,"19":21,"20":13,"21":6,"22":15,"23":6,"24":10,"25":7,"26":3}}
}
