{"/app/app/server.js": {"path":"/app/app/server.js","statementMap":{"0":{"start":{"line":1,"column":16},"end":{"line":1,"column":34}},"1":{"start":{"line":2,"column":11},"end":{"line":2,"column":24}},"2":{"start":{"line":3,"column":12},"end":{"line":3,"column":26}},"3":{"start":{"line":4,"column":13},"end":{"line":4,"column":28}},"4":{"start":{"line":6,"column":12},"end":{"line":6,"column":21}},"5":{"start":{"line":7,"column":23},"end":{"line":7,"column":57}},"6":{"start":{"line":8,"column":17},"end":{"line":8,"column":77}},"7":{"start":{"line":9,"column":16},"end":{"line":9,"column":74}},"8":{"start":{"line":11,"column":0},"end":{"line":11,"column":24}},"9":{"start":{"line":12,"column":0},"end":{"line":12,"column":35}},"10":{"start":{"line":16,"column":4},"end":{"line":18,"column":5}},"11":{"start":{"line":17,"column":8},"end":{"line":17,"column":52}},"12":{"start":{"line":19,"column":4},"end":{"line":44,"column":5}},"13":{"start":{"line":20,"column":29},"end":{"line":42,"column":9}},"14":{"start":{"line":43,"column":8},"end":{"line":43,"column":73}},"15":{"start":{"line":47,"column":0},"end":{"line":47,"column":15}},"16":{"start":{"line":51,"column":4},"end":{"line":60,"column":5}},"17":{"start":{"line":52,"column":21},"end":{"line":52,"column":53}},"18":{"start":{"line":53,"column":8},"end":{"line":53,"column":32}},"19":{"start":{"line":55,"column":8},"end":{"line":58,"column":10}},"20":{"start":{"line":59,"column":8},"end":{"line":59,"column":18}},"21":{"start":{"line":65,"column":4},"end":{"line":71,"column":5}},"22":{"start":{"line":66,"column":8},"end":{"line":66,"column":66}},"23":{"start":{"line":67,"column":8},"end":{"line":67,"column":20}},"24":{"start":{"line":69,"column":8},"end":{"line":69,"column":54}},"25":{"start":{"line":70,"column":8},"end":{"line":70,"column":21}},"26":{"start":{"line":79,"column":0},"end":{"line":81,"column":3}},"27":{"start":{"line":80,"column":4},"end":{"line":80,"column":26}},"28":{"start":{"line":84,"column":0},"end":{"line":91,"column":3}},"29":{"start":{"line":85,"column":20},"end":{"line":85,"column":40}},"30":{"start":{"line":86,"column":4},"end":{"line":90,"column":5}},"31":{"start":{"line":87,"column":8},"end":{"line":87,"column":78}},"32":{"start":{"line":89,"column":8},"end":{"line":89,"column":75}},"33":{"start":{"line":94,"column":0},"end":{"line":109,"column":3}},"34":{"start":{"line":95,"column":15},"end":{"line":95,"column":26}},"35":{"start":{"line":96,"column":19},"end":{"line":102,"column":5}},"36":{"start":{"line":103,"column":4},"end":{"line":103,"column":35}},"37":{"start":{"line":104,"column":4},"end":{"line":108,"column":5}},"38":{"start":{"line":105,"column":8},"end":{"line":105,"column":37}},"39":{"start":{"line":107,"column":8},"end":{"line":107,"column":74}},"40":{"start":{"line":111,"column":0},"end":{"line":141,"column":3}},"41":{"start":{"line":112,"column":15},"end":{"line":112,"column":26}},"42":{"start":{"line":113,"column":25},"end":{"line":115,"column":5}},"43":{"start":{"line":114,"column":17},"end":{"line":114,"column":41}},"44":{"start":{"line":117,"column":4},"end":{"line":119,"column":5}},"45":{"start":{"line":118,"column":8},"end":{"line":118,"column":69}},"46":{"start":{"line":122,"column":4},"end":{"line":134,"column":6}},"47":{"start":{"line":136,"column":4},"end":{"line":140,"column":5}},"48":{"start":{"line":137,"column":8},"end":{"line":137,"column":50}},"49":{"start":{"line":139,"column":8},"end":{"line":139,"column":76}},"50":{"start":{"line":143,"column":0},"end":{"line":159,"column":3}},"51":{"start":{"line":144,"column":15},"end":{"line":144,"column":26}},"52":{"start":{"line":145,"column":26},"end":{"line":145,"column":50}},"53":{"start":{"line":146,"column":4},"end":{"line":148,"column":6}},"54":{"start":{"line":147,"column":17},"end":{"line":147,"column":41}},"55":{"start":{"line":150,"column":4},"end":{"line":152,"column":5}},"56":{"start":{"line":151,"column":8},"end":{"line":151,"column":69}},"57":{"start":{"line":154,"column":4},"end":{"line":158,"column":5}},"58":{"start":{"line":155,"column":8},"end":{"line":155,"column":63}},"59":{"start":{"line":157,"column":8},"end":{"line":157,"column":76}},"60":{"start":{"line":162,"column":0},"end":{"line":178,"column":3}},"61":{"start":{"line":163,"column":15},"end":{"line":163,"column":26}},"62":{"start":{"line":164,"column":18},"end":{"line":171,"column":5}},"63":{"start":{"line":172,"column":4},"end":{"line":172,"column":23}},"64":{"start":{"line":173,"column":4},"end":{"line":177,"column":5}},"65":{"start":{"line":174,"column":8},"end":{"line":174,"column":36}},"66":{"start":{"line":176,"column":8},"end":{"line":176,"column":62}},"67":{"start":{"line":180,"column":0},"end":{"line":208,"column":3}},"68":{"start":{"line":181,"column":15},"end":{"line":181,"column":26}},"69":{"start":{"line":182,"column":20},"end":{"line":182,"column":69}},"70":{"start":{"line":182,"column":45},"end":{"line":182,"column":68}},"71":{"start":{"line":184,"column":4},"end":{"line":186,"column":5}},"72":{"start":{"line":185,"column":8},"end":{"line":185,"column":64}},"73":{"start":{"line":188,"column":4},"end":{"line":201,"column":6}},"74":{"start":{"line":203,"column":4},"end":{"line":207,"column":5}},"75":{"start":{"line":204,"column":8},"end":{"line":204,"column":34}},"76":{"start":{"line":206,"column":8},"end":{"line":206,"column":64}},"77":{"start":{"line":210,"column":0},"end":{"line":224,"column":3}},"78":{"start":{"line":211,"column":15},"end":{"line":211,"column":26}},"79":{"start":{"line":212,"column":26},"end":{"line":212,"column":39}},"80":{"start":{"line":213,"column":4},"end":{"line":213,"column":60}},"81":{"start":{"line":213,"column":35},"end":{"line":213,"column":58}},"82":{"start":{"line":215,"column":4},"end":{"line":217,"column":5}},"83":{"start":{"line":216,"column":8},"end":{"line":216,"column":64}},"84":{"start":{"line":219,"column":4},"end":{"line":223,"column":5}},"85":{"start":{"line":220,"column":8},"end":{"line":220,"column":58}},"86":{"start":{"line":222,"column":8},"end":{"line":222,"column":64}},"87":{"start":{"line":227,"column":20},"end":{"line":227,"column":69}},"88":{"start":{"line":231,"column":4},"end":{"line":266,"column":5}},"89":{"start":{"line":232,"column":27},"end":{"line":240,"column":10}},"90":{"start":{"line":241,"column":26},"end":{"line":241,"column":68}},"91":{"start":{"line":243,"column":28},"end":{"line":243,"column":67}},"92":{"start":{"line":244,"column":23},"end":{"line":244,"column":64}},"93":{"start":{"line":247,"column":25},"end":{"line":256,"column":9}},"94":{"start":{"line":257,"column":8},"end":{"line":263,"column":9}},"95":{"start":{"line":258,"column":26},"end":{"line":258,"column":47}},"96":{"start":{"line":259,"column":12},"end":{"line":259,"column":40}},"97":{"start":{"line":260,"column":12},"end":{"line":260,"column":45}},"98":{"start":{"line":261,"column":12},"end":{"line":261,"column":72}},"99":{"start":{"line":262,"column":12},"end":{"line":262,"column":24}},"100":{"start":{"line":265,"column":8},"end":{"line":265,"column":64}},"101":{"start":{"line":267,"column":4},"end":{"line":267,"column":17}},"102":{"start":{"line":271,"column":0},"end":{"line":364,"column":3}},"103":{"start":{"line":272,"column":23},"end":{"line":272,"column":40}},"104":{"start":{"line":273,"column":4},"end":{"line":273,"column":41}},"105":{"start":{"line":273,"column":21},"end":{"line":273,"column":41}},"106":{"start":{"line":276,"column":23},"end":{"line":284,"column":9}},"107":{"start":{"line":278,"column":20},"end":{"line":278,"column":49}},"108":{"start":{"line":281,"column":16},"end":{"line":283,"column":78}},"109":{"start":{"line":286,"column":4},"end":{"line":286,"column":53}},"110":{"start":{"line":286,"column":33},"end":{"line":286,"column":53}},"111":{"start":{"line":288,"column":26},"end":{"line":288,"column":50}},"112":{"start":{"line":289,"column":16},"end":{"line":289,"column":26}},"113":{"start":{"line":292,"column":4},"end":{"line":302,"column":5}},"114":{"start":{"line":293,"column":27},"end":{"line":295,"column":9}},"115":{"start":{"line":294,"column":19},"end":{"line":294,"column":52}},"116":{"start":{"line":296,"column":8},"end":{"line":301,"column":9}},"117":{"start":{"line":297,"column":12},"end":{"line":299,"column":14}},"118":{"start":{"line":300,"column":12},"end":{"line":300,"column":46}},"119":{"start":{"line":305,"column":4},"end":{"line":307,"column":5}},"120":{"start":{"line":306,"column":8},"end":{"line":306,"column":34}},"121":{"start":{"line":309,"column":24},"end":{"line":315,"column":5}},"122":{"start":{"line":317,"column":17},"end":{"line":317,"column":60}},"123":{"start":{"line":318,"column":23},"end":{"line":320,"column":12}},"124":{"start":{"line":322,"column":22},"end":{"line":326,"column":5}},"125":{"start":{"line":328,"column":4},"end":{"line":358,"column":5}},"126":{"start":{"line":329,"column":8},"end":{"line":357,"column":9}},"127":{"start":{"line":330,"column":29},"end":{"line":330,"column":71}},"128":{"start":{"line":331,"column":12},"end":{"line":354,"column":13}},"129":{"start":{"line":332,"column":29},"end":{"line":332,"column":50}},"130":{"start":{"line":334,"column":20},"end":{"line":334,"column":75}},"131":{"start":{"line":335,"column":16},"end":{"line":345,"column":17}},"132":{"start":{"line":336,"column":20},"end":{"line":341,"column":23}},"133":{"start":{"line":337,"column":24},"end":{"line":340,"column":26}},"134":{"start":{"line":342,"column":20},"end":{"line":342,"column":48}},"135":{"start":{"line":343,"column":20},"end":{"line":343,"column":79}},"136":{"start":{"line":344,"column":20},"end":{"line":344,"column":54}},"137":{"start":{"line":346,"column":19},"end":{"line":354,"column":13}},"138":{"start":{"line":348,"column":16},"end":{"line":350,"column":18}},"139":{"start":{"line":351,"column":16},"end":{"line":351,"column":42}},"140":{"start":{"line":353,"column":16},"end":{"line":353,"column":77}},"141":{"start":{"line":356,"column":12},"end":{"line":356,"column":63}},"142":{"start":{"line":360,"column":4},"end":{"line":362,"column":6}},"143":{"start":{"line":363,"column":4},"end":{"line":363,"column":31}},"144":{"start":{"line":367,"column":28},"end":{"line":367,"column":38}},"145":{"start":{"line":368,"column":4},"end":{"line":385,"column":7}},"146":{"start":{"line":369,"column":22},"end":{"line":369,"column":40}},"147":{"start":{"line":370,"column":8},"end":{"line":380,"column":11}},"148":{"start":{"line":371,"column":12},"end":{"line":379,"column":13}},"149":{"start":{"line":371,"column":29},"end":{"line":371,"column":62}},"150":{"start":{"line":374,"column":33},"end":{"line":374,"column":51}},"151":{"start":{"line":375,"column":16},"end":{"line":378,"column":19}},"152":{"start":{"line":376,"column":30},"end":{"line":376,"column":53}},"153":{"start":{"line":377,"column":20},"end":{"line":377,"column":53}},"154":{"start":{"line":377,"column":41},"end":{"line":377,"column":51}},"155":{"start":{"line":381,"column":8},"end":{"line":383,"column":11}},"156":{"start":{"line":382,"column":12},"end":{"line":382,"column":45}},"157":{"start":{"line":382,"column":30},"end":{"line":382,"column":43}},"158":{"start":{"line":384,"column":8},"end":{"line":384,"column":27}},"159":{"start":{"line":388,"column":0},"end":{"line":402,"column":1}},"160":{"start":{"line":389,"column":4},"end":{"line":401,"column":7}},"161":{"start":{"line":390,"column":8},"end":{"line":400,"column":11}},"162":{"start":{"line":391,"column":12},"end":{"line":395,"column":13}},"163":{"start":{"line":392,"column":16},"end":{"line":394,"column":18}},"164":{"start":{"line":396,"column":12},"end":{"line":398,"column":14}},"165":{"start":{"line":399,"column":12},"end":{"line":399,"column":48}},"166":{"start":{"line":404,"column":0},"end":{"line":404,"column":21}}},"fnMap":{"0":{"name":"initDatabase","decl":{"start":{"line":15,"column":9},"end":{"line":15,"column":21}},"loc":{"start":{"line":15,"column":24},"end":{"line":45,"column":1}},"line":15},"1":{"name":"readState","decl":{"start":{"line":50,"column":9},"end":{"line":50,"column":18}},"loc":{"start":{"line":50,"column":21},"end":{"line":61,"column":1}},"line":50},"2":{"name":"writeState","decl":{"start":{"line":64,"column":9},"end":{"line":64,"column":19}},"loc":{"start":{"line":64,"column":27},"end":{"line":72,"column":1}},"line":64},"3":{"name":"(anonymous_3)","decl":{"start":{"line":79,"column":22},"end":{"line":79,"column":23}},"loc":{"start":{"line":79,"column":36},"end":{"line":81,"column":1}},"line":79},"4":{"name":"(anonymous_4)","decl":{"start":{"line":84,"column":23},"end":{"line":84,"column":24}},"loc":{"start":{"line":84,"column":37},"end":{"line":91,"column":1}},"line":84},"5":{"name":"(anonymous_5)","decl":{"start":{"line":94,"column":26},"end":{"line":94,"column":27}},"loc":{"start":{"line":94,"column":40},"end":{"line":109,"column":1}},"line":94},"6":{"name":"(anonymous_6)","decl":{"start":{"line":111,"column":29},"end":{"line":111,"column":30}},"loc":{"start":{"line":111,"column":43},"end":{"line":141,"column":1}},"line":111},"7":{"name":"(anonymous_7)","decl":{"start":{"line":114,"column":8},"end":{"line":114,"column":9}},"loc":{"start":{"line":114,"column":17},"end":{"line":114,"column":41}},"line":114},"8":{"name":"(anonymous_8)","decl":{"start":{"line":143,"column":32},"end":{"line":143,"column":33}},"loc":{"start":{"line":143,"column":46},"end":{"line":159,"column":1}},"line":143},"9":{"name":"(anonymous_9)","decl":{"start":{"line":147,"column":8},"end":{"line":147,"column":9}},"loc":{"start":{"line":147,"column":17},"end":{"line":147,"column":41}},"line":147},"10":{"name":"(anonymous_10)","decl":{"start":{"line":162,"column":21},"end":{"line":162,"column":22}},"loc":{"start":{"line":162,"column":35},"end":{"line":178,"column":1}},"line":162},"11":{"name":"(anonymous_11)","decl":{"start":{"line":180,"column":24},"end":{"line":180,"column":25}},"loc":{"start":{"line":180,"column":38},"end":{"line":208,"column":1}},"line":180},"12":{"name":"(anonymous_12)","decl":{"start":{"line":182,"column":37},"end":{"line":182,"column":38}},"loc":{"start":{"line":182,"column":45},"end":{"line":182,"column":68}},"line":182},"13":{"name":"(anonymous_13)","decl":{"start":{"line":210,"column":27},"end":{"line":210,"column":28}},"loc":{"start":{"line":210,"column":41},"end":{"line":224,"column":1}},"line":210},"14":{"name":"(anonymous_14)","decl":{"start":{"line":213,"column":27},"end":{"line":213,"column":28}},"loc":{"start":{"line":213,"column":35},"end":{"line":213,"column":58}},"line":213},"15":{"name":"refreshYahooCrumb","decl":{"start":{"line":230,"column":15},"end":{"line":230,"column":32}},"loc":{"start":{"line":230,"column":35},"end":{"line":268,"column":1}},"line":230},"16":{"name":"(anonymous_16)","decl":{"start":{"line":271,"column":23},"end":{"line":271,"column":28}},"loc":{"start":{"line":271,"column":43},"end":{"line":364,"column":1}},"line":271},"17":{"name":"(anonymous_17)","decl":{"start":{"line":278,"column":13},"end":{"line":278,"column":14}},"loc":{"start":{"line":278,"column":20},"end":{"line":278,"column":49}},"line":278},"18":{"name":"(anonymous_18)","decl":{"start":{"line":280,"column":12},"end":{"line":280,"column":13}},"loc":{"start":{"line":281,"column":16},"end":{"line":283,"column":78}},"line":281},"19":{"name":"(anonymous_19)","decl":{"start":{"line":294,"column":12},"end":{"line":294,"column":13}},"loc":{"start":{"line":294,"column":19},"end":{"line":294,"column":52}},"line":294},"20":{"name":"(anonymous_20)","decl":{"start":{"line":336,"column":35},"end":{"line":336,"column":36}},"loc":{"start":{"line":336,"column":42},"end":{"line":341,"column":21}},"line":336},"21":{"name":"findAvailablePort","decl":{"start":{"line":366,"column":9},"end":{"line":366,"column":26}},"loc":{"start":{"line":366,"column":39},"end":{"line":386,"column":1}},"line":366},"22":{"name":"(anonymous_22)","decl":{"start":{"line":368,"column":23},"end":{"line":368,"column":24}},"loc":{"start":{"line":368,"column":36},"end":{"line":385,"column":5}},"line":368},"23":{"name":"(anonymous_23)","decl":{"start":{"line":370,"column":28},"end":{"line":370,"column":29}},"loc":{"start":{"line":370,"column":34},"end":{"line":380,"column":9}},"line":370},"24":{"name":"(anonymous_24)","decl":{"start":{"line":375,"column":35},"end":{"line":375,"column":36}},"loc":{"start":{"line":375,"column":41},"end":{"line":378,"column":17}},"line":375},"25":{"name":"(anonymous_25)","decl":{"start":{"line":377,"column":35},"end":{"line":377,"column":36}},"loc":{"start":{"line":377,"column":41},"end":{"line":377,"column":51}},"line":377},"26":{"name":"(anonymous_26)","decl":{"start":{"line":381,"column":32},"end":{"line":381,"column":33}},"loc":{"start":{"line":381,"column":38},"end":{"line":383,"column":9}},"line":381},"27":{"name":"(anonymous_27)","decl":{"start":{"line":382,"column":24},"end":{"line":382,"column":25}},"loc":{"start":{"line":382,"column":30},"end":{"line":382,"column":43}},"line":382},"28":{"name":"(anonymous_28)","decl":{"start":{"line":389,"column":69},"end":{"line":389,"column":70}},"loc":{"start":{"line":389,"column":79},"end":{"line":401,"column":5}},"line":389},"29":{"name":"(anonymous_29)","decl":{"start":{"line":390,"column":25},"end":{"line":390,"column":26}},"loc":{"start":{"line":390,"column":31},"end":{"line":400,"column":9}},"line":390},"30":{"name":"(anonymous_30)","decl":{"start":{"line":399,"column":38},"end":{"line":399,"column":39}},"loc":{"start":{"line":399,"column":44},"end":{"line":399,"column":46}},"line":399}},"branchMap":{"0":{"loc":{"start":{"line":7,"column":23},"end":{"line":7,"column":57}},"type":"binary-expr","locations":[{"start":{"line":7,"column":23},"end":{"line":7,"column":49}},{"start":{"line":7,"column":53},"end":{"line":7,"column":57}}],"line":7},"1":{"loc":{"start":{"line":8,"column":17},"end":{"line":8,"column":77}},"type":"binary-expr","locations":[{"start":{"line":8,"column":17},"end":{"line":8,"column":42}},{"start":{"line":8,"column":46},"end":{"line":8,"column":77}}],"line":8},"2":{"loc":{"start":{"line":9,"column":16},"end":{"line":9,"column":74}},"type":"binary-expr","locations":[{"start":{"line":9,"column":16},"end":{"line":9,"column":40}},{"start":{"line":9,"column":44},"end":{"line":9,"column":74}}],"line":9},"3":{"loc":{"start":{"line":16,"column":4},"end":{"line":18,"column":5}},"type":"if","locations":[{"start":{"line":16,"column":4},"end":{"line":18,"column":5}},{"start":{},"end":{}}],"line":16},"4":{"loc":{"start":{"line":19,"column":4},"end":{"line":44,"column":5}},"type":"if","locations":[{"start":{"line":19,"column":4},"end":{"line":44,"column":5}},{"start":{},"end":{}}],"line":19},"5":{"loc":{"start":{"line":86,"column":4},"end":{"line":90,"column":5}},"type":"if","locations":[{"start":{"line":86,"column":4},"end":{"line":90,"column":5}},{"start":{"line":88,"column":11},"end":{"line":90,"column":5}}],"line":86},"6":{"loc":{"start":{"line":99,"column":14},"end":{"line":99,"column":37}},"type":"binary-expr","locations":[{"start":{"line":99,"column":14},"end":{"line":99,"column":27}},{"start":{"line":99,"column":31},"end":{"line":99,"column":37}}],"line":99},"7":{"loc":{"start":{"line":100,"column":15},"end":{"line":100,"column":46}},"type":"binary-expr","locations":[{"start":{"line":100,"column":15},"end":{"line":100,"column":41}},{"start":{"line":100,"column":45},"end":{"line":100,"column":46}}],"line":100},"8":{"loc":{"start":{"line":101,"column":13},"end":{"line":101,"column":42}},"type":"binary-expr","locations":[{"start":{"line":101,"column":13},"end":{"line":101,"column":37}},{"start":{"line":101,"column":41},"end":{"line":101,"column":42}}],"line":101},"9":{"loc":{"start":{"line":104,"column":4},"end":{"line":108,"column":5}},"type":"if","locations":[{"start":{"line":104,"column":4},"end":{"line":108,"column":5}},{"start":{"line":106,"column":11},"end":{"line":108,"column":5}}],"line":104},"10":{"loc":{"start":{"line":117,"column":4},"end":{"line":119,"column":5}},"type":"if","locations":[{"start":{"line":117,"column":4},"end":{"line":119,"column":5}},{"start":{},"end":{}}],"line":117},"11":{"loc":{"start":{"line":124,"column":14},"end":{"line":124,"column":67}},"type":"binary-expr","locations":[{"start":{"line":124,"column":14},"end":{"line":124,"column":27}},{"start":{"line":124,"column":31},"end":{"line":124,"column":67}}],"line":124},"12":{"loc":{"start":{"line":125,"column":14},"end":{"line":125,"column":67}},"type":"binary-expr","locations":[{"start":{"line":125,"column":14},"end":{"line":125,"column":27}},{"start":{"line":125,"column":31},"end":{"line":125,"column":67}}],"line":125},"13":{"loc":{"start":{"line":127,"column":12},"end":{"line":129,"column":55}},"type":"cond-expr","locations":[{"start":{"line":128,"column":18},"end":{"line":128,"column":44}},{"start":{"line":129,"column":18},"end":{"line":129,"column":55}}],"line":127},"14":{"loc":{"start":{"line":131,"column":12},"end":{"line":133,"column":53}},"type":"cond-expr","locations":[{"start":{"line":132,"column":18},"end":{"line":132,"column":42}},{"start":{"line":133,"column":18},"end":{"line":133,"column":53}}],"line":131},"15":{"loc":{"start":{"line":136,"column":4},"end":{"line":140,"column":5}},"type":"if","locations":[{"start":{"line":136,"column":4},"end":{"line":140,"column":5}},{"start":{"line":138,"column":11},"end":{"line":140,"column":5}}],"line":136},"16":{"loc":{"start":{"line":150,"column":4},"end":{"line":152,"column":5}},"type":"if","locations":[{"start":{"line":150,"column":4},"end":{"line":152,"column":5}},{"start":{},"end":{}}],"line":150},"17":{"loc":{"start":{"line":154,"column":4},"end":{"line":158,"column":5}},"type":"if","locations":[{"start":{"line":154,"column":4},"end":{"line":158,"column":5}},{"start":{"line":156,"column":11},"end":{"line":158,"column":5}}],"line":154},"18":{"loc":{"start":{"line":167,"column":19},"end":{"line":167,"column":54}},"type":"binary-expr","locations":[{"start":{"line":167,"column":19},"end":{"line":167,"column":49}},{"start":{"line":167,"column":53},"end":{"line":167,"column":54}}],"line":167},"19":{"loc":{"start":{"line":168,"column":14},"end":{"line":168,"column":44}},"type":"binary-expr","locations":[{"start":{"line":168,"column":14},"end":{"line":168,"column":39}},{"start":{"line":168,"column":43},"end":{"line":168,"column":44}}],"line":168},"20":{"loc":{"start":{"line":169,"column":19},"end":{"line":169,"column":78}},"type":"binary-expr","locations":[{"start":{"line":169,"column":19},"end":{"line":169,"column":37}},{"start":{"line":169,"column":41},"end":{"line":169,"column":78}}],"line":169},"21":{"loc":{"start":{"line":173,"column":4},"end":{"line":177,"column":5}},"type":"if","locations":[{"start":{"line":173,"column":4},"end":{"line":177,"column":5}},{"start":{"line":175,"column":11},"end":{"line":177,"column":5}}],"line":173},"22":{"loc":{"start":{"line":184,"column":4},"end":{"line":186,"column":5}},"type":"if","locations":[{"start":{"line":184,"column":4},"end":{"line":186,"column":5}},{"start":{},"end":{}}],"line":184},"23":{"loc":{"start":{"line":190,"column":14},"end":{"line":190,"column":51}},"type":"binary-expr","locations":[{"start":{"line":190,"column":14},"end":{"line":190,"column":27}},{"start":{"line":190,"column":31},"end":{"line":190,"column":51}}],"line":190},"24":{"loc":{"start":{"line":192,"column":12},"end":{"line":194,"column":43}},"type":"cond-expr","locations":[{"start":{"line":193,"column":18},"end":{"line":193,"column":48}},{"start":{"line":194,"column":18},"end":{"line":194,"column":43}}],"line":192},"25":{"loc":{"start":{"line":196,"column":12},"end":{"line":198,"column":38}},"type":"cond-expr","locations":[{"start":{"line":197,"column":18},"end":{"line":197,"column":43}},{"start":{"line":198,"column":18},"end":{"line":198,"column":38}}],"line":196},"26":{"loc":{"start":{"line":199,"column":19},"end":{"line":199,"column":66}},"type":"binary-expr","locations":[{"start":{"line":199,"column":19},"end":{"line":199,"column":37}},{"start":{"line":199,"column":41},"end":{"line":199,"column":66}}],"line":199},"27":{"loc":{"start":{"line":200,"column":18},"end":{"line":200,"column":63}},"type":"binary-expr","locations":[{"start":{"line":200,"column":18},"end":{"line":200,"column":35}},{"start":{"line":200,"column":39},"end":{"line":200,"column":63}}],"line":200},"28":{"loc":{"start":{"line":203,"column":4},"end":{"line":207,"column":5}},"type":"if","locations":[{"start":{"line":203,"column":4},"end":{"line":207,"column":5}},{"start":{"line":205,"column":11},"end":{"line":207,"column":5}}],"line":203},"29":{"loc":{"start":{"line":215,"column":4},"end":{"line":217,"column":5}},"type":"if","locations":[{"start":{"line":215,"column":4},"end":{"line":217,"column":5}},{"start":{},"end":{}}],"line":215},"30":{"loc":{"start":{"line":219,"column":4},"end":{"line":223,"column":5}},"type":"if","locations":[{"start":{"line":219,"column":4},"end":{"line":223,"column":5}},{"start":{"line":221,"column":11},"end":{"line":223,"column":5}}],"line":219},"31":{"loc":{"start":{"line":241,"column":26},"end":{"line":241,"column":68}},"type":"binary-expr","locations":[{"start":{"line":241,"column":26},"end":{"line":241,"column":62}},{"start":{"line":241,"column":66},"end":{"line":241,"column":68}}],"line":241},"32":{"loc":{"start":{"line":244,"column":23},"end":{"line":244,"column":64}},"type":"cond-expr","locations":[{"start":{"line":244,"column":37},"end":{"line":244,"column":59}},{"start":{"line":244,"column":62},"end":{"line":244,"column":64}}],"line":244},"33":{"loc":{"start":{"line":257,"column":8},"end":{"line":263,"column":9}},"type":"if","locations":[{"start":{"line":257,"column":8},"end":{"line":263,"column":9}},{"start":{},"end":{}}],"line":257},"34":{"loc":{"start":{"line":273,"column":4},"end":{"line":273,"column":41}},"type":"if","locations":[{"start":{"line":273,"column":4},"end":{"line":273,"column":41}},{"start":{},"end":{}}],"line":273},"35":{"loc":{"start":{"line":281,"column":16},"end":{"line":283,"column":78}},"type":"binary-expr","locations":[{"start":{"line":281,"column":16},"end":{"line":281,"column":28}},{"start":{"line":282,"column":16},"end":{"line":282,"column":31}},{"start":{"line":283,"column":16},"end":{"line":283,"column":78}}],"line":281},"36":{"loc":{"start":{"line":286,"column":4},"end":{"line":286,"column":53}},"type":"if","locations":[{"start":{"line":286,"column":4},"end":{"line":286,"column":53}},{"start":{},"end":{}}],"line":286},"37":{"loc":{"start":{"line":292,"column":4},"end":{"line":302,"column":5}},"type":"if","locations":[{"start":{"line":292,"column":4},"end":{"line":302,"column":5}},{"start":{},"end":{}}],"line":292},"38":{"loc":{"start":{"line":296,"column":8},"end":{"line":301,"column":9}},"type":"if","locations":[{"start":{"line":296,"column":8},"end":{"line":301,"column":9}},{"start":{},"end":{}}],"line":296},"39":{"loc":{"start":{"line":305,"column":4},"end":{"line":307,"column":5}},"type":"if","locations":[{"start":{"line":305,"column":4},"end":{"line":307,"column":5}},{"start":{},"end":{}}],"line":305},"40":{"loc":{"start":{"line":318,"column":23},"end":{"line":320,"column":12}},"type":"cond-expr","locations":[{"start":{"line":319,"column":10},"end":{"line":319,"column":59}},{"start":{"line":320,"column":10},"end":{"line":320,"column":12}}],"line":318},"41":{"loc":{"start":{"line":331,"column":12},"end":{"line":354,"column":13}},"type":"if","locations":[{"start":{"line":331,"column":12},"end":{"line":354,"column":13}},{"start":{"line":346,"column":19},"end":{"line":354,"column":13}}],"line":331},"42":{"loc":{"start":{"line":334,"column":20},"end":{"line":334,"column":75}},"type":"binary-expr","locations":[{"start":{"line":334,"column":21},"end":{"line":334,"column":39}},{"start":{"line":334,"column":43},"end":{"line":334,"column":68}},{"start":{"line":334,"column":73},"end":{"line":334,"column":75}}],"line":334},"43":{"loc":{"start":{"line":335,"column":16},"end":{"line":345,"column":17}},"type":"if","locations":[{"start":{"line":335,"column":16},"end":{"line":345,"column":17}},{"start":{},"end":{}}],"line":335},"44":{"loc":{"start":{"line":339,"column":43},"end":{"line":339,"column":76}},"type":"binary-expr","locations":[{"start":{"line":339,"column":43},"end":{"line":339,"column":71}},{"start":{"line":339,"column":75},"end":{"line":339,"column":76}}],"line":339},"45":{"loc":{"start":{"line":346,"column":19},"end":{"line":354,"column":13}},"type":"if","locations":[{"start":{"line":346,"column":19},"end":{"line":354,"column":13}},{"start":{"line":352,"column":19},"end":{"line":354,"column":13}}],"line":346},"46":{"loc":{"start":{"line":346,"column":23},"end":{"line":346,"column":73}},"type":"binary-expr","locations":[{"start":{"line":346,"column":23},"end":{"line":346,"column":46}},{"start":{"line":346,"column":50},"end":{"line":346,"column":73}}],"line":346},"47":{"loc":{"start":{"line":371,"column":12},"end":{"line":379,"column":13}},"type":"if","locations":[{"start":{"line":371,"column":12},"end":{"line":379,"column":13}},{"start":{"line":372,"column":17},"end":{"line":379,"column":13}}],"line":371},"48":{"loc":{"start":{"line":388,"column":0},"end":{"line":402,"column":1}},"type":"if","locations":[{"start":{"line":388,"column":0},"end":{"line":402,"column":1}},{"start":{},"end":{}}],"line":388},"49":{"loc":{"start":{"line":391,"column":12},"end":{"line":395,"column":13}},"type":"if","locations":[{"start":{"line":391,"column":12},"end":{"line":395,"column":13}},{"start":{},"end":{}}],"line":391}},"s":{"0":2,"1":2,"2":2,"3":2,"4":2,"5":2,"6":2,"7":2,"8":2,"9":2,"10":2,"11":0,"12":2,"13":2,"14":0,"15":0,"16":86,"17":86,"18":86,"19":0,"20":0,"21":64,"22":64,"23":64,"24":0,"25":0,"26":2,"27":23,"28":2,"29":5,"30":5,"31":0,"32":0,"33":0,"34":0,"35":0,"36":0,"37":0,"38":0,"39":0,"40":0,"41":0,"42":0,"43":5,"44":0,"45":1,"46":4,"47":5,"48":4,"49":0,"50":0,"51":5,"52":5,"53":5,"54":6,"55":5,"56":1,"57":4,"58":4,"59":0,"60":0,"61":0,"62":0,"63":0,"64":0,"65":0,"66":0,"67":0,"68":0,"69":0,"70":5,"71":0,"72":1,"73":4,"74":5,"75":4,"76":0,"77":0,"78":4,"79":4,"80":4,"81":4,"82":4,"83":1,"84":3,"85":3,"86":0,"87":0,"88":3,"89":3,"90":0,"91":3,"92":3,"93":3,"94":0,"95":0,"96":0,"97":0,"98":0,"99":1,"100":1,"101":1,"102":1,"103":0,"104":0,"105":1,"106":4,"107":10,"108":10,"109":8,"110":3,"111":8,"112":8,"113":1,"114":1,"115":0,"116":6,"117":6,"118":5,"119":1,"120":1,"121":1,"122":5,"123":5,"124":5,"125":5,"126":3,"127":3,"128":3,"129":0,"130":0,"131":10,"132":4,"133":2,"134":1,"135":1,"136":0,"137":1,"138":2,"139":2,"140":1,"141":0,"142":1,"143":5,"144":4,"145":4,"146":4,"147":4,"148":0,"149":0,"150":0,"151":0,"152":0,"153":0,"154":0,"155":0,"156":0,"157":0,"158":0,"159":0,"160":0,"161":0,"162":0,"163":0,"164":0,"165":0,"166":0},"f":{"0":2,"1":86,"2":64,"3":23,"4":5,"5":0,"6":0,"7":5,"8":5,"9":6,"10":0,"11":0,"12":5,"13":4,"14":4,"15":0,"16":4,"17":10,"18":10,"19":0,"20":0,"21":5,"22":4,"23":4,"24":0,"25":0,"26":0,"27":0,"28":0,"29":0,"30":0},"b":{"0":[2,2],"1":[2,2],"2":[2,0],"3":[0,2],"4":[2,0],"5":[0,0],"6":[24,3],"7":[24,1],"8":[0,18],"9":[0,0],"10":[1,-1],"11":[4,3],"12":[5,4],"13":[3,1],"14":[1,3],"15":[4,0],"16":[1,4],"17":[4,0],"18":[0,20],"19":[20,0],"20":[0,19],"21":[0,0],"22":[1,-1],"23":[4,3],"24":[2,2],"25":[1,3],"26":[5,4],"27":[5,3],"28":[4,0],"29":[1,3],"30":[3,0],"31":[0,3],"32":[0,3],"33":[0,0],"34":[1,-1],"35":[10,6,5],"36":[3,5],"37":[0,1],"38":[6,0],"39":[1,0],"40":[0,5],"41":[0,1],"42":[0,0,0],"43":[10,0],"44":[0,0],"45":[2,1],"46":[1,1],"47":[0,0],"48":[0,0],"49":[0,0]},"meta":{"lastBranch":50,"lastFunction":31,"lastStatement":167,"seen":{"s:1:16:1:34":0,"s:2:11:2:24":1,"s:3:12:3:26":2,"s:4:13:4:28":3,"s:6:12:6:21":4,"s:7:23:7:57":5,"b:7:23:7:49:7:53:7:57":0,"s:8:17:8:77":6,"b:8:17:8:42:8:46:8:77":1,"s:9:16:9:74":7,"b:9:16:9:40:9:44:9:74":2,"s:11:0:11:24":8,"s:12:0:12:35":9,"f:15:9:15:21":0,"b:16:4:18:5:undefined:undefined:undefined:undefined":3,"s:16:4:18:5":10,"s:17:8:17:52":11,"b:19:4:44:5:undefined:undefined:undefined:undefined":4,"s:19:4:44:5":12,"s:20:29:42:9":13,"s:43:8:43:73":14,"s:47:0:47:15":15,"f:50:9:50:18":1,"s:51:4:60:5":16,"s:52:21:52:53":17,"s:53:8:53:32":18,"s:55:8:58:10":19,"s:59:8:59:18":20,"f:64:9:64:19":2,"s:65:4:71:5":21,"s:66:8:66:66":22,"s:67:8:67:20":23,"s:69:8:69:54":24,"s:70:8:70:21":25,"s:79:0:81:3":26,"f:79:22:79:23":3,"s:80:4:80:26":27,"s:84:0:91:3":28,"f:84:23:84:24":4,"s:85:20:85:40":29,"b:86:4:90:5:88:11:90:5":5,"s:86:4:90:5":30,"s:87:8:87:78":31,"s:89:8:89:75":32,"s:94:0:109:3":33,"f:94:26:94:27":5,"s:95:15:95:26":34,"s:96:19:102:5":35,"b:99:14:99:27:99:31:99:37":6,"b:100:15:100:41:100:45:100:46":7,"b:101:13:101:37:101:41:101:42":8,"s:103:4:103:35":36,"b:104:4:108:5:106:11:108:5":9,"s:104:4:108:5":37,"s:105:8:105:37":38,"s:107:8:107:74":39,"s:111:0:141:3":40,"f:111:29:111:30":6,"s:112:15:112:26":41,"s:113:25:115:5":42,"f:114:8:114:9":7,"s:114:17:114:41":43,"b:117:4:119:5:undefined:undefined:undefined:undefined":10,"s:117:4:119:5":44,"s:118:8:118:69":45,"s:122:4:134:6":46,"b:124:14:124:27:124:31:124:67":11,"b:125:14:125:27:125:31:125:67":12,"b:128:18:128:44:129:18:129:55":13,"b:132:18:132:42:133:18:133:53":14,"b:136:4:140:5:138:11:140:5":15,"s:136:4:140:5":47,"s:137:8:137:50":48,"s:139:8:139:76":49,"s:143:0:159:3":50,"f:143:32:143:33":8,"s:144:15:144:26":51,"s:145:26:145:50":52,"s:146:4:148:6":53,"f:147:8:147:9":9,"s:147:17:147:41":54,"b:150:4:152:5:undefined:undefined:undefined:undefined":16,"s:150:4:152:5":55,"s:151:8:151:69":56,"b:154:4:158:5:156:11:158:5":17,"s:154:4:158:5":57,"s:155:8:155:63":58,"s:157:8:157:76":59,"s:162:0:178:3":60,"f:162:21:162:22":10,"s:163:15:163:26":61,"s:164:18:171:5":62,"b:167:19:167:49:167:53:167:54":18,"b:168:14:168:39:168:43:168:44":19,"b:169:19:169:37:169:41:169:78":20,"s:172:4:172:23":63,"b:173:4:177:5:175:11:177:5":21,"s:173:4:177:5":64,"s:174:8:174:36":65,"s:176:8:176:62":66,"s:180:0:208:3":67,"f:180:24:180:25":11,"s:181:15:181:26":68,"s:182:20:182:69":69,"f:182:37:182:38":12,"s:182:45:182:68":70,"b:184:4:186:5:undefined:undefined:undefined:undefined":22,"s:184:4:186:5":71,"s:185:8:185:64":72,"s:188:4:201:6":73,"b:190:14:190:27:190:31:190:51":23,"b:193:18:193:48:194:18:194:43":24,"b:197:18:197:43:198:18:198:38":25,"b:199:19:199:37:199:41:199:66":26,"b:200:18:200:35:200:39:200:63":27,"b:203:4:207:5:205:11:207:5":28,"s:203:4:207:5":74,"s:204:8:204:34":75,"s:206:8:206:64":76,"s:210:0:224:3":77,"f:210:27:210:28":13,"s:211:15:211:26":78,"s:212:26:212:39":79,"s:213:4:213:60":80,"f:213:27:213:28":14,"s:213:35:213:58":81,"b:215:4:217:5:undefined:undefined:undefined:undefined":29,"s:215:4:217:5":82,"s:216:8:216:64":83,"b:219:4:223:5:221:11:223:5":30,"s:219:4:223:5":84,"s:220:8:220:58":85,"s:222:8:222:64":86,"s:227:20:227:69":87,"f:230:15:230:32":15,"s:231:4:266:5":88,"s:232:27:240:10":89,"s:241:26:241:68":90,"b:241:26:241:62:241:66:241:68":31,"s:243:28:243:67":91,"s:244:23:244:64":92,"b:244:37:244:59:244:62:244:64":32,"s:247:25:256:9":93,"b:257:8:263:9:undefined:undefined:undefined:undefined":33,"s:257:8:263:9":94,"s:258:26:258:47":95,"s:259:12:259:40":96,"s:260:12:260:45":97,"s:261:12:261:72":98,"s:262:12:262:24":99,"s:265:8:265:64":100,"s:267:4:267:17":101,"s:271:0:364:3":102,"f:271:23:271:28":16,"s:272:23:272:40":103,"b:273:4:273:41:undefined:undefined:undefined:undefined":34,"s:273:4:273:41":104,"s:273:21:273:41":105,"s:276:23:284:9":106,"f:278:13:278:14":17,"s:278:20:278:49":107,"f:280:12:280:13":18,"s:281:16:283:78":108,"b:281:16:281:28:282:16:282:31:283:16:283:78":35,"b:286:4:286:53:undefined:undefined:undefined:undefined":36,"s:286:4:286:53":109,"s:286:33:286:53":110,"s:288:26:288:50":111,"s:289:16:289:26":112,"b:292:4:302:5:undefined:undefined:undefined:undefined":37,"s:292:4:302:5":113,"s:293:27:295:9":114,"f:294:12:294:13":19,"s:294:19:294:52":115,"b:296:8:301:9:undefined:undefined:undefined:undefined":38,"s:296:8:301:9":116,"s:297:12:299:14":117,"s:300:12:300:46":118,"b:305:4:307:5:undefined:undefined:undefined:undefined":39,"s:305:4:307:5":119,"s:306:8:306:34":120,"s:309:24:315:5":121,"s:317:17:317:60":122,"s:318:23:320:12":123,"b:319:10:319:59:320:10:320:12":40,"s:322:22:326:5":124,"s:328:4:358:5":125,"s:329:8:357:9":126,"s:330:29:330:71":127,"b:331:12:354:13:346:19:354:13":41,"s:331:12:354:13":128,"s:332:29:332:50":129,"s:334:20:334:75":130,"b:334:21:334:39:334:43:334:68:334:73:334:75":42,"b:335:16:345:17:undefined:undefined:undefined:undefined":43,"s:335:16:345:17":131,"s:336:20:341:23":132,"f:336:35:336:36":20,"s:337:24:340:26":133,"b:339:43:339:71:339:75:339:76":44,"s:342:20:342:48":134,"s:343:20:343:79":135,"s:344:20:344:54":136,"b:346:19:354:13:352:19:354:13":45,"s:346:19:354:13":137,"b:346:23:346:46:346:50:346:73":46,"s:348:16:350:18":138,"s:351:16:351:42":139,"s:353:16:353:77":140,"s:356:12:356:63":141,"s:360:4:362:6":142,"s:363:4:363:31":143,"f:366:9:366:26":21,"s:367:28:367:38":144,"s:368:4:385:7":145,"f:368:23:368:24":22,"s:369:22:369:40":146,"s:370:8:380:11":147,"f:370:28:370:29":23,"b:371:12:379:13:372:17:379:13":47,"s:371:12:379:13":148,"s:371:29:371:62":149,"s:374:33:374:51":150,"s:375:16:378:19":151,"f:375:35:375:36":24,"s:376:30:376:53":152,"s:377:20:377:53":153,"f:377:35:377:36":25,"s:377:41:377:51":154,"s:381:8:383:11":155,"f:381:32:381:33":26,"s:382:12:382:45":156,"f:382:24:382:25":27,"s:382:30:382:43":157,"s:384:8:384:27":158,"b:388:0:402:1:undefined:undefined:undefined:undefined":48,"s:388:0:402:1":159,"s:389:4:401:7":160,"f:389:69:389:70":28,"s:390:8:400:11":161,"f:390:25:390:26":29,"b:391:12:395:13:undefined:undefined:undefined:undefined":49,"s:391:12:395:13":162,"s:392:16:394:18":163,"s:396:12:398:14":164,"s:399:12:399:48":165,"f:399:38:399:39":30,"s:404:0:404:21":166},"fnNames":{}}}
,"/app/app/lib/finance-calcs.js": {"path":"/app/app/lib/finance-calcs.js","statementMap":{"0":{"start":{"line":10,"column":26},"end":{"line":22,"column":1}},"1":{"start":{"line":25,"column":4},"end":{"line":38,"column":5}},"2":{"start":{"line":27,"column":12},"end":{"line":27,"column":21}},"3":{"start":{"line":29,"column":12},"end":{"line":29,"column":21}},"4":{"start":{"line":31,"column":12},"end":{"line":31,"column":21}},"5":{"start":{"line":33,"column":12},"end":{"line":33,"column":22}},"6":{"start":{"line":35,"column":12},"end":{"line":35,"column":22}},"7":{"start":{"line":37,"column":12},"end":{"line":37,"column":24}},"8":{"start":{"line":42,"column":14},"end":{"line":42,"column":39}},"9":{"start":{"line":43,"column":4},"end":{"line":43,"column":24}},"10":{"start":{"line":43,"column":12},"end":{"line":43,"column":24}},"11":{"start":{"line":44,"column":4},"end":{"line":58,"column":6}},"12":{"start":{"line":57,"column":54},"end":{"line":57,"column":69}},"13":{"start":{"line":66,"column":16},"end":{"line":66,"column":32}},"14":{"start":{"line":67,"column":31},"end":{"line":72,"column":5}},"15":{"start":{"line":68,"column":20},"end":{"line":68,"column":30}},"16":{"start":{"line":69,"column":8},"end":{"line":69,"column":48}},"17":{"start":{"line":69,"column":33},"end":{"line":69,"column":48}},"18":{"start":{"line":70,"column":8},"end":{"line":70,"column":49}},"19":{"start":{"line":70,"column":33},"end":{"line":70,"column":49}},"20":{"start":{"line":71,"column":8},"end":{"line":71,"column":19}},"21":{"start":{"line":73,"column":15},"end":{"line":73,"column":16}},"22":{"start":{"line":74,"column":4},"end":{"line":76,"column":7}},"23":{"start":{"line":75,"column":8},"end":{"line":75,"column":33}},"24":{"start":{"line":77,"column":4},"end":{"line":78,"column":79}},"25":{"start":{"line":79,"column":23},"end":{"line":79,"column":32}},"26":{"start":{"line":80,"column":4},"end":{"line":80,"column":60}},"27":{"start":{"line":84,"column":15},"end":{"line":84,"column":16}},"28":{"start":{"line":85,"column":19},"end":{"line":85,"column":20}},"29":{"start":{"line":86,"column":4},"end":{"line":98,"column":7}},"30":{"start":{"line":87,"column":20},"end":{"line":87,"column":36}},"31":{"start":{"line":88,"column":21},"end":{"line":88,"column":42}},"32":{"start":{"line":89,"column":8},"end":{"line":97,"column":9}},"33":{"start":{"line":94,"column":12},"end":{"line":94,"column":35}},"34":{"start":{"line":96,"column":12},"end":{"line":96,"column":39}},"35":{"start":{"line":99,"column":4},"end":{"line":105,"column":7}},"36":{"start":{"line":100,"column":8},"end":{"line":104,"column":36}},"37":{"start":{"line":101,"column":12},"end":{"line":101,"column":35}},"38":{"start":{"line":102,"column":13},"end":{"line":104,"column":36}},"39":{"start":{"line":103,"column":12},"end":{"line":103,"column":39}},"40":{"start":{"line":104,"column":13},"end":{"line":104,"column":36}},"41":{"start":{"line":106,"column":16},"end":{"line":106,"column":79}},"42":{"start":{"line":106,"column":52},"end":{"line":106,"column":75}},"43":{"start":{"line":107,"column":15},"end":{"line":111,"column":5}},"44":{"start":{"line":109,"column":12},"end":{"line":109,"column":76}},"45":{"start":{"line":112,"column":16},"end":{"line":115,"column":5}},"46":{"start":{"line":113,"column":18},"end":{"line":113,"column":79}},"47":{"start":{"line":116,"column":16},"end":{"line":119,"column":5}},"48":{"start":{"line":117,"column":19},"end":{"line":117,"column":36}},"49":{"start":{"line":120,"column":4},"end":{"line":120,"column":50}},"50":{"start":{"line":124,"column":19},"end":{"line":124,"column":38}},"51":{"start":{"line":125,"column":21},"end":{"line":125,"column":41}},"52":{"start":{"line":126,"column":23},"end":{"line":126,"column":45}},"53":{"start":{"line":127,"column":20},"end":{"line":127,"column":38}},"54":{"start":{"line":128,"column":21},"end":{"line":128,"column":49}},"55":{"start":{"line":129,"column":27},"end":{"line":133,"column":5}},"56":{"start":{"line":134,"column":16},"end":{"line":134,"column":59}},"57":{"start":{"line":135,"column":23},"end":{"line":135,"column":57}},"58":{"start":{"line":137,"column":20},"end":{"line":137,"column":63}},"59":{"start":{"line":139,"column":8},"end":{"line":139,"column":71}},"60":{"start":{"line":140,"column":22},"end":{"line":140,"column":73}},"61":{"start":{"line":141,"column":23},"end":{"line":141,"column":48}},"62":{"start":{"line":142,"column":17},"end":{"line":142,"column":57}},"63":{"start":{"line":143,"column":23},"end":{"line":143,"column":64}},"64":{"start":{"line":144,"column":22},"end":{"line":144,"column":62}},"65":{"start":{"line":146,"column":19},"end":{"line":146,"column":21}},"66":{"start":{"line":147,"column":17},"end":{"line":147,"column":19}},"67":{"start":{"line":148,"column":19},"end":{"line":148,"column":21}},"68":{"start":{"line":149,"column":23},"end":{"line":149,"column":25}},"69":{"start":{"line":150,"column":22},"end":{"line":150,"column":24}},"70":{"start":{"line":151,"column":24},"end":{"line":151,"column":26}},"71":{"start":{"line":152,"column":20},"end":{"line":152,"column":28}},"72":{"start":{"line":153,"column":17},"end":{"line":153,"column":25}},"73":{"start":{"line":154,"column":17},"end":{"line":154,"column":25}},"74":{"start":{"line":155,"column":23},"end":{"line":155,"column":40}},"75":{"start":{"line":156,"column":23},"end":{"line":156,"column":57}},"76":{"start":{"line":157,"column":21},"end":{"line":157,"column":23}},"77":{"start":{"line":158,"column":19},"end":{"line":158,"column":21}},"78":{"start":{"line":159,"column":20},"end":{"line":159,"column":22}},"79":{"start":{"line":161,"column":23},"end":{"line":161,"column":45}},"80":{"start":{"line":163,"column":8},"end":{"line":165,"column":24}},"81":{"start":{"line":167,"column":20},"end":{"line":169,"column":30}},"82":{"start":{"line":169,"column":24},"end":{"line":169,"column":29}},"83":{"start":{"line":170,"column":30},"end":{"line":170,"column":32}},"84":{"start":{"line":172,"column":4},"end":{"line":202,"column":5}},"85":{"start":{"line":172,"column":18},"end":{"line":172,"column":19}},"86":{"start":{"line":173,"column":20},"end":{"line":173,"column":35}},"87":{"start":{"line":174,"column":8},"end":{"line":174,"column":34}},"88":{"start":{"line":175,"column":8},"end":{"line":175,"column":43}},"89":{"start":{"line":176,"column":8},"end":{"line":176,"column":46}},"90":{"start":{"line":177,"column":8},"end":{"line":177,"column":57}},"91":{"start":{"line":178,"column":8},"end":{"line":178,"column":56}},"92":{"start":{"line":179,"column":8},"end":{"line":179,"column":56}},"93":{"start":{"line":180,"column":8},"end":{"line":180,"column":42}},"94":{"start":{"line":181,"column":8},"end":{"line":181,"column":55}},"95":{"start":{"line":184,"column":12},"end":{"line":184,"column":70}},"96":{"start":{"line":184,"column":47},"end":{"line":184,"column":55}},"97":{"start":{"line":186,"column":12},"end":{"line":186,"column":71}},"98":{"start":{"line":186,"column":32},"end":{"line":186,"column":39}},"99":{"start":{"line":187,"column":18},"end":{"line":187,"column":71}},"100":{"start":{"line":188,"column":8},"end":{"line":193,"column":10}},"101":{"start":{"line":195,"column":8},"end":{"line":195,"column":56}},"102":{"start":{"line":195,"column":31},"end":{"line":195,"column":56}},"103":{"start":{"line":197,"column":8},"end":{"line":201,"column":9}},"104":{"start":{"line":198,"column":12},"end":{"line":198,"column":63}},"105":{"start":{"line":199,"column":12},"end":{"line":199,"column":57}},"106":{"start":{"line":200,"column":12},"end":{"line":200,"column":57}},"107":{"start":{"line":204,"column":21},"end":{"line":220,"column":24}},"108":{"start":{"line":206,"column":28},"end":{"line":206,"column":49}},"109":{"start":{"line":207,"column":26},"end":{"line":207,"column":36}},"110":{"start":{"line":209,"column":16},"end":{"line":209,"column":66}},"111":{"start":{"line":210,"column":30},"end":{"line":210,"column":60}},"112":{"start":{"line":211,"column":12},"end":{"line":217,"column":13}},"113":{"start":{"line":212,"column":16},"end":{"line":216,"column":18}},"114":{"start":{"line":218,"column":12},"end":{"line":218,"column":24}},"115":{"start":{"line":222,"column":4},"end":{"line":238,"column":6}},"116":{"start":{"line":241,"column":0},"end":{"line":246,"column":2}}},"fnMap":{"0":{"name":"windowToPoints","decl":{"start":{"line":24,"column":9},"end":{"line":24,"column":23}},"loc":{"start":{"line":24,"column":35},"end":{"line":39,"column":1}},"line":24},"1":{"name":"sliceProjectionData","decl":{"start":{"line":41,"column":9},"end":{"line":41,"column":28}},"loc":{"start":{"line":41,"column":46},"end":{"line":59,"column":1}},"line":41},"2":{"name":"(anonymous_2)","decl":{"start":{"line":57,"column":47},"end":{"line":57,"column":48}},"loc":{"start":{"line":57,"column":54},"end":{"line":57,"column":69}},"line":57},"3":{"name":"_getAnnualExpensesTotal","decl":{"start":{"line":65,"column":9},"end":{"line":65,"column":32}},"loc":{"start":{"line":65,"column":64},"end":{"line":81,"column":1}},"line":65},"4":{"name":"(anonymous_4)","decl":{"start":{"line":67,"column":31},"end":{"line":67,"column":32}},"loc":{"start":{"line":67,"column":38},"end":{"line":72,"column":5}},"line":67},"5":{"name":"(anonymous_5)","decl":{"start":{"line":74,"column":34},"end":{"line":74,"column":35}},"loc":{"start":{"line":74,"column":41},"end":{"line":76,"column":5}},"line":74},"6":{"name":"_getAggregateNetWorth","decl":{"start":{"line":83,"column":9},"end":{"line":83,"column":30}},"loc":{"start":{"line":83,"column":38},"end":{"line":121,"column":1}},"line":83},"7":{"name":"(anonymous_7)","decl":{"start":{"line":86,"column":44},"end":{"line":86,"column":45}},"loc":{"start":{"line":86,"column":53},"end":{"line":98,"column":5}},"line":86},"8":{"name":"(anonymous_8)","decl":{"start":{"line":99,"column":41},"end":{"line":99,"column":42}},"loc":{"start":{"line":99,"column":50},"end":{"line":105,"column":5}},"line":99},"9":{"name":"(anonymous_9)","decl":{"start":{"line":106,"column":41},"end":{"line":106,"column":42}},"loc":{"start":{"line":106,"column":52},"end":{"line":106,"column":75}},"line":106},"10":{"name":"(anonymous_10)","decl":{"start":{"line":108,"column":8},"end":{"line":108,"column":9}},"loc":{"start":{"line":109,"column":12},"end":{"line":109,"column":76}},"line":109},"11":{"name":"(anonymous_11)","decl":{"start":{"line":113,"column":8},"end":{"line":113,"column":9}},"loc":{"start":{"line":113,"column":18},"end":{"line":113,"column":79}},"line":113},"12":{"name":"(anonymous_12)","decl":{"start":{"line":117,"column":8},"end":{"line":117,"column":9}},"loc":{"start":{"line":117,"column":19},"end":{"line":117,"column":36}},"line":117},"13":{"name":"buildProjectionData","decl":{"start":{"line":123,"column":9},"end":{"line":123,"column":28}},"loc":{"start":{"line":123,"column":52},"end":{"line":239,"column":1}},"line":123},"14":{"name":"(anonymous_14)","decl":{"start":{"line":169,"column":14},"end":{"line":169,"column":15}},"loc":{"start":{"line":169,"column":24},"end":{"line":169,"column":29}},"line":169},"15":{"name":"(anonymous_15)","decl":{"start":{"line":184,"column":40},"end":{"line":184,"column":41}},"loc":{"start":{"line":184,"column":47},"end":{"line":184,"column":55}},"line":184},"16":{"name":"(anonymous_16)","decl":{"start":{"line":186,"column":25},"end":{"line":186,"column":26}},"loc":{"start":{"line":186,"column":32},"end":{"line":186,"column":39}},"line":186},"17":{"name":"(anonymous_17)","decl":{"start":{"line":205,"column":13},"end":{"line":205,"column":14}},"loc":{"start":{"line":205,"column":21},"end":{"line":219,"column":9}},"line":205}},"branchMap":{"0":{"loc":{"start":{"line":25,"column":4},"end":{"line":38,"column":5}},"type":"switch","locations":[{"start":{"line":26,"column":8},"end":{"line":27,"column":21}},{"start":{"line":28,"column":8},"end":{"line":29,"column":21}},{"start":{"line":30,"column":8},"end":{"line":31,"column":21}},{"start":{"line":32,"column":8},"end":{"line":33,"column":22}},{"start":{"line":34,"column":8},"end":{"line":35,"column":22}},{"start":{"line":36,"column":8},"end":{"line":37,"column":24}}],"line":25},"1":{"loc":{"start":{"line":43,"column":4},"end":{"line":43,"column":24}},"type":"if","locations":[{"start":{"line":43,"column":4},"end":{"line":43,"column":24}},{"start":{},"end":{}}],"line":43},"2":{"loc":{"start":{"line":52,"column":18},"end":{"line":52,"column":64}},"type":"cond-expr","locations":[{"start":{"line":52,"column":34},"end":{"line":52,"column":59}},{"start":{"line":52,"column":62},"end":{"line":52,"column":64}}],"line":52},"3":{"loc":{"start":{"line":53,"column":18},"end":{"line":53,"column":64}},"type":"cond-expr","locations":[{"start":{"line":53,"column":34},"end":{"line":53,"column":59}},{"start":{"line":53,"column":62},"end":{"line":53,"column":64}}],"line":53},"4":{"loc":{"start":{"line":54,"column":19},"end":{"line":54,"column":67}},"type":"cond-expr","locations":[{"start":{"line":54,"column":36},"end":{"line":54,"column":62}},{"start":{"line":54,"column":65},"end":{"line":54,"column":67}}],"line":54},"5":{"loc":{"start":{"line":56,"column":12},"end":{"line":56,"column":72}},"type":"cond-expr","locations":[{"start":{"line":56,"column":43},"end":{"line":56,"column":67}},{"start":{"line":56,"column":70},"end":{"line":56,"column":72}}],"line":56},"6":{"loc":{"start":{"line":57,"column":19},"end":{"line":57,"column":38}},"type":"binary-expr","locations":[{"start":{"line":57,"column":19},"end":{"line":57,"column":32}},{"start":{"line":57,"column":36},"end":{"line":57,"column":38}}],"line":57},"7":{"loc":{"start":{"line":66,"column":16},"end":{"line":66,"column":32}},"type":"binary-expr","locations":[{"start":{"line":66,"column":16},"end":{"line":66,"column":26}},{"start":{"line":66,"column":30},"end":{"line":66,"column":32}}],"line":66},"8":{"loc":{"start":{"line":68,"column":20},"end":{"line":68,"column":30}},"type":"binary-expr","locations":[{"start":{"line":68,"column":20},"end":{"line":68,"column":25}},{"start":{"line":68,"column":29},"end":{"line":68,"column":30}}],"line":68},"9":{"loc":{"start":{"line":69,"column":8},"end":{"line":69,"column":48}},"type":"if","locations":[{"start":{"line":69,"column":8},"end":{"line":69,"column":48}},{"start":{},"end":{}}],"line":69},"10":{"loc":{"start":{"line":70,"column":8},"end":{"line":70,"column":49}},"type":"if","locations":[{"start":{"line":70,"column":8},"end":{"line":70,"column":49}},{"start":{},"end":{}}],"line":70},"11":{"loc":{"start":{"line":75,"column":16},"end":{"line":75,"column":32}},"type":"binary-expr","locations":[{"start":{"line":75,"column":16},"end":{"line":75,"column":27}},{"start":{"line":75,"column":31},"end":{"line":75,"column":32}}],"line":75},"12":{"loc":{"start":{"line":78,"column":27},"end":{"line":78,"column":40}},"type":"binary-expr","locations":[{"start":{"line":78,"column":27},"end":{"line":78,"column":34}},{"start":{"line":78,"column":38},"end":{"line":78,"column":40}}],"line":78},"13":{"loc":{"start":{"line":78,"column":63},"end":{"line":78,"column":77}},"type":"binary-expr","locations":[{"start":{"line":78,"column":63},"end":{"line":78,"column":71}},{"start":{"line":78,"column":75},"end":{"line":78,"column":77}}],"line":78},"14":{"loc":{"start":{"line":80,"column":39},"end":{"line":80,"column":51}},"type":"binary-expr","locations":[{"start":{"line":80,"column":39},"end":{"line":80,"column":46}},{"start":{"line":80,"column":50},"end":{"line":80,"column":51}}],"line":80},"15":{"loc":{"start":{"line":86,"column":5},"end":{"line":86,"column":34}},"type":"binary-expr","locations":[{"start":{"line":86,"column":5},"end":{"line":86,"column":28}},{"start":{"line":86,"column":32},"end":{"line":86,"column":34}}],"line":86},"16":{"loc":{"start":{"line":87,"column":20},"end":{"line":87,"column":36}},"type":"binary-expr","locations":[{"start":{"line":87,"column":20},"end":{"line":87,"column":30}},{"start":{"line":87,"column":34},"end":{"line":87,"column":36}}],"line":87},"17":{"loc":{"start":{"line":88,"column":21},"end":{"line":88,"column":42}},"type":"binary-expr","locations":[{"start":{"line":88,"column":21},"end":{"line":88,"column":36}},{"start":{"line":88,"column":40},"end":{"line":88,"column":42}}],"line":88},"18":{"loc":{"start":{"line":89,"column":8},"end":{"line":97,"column":9}},"type":"if","locations":[{"start":{"line":89,"column":8},"end":{"line":97,"column":9}},{"start":{"line":95,"column":15},"end":{"line":97,"column":9}}],"line":89},"19":{"loc":{"start":{"line":90,"column":12},"end":{"line":92,"column":41}},"type":"binary-expr","locations":[{"start":{"line":90,"column":12},"end":{"line":90,"column":33}},{"start":{"line":91,"column":12},"end":{"line":91,"column":33}},{"start":{"line":92,"column":12},"end":{"line":92,"column":41}}],"line":90},"20":{"loc":{"start":{"line":94,"column":20},"end":{"line":94,"column":34}},"type":"binary-expr","locations":[{"start":{"line":94,"column":20},"end":{"line":94,"column":29}},{"start":{"line":94,"column":33},"end":{"line":94,"column":34}}],"line":94},"21":{"loc":{"start":{"line":96,"column":24},"end":{"line":96,"column":38}},"type":"binary-expr","locations":[{"start":{"line":96,"column":24},"end":{"line":96,"column":33}},{"start":{"line":96,"column":37},"end":{"line":96,"column":38}}],"line":96},"22":{"loc":{"start":{"line":99,"column":5},"end":{"line":99,"column":31}},"type":"binary-expr","locations":[{"start":{"line":99,"column":5},"end":{"line":99,"column":25}},{"start":{"line":99,"column":29},"end":{"line":99,"column":31}}],"line":99},"23":{"loc":{"start":{"line":100,"column":8},"end":{"line":104,"column":36}},"type":"if","locations":[{"start":{"line":100,"column":8},"end":{"line":104,"column":36}},{"start":{"line":102,"column":13},"end":{"line":104,"column":36}}],"line":100},"24":{"loc":{"start":{"line":100,"column":12},"end":{"line":100,"column":57}},"type":"binary-expr","locations":[{"start":{"line":100,"column":12},"end":{"line":100,"column":31}},{"start":{"line":100,"column":35},"end":{"line":100,"column":57}}],"line":100},"25":{"loc":{"start":{"line":101,"column":20},"end":{"line":101,"column":34}},"type":"binary-expr","locations":[{"start":{"line":101,"column":20},"end":{"line":101,"column":29}},{"start":{"line":101,"column":33},"end":{"line":101,"column":34}}],"line":101},"26":{"loc":{"start":{"line":102,"column":13},"end":{"line":104,"column":36}},"type":"if","locations":[{"start":{"line":102,"column":13},"end":{"line":104,"column":36}},{"start":{"line":104,"column":13},"end":{"line":104,"column":36}}],"line":102},"27":{"loc":{"start":{"line":102,"column":17},"end":{"line":102,"column":66}},"type":"binary-expr","locations":[{"start":{"line":102,"column":17},"end":{"line":102,"column":41}},{"start":{"line":102,"column":45},"end":{"line":102,"column":66}}],"line":102},"28":{"loc":{"start":{"line":103,"column":24},"end":{"line":103,"column":38}},"type":"binary-expr","locations":[{"start":{"line":103,"column":24},"end":{"line":103,"column":33}},{"start":{"line":103,"column":37},"end":{"line":103,"column":38}}],"line":103},"29":{"loc":{"start":{"line":104,"column":21},"end":{"line":104,"column":35}},"type":"binary-expr","locations":[{"start":{"line":104,"column":21},"end":{"line":104,"column":30}},{"start":{"line":104,"column":34},"end":{"line":104,"column":35}}],"line":104},"30":{"loc":{"start":{"line":106,"column":17},"end":{"line":106,"column":32}},"type":"binary-expr","locations":[{"start":{"line":106,"column":17},"end":{"line":106,"column":26}},{"start":{"line":106,"column":30},"end":{"line":106,"column":32}}],"line":106},"31":{"loc":{"start":{"line":106,"column":57},"end":{"line":106,"column":74}},"type":"binary-expr","locations":[{"start":{"line":106,"column":57},"end":{"line":106,"column":69}},{"start":{"line":106,"column":73},"end":{"line":106,"column":74}}],"line":106},"32":{"loc":{"start":{"line":107,"column":16},"end":{"line":107,"column":38}},"type":"binary-expr","locations":[{"start":{"line":107,"column":16},"end":{"line":107,"column":32}},{"start":{"line":107,"column":36},"end":{"line":107,"column":38}}],"line":107},"33":{"loc":{"start":{"line":109,"column":29},"end":{"line":109,"column":47}},"type":"binary-expr","locations":[{"start":{"line":109,"column":29},"end":{"line":109,"column":42}},{"start":{"line":109,"column":46},"end":{"line":109,"column":47}}],"line":109},"34":{"loc":{"start":{"line":109,"column":52},"end":{"line":109,"column":74}},"type":"binary-expr","locations":[{"start":{"line":109,"column":52},"end":{"line":109,"column":69}},{"start":{"line":109,"column":73},"end":{"line":109,"column":74}}],"line":109},"35":{"loc":{"start":{"line":112,"column":17},"end":{"line":112,"column":37}},"type":"binary-expr","locations":[{"start":{"line":112,"column":17},"end":{"line":112,"column":31}},{"start":{"line":112,"column":35},"end":{"line":112,"column":37}}],"line":112},"36":{"loc":{"start":{"line":113,"column":35},"end":{"line":113,"column":54}},"type":"binary-expr","locations":[{"start":{"line":113,"column":35},"end":{"line":113,"column":49}},{"start":{"line":113,"column":53},"end":{"line":113,"column":54}}],"line":113},"37":{"loc":{"start":{"line":113,"column":59},"end":{"line":113,"column":77}},"type":"binary-expr","locations":[{"start":{"line":113,"column":59},"end":{"line":113,"column":72}},{"start":{"line":113,"column":76},"end":{"line":113,"column":77}}],"line":113},"38":{"loc":{"start":{"line":116,"column":17},"end":{"line":116,"column":42}},"type":"binary-expr","locations":[{"start":{"line":116,"column":17},"end":{"line":116,"column":36}},{"start":{"line":116,"column":40},"end":{"line":116,"column":42}}],"line":116},"39":{"loc":{"start":{"line":117,"column":24},"end":{"line":117,"column":35}},"type":"binary-expr","locations":[{"start":{"line":117,"column":24},"end":{"line":117,"column":30}},{"start":{"line":117,"column":34},"end":{"line":117,"column":35}}],"line":117},"40":{"loc":{"start":{"line":124,"column":19},"end":{"line":124,"column":38}},"type":"binary-expr","locations":[{"start":{"line":124,"column":19},"end":{"line":124,"column":33}},{"start":{"line":124,"column":37},"end":{"line":124,"column":38}}],"line":124},"41":{"loc":{"start":{"line":125,"column":21},"end":{"line":125,"column":41}},"type":"binary-expr","locations":[{"start":{"line":125,"column":21},"end":{"line":125,"column":35}},{"start":{"line":125,"column":39},"end":{"line":125,"column":41}}],"line":125},"42":{"loc":{"start":{"line":126,"column":23},"end":{"line":126,"column":45}},"type":"binary-expr","locations":[{"start":{"line":126,"column":23},"end":{"line":126,"column":39}},{"start":{"line":126,"column":43},"end":{"line":126,"column":45}}],"line":126},"43":{"loc":{"start":{"line":127,"column":20},"end":{"line":127,"column":38}},"type":"binary-expr","locations":[{"start":{"line":127,"column":20},"end":{"line":127,"column":33}},{"start":{"line":127,"column":37},"end":{"line":127,"column":38}}],"line":127},"44":{"loc":{"start":{"line":134,"column":17},"end":{"line":134,"column":52}},"type":"binary-expr","locations":[{"start":{"line":134,"column":17},"end":{"line":134,"column":45}},{"start":{"line":134,"column":49},"end":{"line":134,"column":52}}],"line":134},"45":{"loc":{"start":{"line":135,"column":23},"end":{"line":135,"column":57}},"type":"cond-expr","locations":[{"start":{"line":135,"column":33},"end":{"line":135,"column":53}},{"start":{"line":135,"column":56},"end":{"line":135,"column":57}}],"line":135},"46":{"loc":{"start":{"line":137,"column":20},"end":{"line":137,"column":63}},"type":"binary-expr","locations":[{"start":{"line":137,"column":20},"end":{"line":137,"column":58}},{"start":{"line":137,"column":62},"end":{"line":137,"column":63}}],"line":137},"47":{"loc":{"start":{"line":139,"column":10},"end":{"line":139,"column":54}},"type":"binary-expr","locations":[{"start":{"line":139,"column":10},"end":{"line":139,"column":49}},{"start":{"line":139,"column":53},"end":{"line":139,"column":54}}],"line":139},"48":{"loc":{"start":{"line":140,"column":23},"end":{"line":140,"column":66}},"type":"binary-expr","locations":[{"start":{"line":140,"column":23},"end":{"line":140,"column":61}},{"start":{"line":140,"column":65},"end":{"line":140,"column":66}}],"line":140},"49":{"loc":{"start":{"line":142,"column":17},"end":{"line":142,"column":57}},"type":"binary-expr","locations":[{"start":{"line":142,"column":17},"end":{"line":142,"column":51}},{"start":{"line":142,"column":55},"end":{"line":142,"column":57}}],"line":142},"50":{"loc":{"start":{"line":143,"column":23},"end":{"line":143,"column":64}},"type":"binary-expr","locations":[{"start":{"line":143,"column":23},"end":{"line":143,"column":58}},{"start":{"line":143,"column":62},"end":{"line":143,"column":64}}],"line":143},"51":{"loc":{"start":{"line":144,"column":22},"end":{"line":144,"column":62}},"type":"binary-expr","locations":[{"start":{"line":144,"column":22},"end":{"line":144,"column":56}},{"start":{"line":144,"column":60},"end":{"line":144,"column":62}}],"line":144},"52":{"loc":{"start":{"line":163,"column":8},"end":{"line":165,"column":24}},"type":"cond-expr","locations":[{"start":{"line":164,"column":14},"end":{"line":164,"column":80}},{"start":{"line":165,"column":14},"end":{"line":165,"column":24}}],"line":163},"53":{"loc":{"start":{"line":184,"column":12},"end":{"line":184,"column":70}},"type":"binary-expr","locations":[{"start":{"line":184,"column":12},"end":{"line":184,"column":56}},{"start":{"line":184,"column":60},"end":{"line":184,"column":70}}],"line":184},"54":{"loc":{"start":{"line":186,"column":12},"end":{"line":186,"column":71}},"type":"binary-expr","locations":[{"start":{"line":186,"column":12},"end":{"line":186,"column":40}},{"start":{"line":186,"column":44},"end":{"line":186,"column":71}}],"line":186},"55":{"loc":{"start":{"line":187,"column":18},"end":{"line":187,"column":71}},"type":"cond-expr","locations":[{"start":{"line":187,"column":36},"end":{"line":187,"column":37}},{"start":{"line":187,"column":40},"end":{"line":187,"column":71}}],"line":187},"56":{"loc":{"start":{"line":195,"column":8},"end":{"line":195,"column":56}},"type":"if","locations":[{"start":{"line":195,"column":8},"end":{"line":195,"column":56}},{"start":{},"end":{}}],"line":195},"57":{"loc":{"start":{"line":197,"column":8},"end":{"line":201,"column":9}},"type":"if","locations":[{"start":{"line":197,"column":8},"end":{"line":201,"column":9}},{"start":{},"end":{}}],"line":197},"58":{"loc":{"start":{"line":204,"column":22},"end":{"line":204,"column":37}},"type":"binary-expr","locations":[{"start":{"line":204,"column":22},"end":{"line":204,"column":31}},{"start":{"line":204,"column":35},"end":{"line":204,"column":37}}],"line":204},"59":{"loc":{"start":{"line":211,"column":12},"end":{"line":217,"column":13}},"type":"if","locations":[{"start":{"line":211,"column":12},"end":{"line":217,"column":13}},{"start":{},"end":{}}],"line":211},"60":{"loc":{"start":{"line":211,"column":16},"end":{"line":211,"column":51}},"type":"binary-expr","locations":[{"start":{"line":211,"column":16},"end":{"line":211,"column":30}},{"start":{"line":211,"column":34},"end":{"line":211,"column":51}}],"line":211}},"s":{"0":3,"1":16,"2":1,"3":3,"4":6,"5":1,"6":1,"7":4,"8":9,"9":9,"10":2,"11":7,"12":5,"13":33,"14":33,"15":66,"16":66,"17":1,"18":65,"19":1,"20":64,"21":33,"22":33,"23":126,"24":33,"25":33,"26":33,"27":33,"28":33,"29":33,"30":4,"31":4,"32":4,"33":3,"34":1,"35":33,"36":21,"37":18,"38":3,"39":2,"40":1,"41":33,"42":3,"43":33,"44":1,"45":33,"46":1,"47":33,"48":0,"49":33,"50":33,"51":33,"52":33,"53":33,"54":33,"55":33,"56":33,"57":33,"58":33,"59":33,"60":33,"61":33,"62":33,"63":33,"64":33,"65":33,"66":33,"67":33,"68":33,"69":33,"70":33,"71":33,"72":33,"73":33,"74":33,"75":33,"76":33,"77":33,"78":33,"79":33,"80":33,"81":33,"82":330,"83":33,"84":33,"85":33,"86":273,"87":273,"88":273,"89":273,"90":273,"91":273,"92":273,"93":273,"94":273,"95":273,"96":2031,"97":273,"98":1518,"99":273,"100":273,"101":273,"102":2,"103":273,"104":240,"105":240,"106":240,"107":273,"108":3,"109":3,"110":3,"111":3,"112":3,"113":1,"114":2,"115":33,"116":3},"f":{"0":16,"1":9,"2":5,"3":33,"4":66,"5":126,"6":33,"7":4,"8":21,"9":3,"10":1,"11":1,"12":0,"13":33,"14":330,"15":2031,"16":1518,"17":3},"b":{"0":[1,3,6,1,1,4],"1":[2,7],"2":[5,2],"3":[5,2],"4":[5,2],"5":[5,2],"6":[9,0],"7":[33,0],"8":[66,64],"9":[1,65],"10":[1,64],"11":[126,0],"12":[33,16],"13":[33,16],"14":[33,18],"15":[33,0],"16":[4,0],"17":[4,2],"18":[3,1],"19":[4,3,2],"20":[3,0],"21":[1,0],"22":[33,0],"23":[18,3],"24":[21,3],"25":[18,0],"26":[2,1],"27":[3,2],"28":[2,0],"29":[1,0],"30":[33,0],"31":[3,0],"32":[33,0],"33":[1,0],"34":[1,0],"35":[33,0],"36":[1,0],"37":[1,0],"38":[33,0],"39":[0,0],"40":[33,31],"41":[33,0],"42":[33,0],"43":[33,18],"44":[33,1],"45":[33,0],"46":[33,0],"47":[33,0],"48":[33,0],"49":[33,0],"50":[33,0],"51":[33,0],"52":[32,1],"53":[273,0],"54":[273,0],"55":[0,273],"56":[2,271],"57":[240,33],"58":[273,0],"59":[1,2],"60":[3,2]},"meta":{"lastBranch":61,"lastFunction":18,"lastStatement":117,"seen":{"s:10:26:22:1":0,"f:24:9:24:23":0,"b:26:8:27:21:28:8:29:21:30:8:31:21:32:8:33:22:34:8:35:22:36:8:37:24":0,"s:25:4:38:5":1,"s:27:12:27:21":2,"s:29:12:29:21":3,"s:31:12:31:21":4,"s:33:12:33:22":5,"s:35:12:35:22":6,"s:37:12:37:24":7,"f:41:9:41:28":1,"s:42:14:42:39":8,"b:43:4:43:24:undefined:undefined:undefined:undefined":1,"s:43:4:43:24":9,"s:43:12:43:24":10,"s:44:4:58:6":11,"b:52:34:52:59:52:62:52:64":2,"b:53:34:53:59:53:62:53:64":3,"b:54:36:54:62:54:65:54:67":4,"b:56:43:56:67:56:70:56:72":5,"b:57:19:57:32:57:36:57:38":6,"f:57:47:57:48":2,"s:57:54:57:69":12,"f:65:9:65:32":3,"s:66:16:66:32":13,"b:66:16:66:26:66:30:66:32":7,"s:67:31:72:5":14,"f:67:31:67:32":4,"s:68:20:68:30":15,"b:68:20:68:25:68:29:68:30":8,"b:69:8:69:48:undefined:undefined:undefined:undefined":9,"s:69:8:69:48":16,"s:69:33:69:48":17,"b:70:8:70:49:undefined:undefined:undefined:undefined":10,"s:70:8:70:49":18,"s:70:33:70:49":19,"s:71:8:71:19":20,"s:73:15:73:16":21,"s:74:4:76:7":22,"f:74:34:74:35":5,"s:75:8:75:33":23,"b:75:16:75:27:75:31:75:32":11,"s:77:4:78:79":24,"b:78:27:78:34:78:38:78:40":12,"b:78:63:78:71:78:75:78:77":13,"s:79:23:79:32":25,"s:80:4:80:60":26,"b:80:39:80:46:80:50:80:51":14,"f:83:9:83:30":6,"s:84:15:84:16":27,"s:85:19:85:20":28,"s:86:4:98:7":29,"b:86:5:86:28:86:32:86:34":15,"f:86:44:86:45":7,"s:87:20:87:36":30,"b:87:20:87:30:87:34:87:36":16,"s:88:21:88:42":31,"b:88:21:88:36:88:40:88:42":17,"b:89:8:97:9:95:15:97:9":18,"s:89:8:97:9":32,"b:90:12:90:33:91:12:91:33:92:12:92:41":19,"s:94:12:94:35":33,"b:94:20:94:29:94:33:94:34":20,"s:96:12:96:39":34,"b:96:24:96:33:96:37:96:38":21,"s:99:4:105:7":35,"b:99:5:99:25:99:29:99:31":22,"f:99:41:99:42":8,"b:100:8:104:36:102:13:104:36":23,"s:100:8:104:36":36,"b:100:12:100:31:100:35:100:57":24,"s:101:12:101:35":37,"b:101:20:101:29:101:33:101:34":25,"b:102:13:104:36:104:13:104:36":26,"s:102:13:104:36":38,"b:102:17:102:41:102:45:102:66":27,"s:103:12:103:39":39,"b:103:24:103:33:103:37:103:38":28,"s:104:13:104:36":40,"b:104:21:104:30:104:34:104:35":29,"s:106:16:106:79":41,"b:106:17:106:26:106:30:106:32":30,"f:106:41:106:42":9,"s:106:52:106:75":42,"b:106:57:106:69:106:73:106:74":31,"s:107:15:111:5":43,"b:107:16:107:32:107:36:107:38":32,"f:108:8:108:9":10,"s:109:12:109:76":44,"b:109:29:109:42:109:46:109:47":33,"b:109:52:109:69:109:73:109:74":34,"s:112:16:115:5":45,"b:112:17:112:31:112:35:112:37":35,"f:113:8:113:9":11,"s:113:18:113:79":46,"b:113:35:113:49:113:53:113:54":36,"b:113:59:113:72:113:76:113:77":37,"s:116:16:119:5":47,"b:116:17:116:36:116:40:116:42":38,"f:117:8:117:9":12,"s:117:19:117:36":48,"b:117:24:117:30:117:34:117:35":39,"s:120:4:120:50":49,"f:123:9:123:28":13,"s:124:19:124:38":50,"b:124:19:124:33:124:37:124:38":40,"s:125:21:125:41":51,"b:125:21:125:35:125:39:125:41":41,"s:126:23:126:45":52,"b:126:23:126:39:126:43:126:45":42,"s:127:20:127:38":53,"b:127:20:127:33:127:37:127:38":43,"s:128:21:128:49":54,"s:129:27:133:5":55,"s:134:16:134:59":56,"b:134:17:134:45:134:49:134:52":44,"s:135:23:135:57":57,"b:135:33:135:53:135:56:135:57":45,"s:137:20:137:63":58,"b:137:20:137:58:137:62:137:63":46,"s:139:8:139:71":59,"b:139:10:139:49:139:53:139:54":47,"s:140:22:140:73":60,"b:140:23:140:61:140:65:140:66":48,"s:141:23:141:48":61,"s:142:17:142:57":62,"b:142:17:142:51:142:55:142:57":49,"s:143:23:143:64":63,"b:143:23:143:58:143:62:143:64":50,"s:144:22:144:62":64,"b:144:22:144:56:144:60:144:62":51,"s:146:19:146:21":65,"s:147:17:147:19":66,"s:148:19:148:21":67,"s:149:23:149:25":68,"s:150:22:150:24":69,"s:151:24:151:26":70,"s:152:20:152:28":71,"s:153:17:153:25":72,"s:154:17:154:25":73,"s:155:23:155:40":74,"s:156:23:156:57":75,"s:157:21:157:23":76,"s:158:19:158:21":77,"s:159:20:159:22":78,"s:161:23:161:45":79,"s:163:8:165:24":80,"b:164:14:164:80:165:14:165:24":52,"s:167:20:169:30":81,"f:169:14:169:15":14,"s:169:24:169:29":82,"s:170:30:170:32":83,"s:172:4:202:5":84,"s:172:18:172:19":85,"s:173:20:173:35":86,"s:174:8:174:34":87,"s:175:8:175:43":88,"s:176:8:176:46":89,"s:177:8:177:57":90,"s:178:8:178:56":91,"s:179:8:179:56":92,"s:180:8:180:42":93,"s:181:8:181:55":94,"s:184:12:184:70":95,"b:184:12:184:56:184:60:184:70":53,"f:184:40:184:41":15,"s:184:47:184:55":96,"s:186:12:186:71":97,"b:186:12:186:40:186:44:186:71":54,"f:186:25:186:26":16,"s:186:32:186:39":98,"s:187:18:187:71":99,"b:187:36:187:37:187:40:187:71":55,"s:188:8:193:10":100,"b:195:8:195:56:undefined:undefined:undefined:undefined":56,"s:195:8:195:56":101,"s:195:31:195:56":102,"b:197:8:201:9:undefined:undefined:undefined:undefined":57,"s:197:8:201:9":103,"s:198:12:198:63":104,"s:199:12:199:57":105,"s:200:12:200:57":106,"s:204:21:220:24":107,"b:204:22:204:31:204:35:204:37":58,"f:205:13:205:14":17,"s:206:28:206:49":108,"s:207:26:207:36":109,"s:209:16:209:66":110,"s:210:30:210:60":111,"b:211:12:217:13:undefined:undefined:undefined:undefined":59,"s:211:12:217:13":112,"b:211:16:211:30:211:34:211:51":60,"s:212:16:216:18":113,"s:218:12:218:24":114,"s:222:4:238:6":115,"s:241:0:246:2":116},"fnNames":{}}}
,"/app/app/lib/finance-core.js": {"path":"/app/app/lib/finance-core.js","statementMap":{"0":{"start":{"line":11,"column":16},"end":{"line":11,"column":44}},"1":{"start":{"line":12,"column":14},"end":{"line":12,"column":40}},"2":{"start":{"line":13,"column":18},"end":{"line":13,"column":48}},"3":{"start":{"line":20,"column":26},"end":{"line":20,"column":49}},"4":{"start":{"line":23,"column":16},"end":{"line":23,"column":27}},"5":{"start":{"line":24,"column":4},"end":{"line":24,"column":35}},"6":{"start":{"line":24,"column":20},"end":{"line":24,"column":35}},"7":{"start":{"line":25,"column":4},"end":{"line":29,"column":19}},"8":{"start":{"line":33,"column":4},"end":{"line":33,"column":25}},"9":{"start":{"line":33,"column":15},"end":{"line":33,"column":25}},"10":{"start":{"line":35,"column":4},"end":{"line":35,"column":58}},"11":{"start":{"line":36,"column":4},"end":{"line":36,"column":52}},"12":{"start":{"line":37,"column":4},"end":{"line":37,"column":30}},"13":{"start":{"line":38,"column":4},"end":{"line":38,"column":44}},"14":{"start":{"line":39,"column":4},"end":{"line":39,"column":40}},"15":{"start":{"line":40,"column":4},"end":{"line":40,"column":50}},"16":{"start":{"line":41,"column":4},"end":{"line":41,"column":50}},"17":{"start":{"line":43,"column":4},"end":{"line":55,"column":7}},"18":{"start":{"line":44,"column":8},"end":{"line":44,"column":55}},"19":{"start":{"line":44,"column":21},"end":{"line":44,"column":55}},"20":{"start":{"line":45,"column":8},"end":{"line":45,"column":33}},"21":{"start":{"line":45,"column":21},"end":{"line":45,"column":33}},"22":{"start":{"line":46,"column":8},"end":{"line":46,"column":35}},"23":{"start":{"line":46,"column":22},"end":{"line":46,"column":35}},"24":{"start":{"line":47,"column":8},"end":{"line":47,"column":33}},"25":{"start":{"line":47,"column":21},"end":{"line":47,"column":33}},"26":{"start":{"line":48,"column":8},"end":{"line":48,"column":38}},"27":{"start":{"line":48,"column":24},"end":{"line":48,"column":38}},"28":{"start":{"line":49,"column":8},"end":{"line":49,"column":47}},"29":{"start":{"line":49,"column":26},"end":{"line":49,"column":47}},"30":{"start":{"line":50,"column":8},"end":{"line":50,"column":48}},"31":{"start":{"line":50,"column":29},"end":{"line":50,"column":48}},"32":{"start":{"line":51,"column":8},"end":{"line":51,"column":50}},"33":{"start":{"line":51,"column":30},"end":{"line":51,"column":50}},"34":{"start":{"line":52,"column":8},"end":{"line":52,"column":46}},"35":{"start":{"line":52,"column":28},"end":{"line":52,"column":46}},"36":{"start":{"line":53,"column":8},"end":{"line":53,"column":52}},"37":{"start":{"line":53,"column":31},"end":{"line":53,"column":52}},"38":{"start":{"line":54,"column":8},"end":{"line":54,"column":35}},"39":{"start":{"line":54,"column":22},"end":{"line":54,"column":35}},"40":{"start":{"line":57,"column":4},"end":{"line":65,"column":7}},"41":{"start":{"line":58,"column":8},"end":{"line":58,"column":48}},"42":{"start":{"line":58,"column":29},"end":{"line":58,"column":48}},"43":{"start":{"line":59,"column":8},"end":{"line":59,"column":52}},"44":{"start":{"line":59,"column":31},"end":{"line":59,"column":52}},"45":{"start":{"line":60,"column":8},"end":{"line":60,"column":56}},"46":{"start":{"line":60,"column":33},"end":{"line":60,"column":56}},"47":{"start":{"line":61,"column":8},"end":{"line":61,"column":54}},"48":{"start":{"line":61,"column":32},"end":{"line":61,"column":54}},"49":{"start":{"line":62,"column":8},"end":{"line":62,"column":47}},"50":{"start":{"line":62,"column":22},"end":{"line":62,"column":47}},"51":{"start":{"line":63,"column":8},"end":{"line":63,"column":41}},"52":{"start":{"line":63,"column":25},"end":{"line":63,"column":41}},"53":{"start":{"line":64,"column":8},"end":{"line":64,"column":37}},"54":{"start":{"line":64,"column":23},"end":{"line":64,"column":37}},"55":{"start":{"line":67,"column":4},"end":{"line":70,"column":7}},"56":{"start":{"line":68,"column":8},"end":{"line":68,"column":67}},"57":{"start":{"line":68,"column":55},"end":{"line":68,"column":67}},"58":{"start":{"line":69,"column":8},"end":{"line":69,"column":73}},"59":{"start":{"line":69,"column":59},"end":{"line":69,"column":73}},"60":{"start":{"line":72,"column":4},"end":{"line":78,"column":7}},"61":{"start":{"line":73,"column":8},"end":{"line":74,"column":30}},"62":{"start":{"line":74,"column":12},"end":{"line":74,"column":30}},"63":{"start":{"line":75,"column":8},"end":{"line":76,"column":29}},"64":{"start":{"line":76,"column":12},"end":{"line":76,"column":29}},"65":{"start":{"line":77,"column":8},"end":{"line":77,"column":67}},"66":{"start":{"line":77,"column":55},"end":{"line":77,"column":67}},"67":{"start":{"line":80,"column":4},"end":{"line":85,"column":5}},"68":{"start":{"line":81,"column":8},"end":{"line":82,"column":52}},"69":{"start":{"line":82,"column":12},"end":{"line":82,"column":52}},"70":{"start":{"line":83,"column":8},"end":{"line":84,"column":51}},"71":{"start":{"line":84,"column":12},"end":{"line":84,"column":51}},"72":{"start":{"line":87,"column":4},"end":{"line":91,"column":10}},"73":{"start":{"line":88,"column":8},"end":{"line":91,"column":10}},"74":{"start":{"line":92,"column":4},"end":{"line":92,"column":79}},"75":{"start":{"line":92,"column":30},"end":{"line":92,"column":79}},"76":{"start":{"line":93,"column":4},"end":{"line":94,"column":59}},"77":{"start":{"line":94,"column":8},"end":{"line":94,"column":59}},"78":{"start":{"line":96,"column":4},"end":{"line":96,"column":16}},"79":{"start":{"line":101,"column":28},"end":{"line":109,"column":5}},"80":{"start":{"line":111,"column":21},"end":{"line":111,"column":22}},"81":{"start":{"line":112,"column":15},"end":{"line":112,"column":16}},"82":{"start":{"line":113,"column":4},"end":{"line":118,"column":5}},"83":{"start":{"line":114,"column":8},"end":{"line":114,"column":39}},"84":{"start":{"line":114,"column":33},"end":{"line":114,"column":39}},"85":{"start":{"line":115,"column":24},"end":{"line":115,"column":67}},"86":{"start":{"line":116,"column":8},"end":{"line":116,"column":45}},"87":{"start":{"line":117,"column":8},"end":{"line":117,"column":29}},"88":{"start":{"line":120,"column":26},"end":{"line":129,"column":5}},"89":{"start":{"line":132,"column":8},"end":{"line":134,"column":18}},"90":{"start":{"line":135,"column":21},"end":{"line":135,"column":44}},"91":{"start":{"line":137,"column":8},"end":{"line":137,"column":68}},"92":{"start":{"line":139,"column":21},"end":{"line":139,"column":52}},"93":{"start":{"line":140,"column":26},"end":{"line":140,"column":68}},"94":{"start":{"line":141,"column":4},"end":{"line":141,"column":52}},"95":{"start":{"line":145,"column":16},"end":{"line":145,"column":28}},"96":{"start":{"line":146,"column":4},"end":{"line":146,"column":46}},"97":{"start":{"line":146,"column":31},"end":{"line":146,"column":46}},"98":{"start":{"line":147,"column":4},"end":{"line":147,"column":47}},"99":{"start":{"line":147,"column":31},"end":{"line":147,"column":47}},"100":{"start":{"line":148,"column":4},"end":{"line":148,"column":15}},"101":{"start":{"line":152,"column":16},"end":{"line":152,"column":32}},"102":{"start":{"line":153,"column":4},"end":{"line":155,"column":6}},"103":{"start":{"line":159,"column":15},"end":{"line":159,"column":16}},"104":{"start":{"line":160,"column":4},"end":{"line":162,"column":7}},"105":{"start":{"line":161,"column":8},"end":{"line":161,"column":33}},"106":{"start":{"line":163,"column":4},"end":{"line":163,"column":50}},"107":{"start":{"line":167,"column":23},"end":{"line":167,"column":72}},"108":{"start":{"line":168,"column":20},"end":{"line":168,"column":48}},"109":{"start":{"line":169,"column":4},"end":{"line":169,"column":32}},"110":{"start":{"line":173,"column":16},"end":{"line":173,"column":48}},"111":{"start":{"line":174,"column":17},"end":{"line":174,"column":54}},"112":{"start":{"line":175,"column":4},"end":{"line":184,"column":6}},"113":{"start":{"line":188,"column":14},"end":{"line":188,"column":15}},"114":{"start":{"line":189,"column":4},"end":{"line":197,"column":7}},"115":{"start":{"line":190,"column":8},"end":{"line":196,"column":9}},"116":{"start":{"line":195,"column":12},"end":{"line":195,"column":34}},"117":{"start":{"line":198,"column":4},"end":{"line":201,"column":7}},"118":{"start":{"line":199,"column":8},"end":{"line":200,"column":34}},"119":{"start":{"line":200,"column":12},"end":{"line":200,"column":34}},"120":{"start":{"line":202,"column":4},"end":{"line":202,"column":15}},"121":{"start":{"line":206,"column":4},"end":{"line":206,"column":73}},"122":{"start":{"l
[...]
":{"line":395,"column":29},"end":{"line":395,"column":46}},"type":"binary-expr","locations":[{"start":{"line":395,"column":29},"end":{"line":395,"column":40}},{"start":{"line":395,"column":44},"end":{"line":395,"column":46}}],"line":395},"61":{"loc":{"start":{"line":398,"column":12},"end":{"line":401,"column":13}},"type":"if","locations":[{"start":{"line":398,"column":12},"end":{"line":401,"column":13}},{"start":{},"end":{}}],"line":398},"62":{"loc":{"start":{"line":403,"column":8},"end":{"line":408,"column":9}},"type":"if","locations":[{"start":{"line":403,"column":8},"end":{"line":408,"column":9}},{"start":{"line":405,"column":15},"end":{"line":408,"column":9}}],"line":403},"63":{"loc":{"start":{"line":406,"column":25},"end":{"line":406,"column":65}},"type":"cond-expr","locations":[{"start":{"line":406,"column":42},"end":{"line":406,"column":60}},{"start":{"line":406,"column":63},"end":{"line":406,"column":65}}],"line":406},"64":{"loc":{"start":{"line":406,"column":42},"end":{"line":406,"column":60}},"type":"binary-expr","locations":[{"start":{"line":406,"column":42},"end":{"line":406,"column":54}},{"start":{"line":406,"column":58},"end":{"line":406,"column":60}}],"line":406}},"s":{"0":17,"1":17,"2":17,"3":17,"4":17,"5":1452,"6":1452,"7":1452,"8":10,"9":2,"10":2,"11":8,"12":1442,"13":157,"14":1285,"15":19,"16":1,"17":19,"18":19,"19":1266,"20":17,"21":15,"22":17,"23":7,"24":51,"25":7,"26":13,"27":7,"28":13,"29":7,"30":19,"31":7,"32":25,"33":7,"34":31,"35":7,"36":37,"37":7,"38":43,"39":7,"40":47,"41":7,"42":51,"43":7,"44":1,"45":6,"46":6,"47":6,"48":6,"49":8,"50":8,"51":0,"52":8,"53":8,"54":8,"55":2,"56":6,"57":0,"58":6,"59":6,"60":8,"61":8,"62":8,"63":8,"64":8,"65":8,"66":8,"67":1,"68":5,"69":8,"70":8,"71":8,"72":8,"73":6,"74":2,"75":2,"76":2,"77":5,"78":5,"79":25,"80":408,"81":2,"82":3,"83":11,"84":5,"85":6,"86":7,"87":7,"88":6,"89":5,"90":1,"91":1,"92":1,"93":8,"94":43,"95":8,"96":23,"97":8,"98":31,"99":8,"100":35,"101":8,"102":43,"103":8,"104":1,"105":7,"106":7,"107":7,"108":7,"109":7,"110":9,"111":9,"112":0,"113":9,"114":9,"115":2,"116":7,"117":7,"118":7,"119":5,"120":7,"121":9,"122":9,"123":4,"124":3,"125":3,"126":7,"127":7,"128":42,"129":7,"130":5,"131":29,"132":5,"133":17,"134":5,"135":19,"136":5,"137":23,"138":5,"139":5,"140":1,"141":4,"142":4,"143":4,"144":4,"145":4,"146":5,"147":5,"148":1,"149":4,"150":4,"151":1,"152":3,"153":3,"154":2,"155":3,"156":5,"157":5,"158":47,"159":1,"160":1,"161":3,"162":1,"163":2,"164":2,"165":4,"166":4,"167":24,"168":4,"169":2},"f":{"0":17,"1":7,"2":51,"3":13,"4":13,"5":19,"6":25,"7":31,"8":37,"9":43,"10":47,"11":51,"12":5,"13":408,"14":11,"15":7,"16":7,"17":8,"18":43,"19":23,"20":31,"21":35,"22":43,"23":42,"24":5,"25":29,"26":17,"27":19,"28":23,"29":24},"b":{"0":[10,1442],"1":[2,8],"2":[10,6],"3":[157,1285],"4":[1442,160],"5":[19,1266],"6":[1285,1284,19],"7":[1,18],"8":[19,1],"9":[15,2],"10":[17,2],"11":[47,4],"12":[51,4],"13":[1,6],"14":[7,6],"15":[0,8],"16":[8,8],"17":[8,8],"18":[2,6],"19":[8,6,0],"20":[0,6],"21":[6,5,5],"22":[6,8],"23":[8,8],"24":[8,8],"25":[8,8],"26":[8,8],"27":[8,8],"28":[8,8],"29":[1,7],"30":[5,5],"31":[8,2],"32":[2,8],"33":[8,2],"34":[2,8],"35":[8,2],"36":[8,8],"37":[5,8],"38":[5,5],"39":[2,23],"40":[5,6],"41":[5,1],"42":[1,7],"43":[0,9],"44":[2,7],"45":[9,9],"46":[5,2],"47":[7,5],"48":[5,9],"49":[5,5],"50":[4,3],"51":[1,3],"52":[1,2],"53":[1,4],"54":[1,4],"55":[1,3],"56":[4,3],"57":[2,1],"58":[3,2],"59":[3,5],"60":[3,3],"61":[1,46],"62":[1,2],"63":[2,2],"64":[2,2]},"meta":{"lastBranch":65,"lastFunction":30,"lastStatement":170,"seen":{"f:8:9:8:21":0,"s:9:18:9:20":0,"s:10:14:10:18":1,"s:11:19:11:24":2,"s:12:4:33:5":3,"s:12:17:12:18":4,"s:13:18:13:25":5,"s:14:21:14:32":6,"b:15:8:32:9:22:15:32:9":0,"s:15:8:32:9":7,"b:16:12:21:13:19:19:21:13":1,"s:16:12:21:13":8,"b:16:16:16:24:16:28:16:40":2,"s:17:16:17:43":9,"s:18:16:18:20":10,"s:20:16:20:37":11,"b:22:15:32:9:24:15:32:9":3,"s:22:15:32:9":12,"b:22:19:22:28:22:32:22:41":4,"s:23:12:23:25":13,"b:24:15:32:9:30:15:32:9":5,"s:24:15:32:9":14,"b:24:20:24:30:24:34:24:44:24:49:24:58":6,"b:25:12:27:13:undefined:undefined:undefined:undefined":7,"s:25:12:27:13":15,"b:25:16:25:26:25:30:25:43":8,"s:26:16:26:20":16,"s:28:12:28:28":17,"s:29:12:29:23":18,"s:31:12:31:37":19,"b:34:4:36:5:undefined:undefined:undefined:undefined":9,"s:34:4:36:5":20,"b:34:8:34:22:34:26:34:39":10,"s:35:8:35:24":21,"s:37:4:37:17":22,"f:40:9:40:31":1,"s:41:20:41:48":23,"f:41:32:41:33":2,"s:41:39:41:47":24,"s:43:27:45:5":25,"f:44:8:44:9":3,"s:44:15:44:49":26,"s:46:22:46:76":27,"f:46:40:46:41":4,"s:46:47:46:75":28,"s:47:27:49:5":29,"f:48:8:48:9":5,"s:48:15:48:48":30,"s:50:24:52:5":31,"f:51:8:51:9":6,"s:51:15:51:45":32,"s:53:25:55:5":33,"f:54:8:54:9":7,"s:54:15:54:47":34,"s:56:28:58:5":35,"f:57:8:57:9":8,"s:57:15:57:50":36,"s:59:25:61:5":37,"f:60:8:60:9":9,"s:60:15:60:53":38,"s:62:30:66:5":39,"f:63:8:63:9":10,"s:64:12:65:46":40,"b:64:12:64:56:65:12:65:46":11,"s:67:31:71:5":41,"f:68:8:68:9":11,"s:69:12:70:46":42,"b:69:12:69:57:70:12:70:46":12,"b:73:4:74:43:undefined:undefined:undefined:undefined":13,"s:73:4:74:43":43,"b:73:8:73:24:73:28:73:50":14,"s:74:8:74:43":44,"s:76:24:76:25":45,"s:77:22:77:24":46,"s:79:4:136:5":47,"s:79:17:79:18":48,"s:80:20:80:27":49,"b:81:8:81:37:undefined:undefined:undefined:undefined":15,"s:81:8:81:37":50,"s:81:28:81:37":51,"s:83:20:83:49":52,"b:83:21:83:35:83:39:83:41":16,"s:84:23:84:58":53,"b:84:24:84:44:84:48:84:50":17,"b:86:8:86:67:undefined:undefined:undefined:undefined":18,"s:86:8:86:67":54,"b:86:12:86:16:86:21:86:38:86:42:86:55":19,"s:86:58:86:67":55,"b:87:8:93:9:undefined:undefined:undefined:undefined":20,"s:87:8:93:9":56,"b:88:12:88:18:89:13:89:54:90:16:90:67":21,"s:92:12:92:18":57,"s:95:29:95:72":58,"s:96:20:98:9":59,"b:97:13:97:29:97:33:97:36":22,"s:99:22:101:9":60,"b:100:13:100:30:100:34:100:37":23,"s:102:22:104:9":61,"b:103:13:103:30:103:34:103:37":24,"s:106:30:106:58":62,"b:106:30:106:52:106:56:106:58":25,"s:107:31:107:60":63,"b:107:31:107:54:107:58:107:60":26,"s:109:12:109:67":64,"b:109:12:109:62:109:66:109:67":27,"s:111:12:111:68":65,"b:111:12:111:63:111:67:111:68":28,"b:113:8:113:42:undefined:undefined:undefined:undefined":29,"s:113:8:113:42":66,"s:113:33:113:42":67,"s:115:27:115:51":68,"b:115:42:115:43:115:46:115:51":30,"s:117:12:117:74":69,"b:117:12:117:22:117:27:117:73":31,"b:117:44:117:69:117:72:117:73":32,"s:119:12:122:20":70,"b:119:12:119:23:120:13:122:19":33,"b:121:18:121:66:122:18:122:19":34,"s:124:8:134:11":71,"b:125:21:125:40:125:44:125:55":35,"b:127:25:127:44:127:48:127:50":36,"b:128:35:128:36:128:39:128:42":37,"b:129:38:129:39:129:42:129:47":38,"s:135:8:135:24":72,"s:138:4:138:47":73,"s:142:27:159:1":74,"s:161:32:185:1":75,"s:187:29:299:1":76,"f:301:9:301:24":12,"s:302:18:302:36":77,"s:303:4:305:5":78,"b:304:8:304:60:undefined:undefined:undefined:undefined":39,"s:304:8:304:60":79,"f:304:22:304:23":13,"s:304:29:304:46":80,"s:304:49:304:60":81,"s:306:4:306:27":82,"f:309:9:309:24":14,"b:310:4:310:32:undefined:undefined:undefined:undefined":40,"s:310:4:310:32":83,"s:310:23:310:32":84,"s:311:15:311:79":85,"f:311:25:311:26":15,"s:311:32:311:53":86,"f:311:62:311:63":16,"s:311:69:311:78":87,"b:312:4:312:32:undefined:undefined:undefined:undefined":41,"s:312:4:312:32":88,"s:312:23:312:32":89,"s:313:20:313:53":90,"s:314:19:317:5":91,"s:318:4:318:18":92,"f:321:9:321:28":17,"s:322:20:322:62":93,"f:322:32:322:33":18,"s:322:39:322:61":94,"s:323:20:323:76":95,"f:323:38:323:39":19,"s:323:45:323:75":96,"s:324:20:324:71":97,"f:324:38:324:39":20,"s:324:45:324:70":98,"s:325:19:325:61":99,"f:325:37:325:38":21,"s:325:44:325:60":100,"s:326:19:326:59":101,"f:326:37:326:38":22,"s:326:44:326:58":102,"b:328:4:329:75:undefined:undefined:undefined:undefined":42,"s:328:4:329:75":103,"s:329:8:329:75":104,"s:331:17:338:5":105,"s:339:18:339:20":106,"s:340:19:340:20":107,"s:342:4:359:5":108,"s:342:17:342:18":109,"s:343:20:343:27":110,"b:344:8:344:37:undefined:undefined:undefined:undefined":43,"s:344:8:344:37":111,"s:344:28:344:37":112,"s:345:23:345:46":113,"b:346:8:346:51:undefined:undefined:undefined:undefined":44,"s:346:8:346:51":114,"b:346:12:346:25:346:29:346:40":45,"s:346:42:346:51":115,"s:347:23:347:39":116,"s:348:8:348:19":117,"b:349:8:349:69:undefined:undefined:undefined:undefined":46,"s:349:8:349:69":118,"b:349:12:349:26:349:30:349:42":47,"s:349:44:349:69":119,"s:351:12:351:73":120,"b:351:28:351:68:351:71:351:73":48,"b:351:29:351:40:351:44:351:46":49,"s:352:26:352:52":121,"b:353:8:358:9:355:15:358:9":50,"s:353:8:358:9":122,"s:354:12:354:38":123,"s:356:25:356:65":124,"b:356:42:356:60:356:63:356:65":51,"b:356:42:356:54:356:58:356:60":52,"s:357:12:357:50":125,"s:361:19:361:41":126,"s:362:25:362:71":127,"f:362:52:362:53":23,"s:362:62:362:67":128,"s:363:4:363:64":129,"f:366:9:366:33":24,"s:367:20:367:62":130,"f:367:32:367:33":25,"s:367:39:367:61":131,"s:368:20:368:76":132,"f:368:38:368:39":26,"s:368:45:368:75":133,"s:369:20:369:71":134,"f:369:38:369:39":27,"s:369:45:369:70":135,"s:370:19:370:61":136,"f:370:37:370:38":28,"s:370:44:370:60":137,"s:371:21:371:45":138,"b:373:4:374:75:undefined:undefined:undefined:undefined":53,"s:373:4:374:75":139,"s:374:8:374:75":140,"s:376:17:383:5":141,"s:384:18:384:20":142,"s:385:19:385:20":143,"s:387:4:409:5":144,"s:387:17:387:18":145,"s:388:20:388:27":146,"b:389:8:389:45:undefined:undefined:undefined:undefined":54,"s:389:8:389:45":147,"s:389:36:389:45":148,"s:390:22:390:47":149,"b:391:8:391:49:undefined:undefined:undefined:undefined":55,"s:391:8:391:49":150,"b:391:12:391:24:391:28:391:38":56,"s:391:40:391:49":151,"s:392:8:392:19":152,"b:393:8:393:69:undefined:undefined:undefined:undefined":57,"s:393:8:393:69":153,"b:393:12:393:26:393:30:393:42":58,"s:393:44:393:69":154,"s:395:12:395:73":155,"b:395:28:395:68:395:71:395:73":59,"b:395:29:395:40:395:44:395:46":60,"s:396:21:396:25":156,"s:397:8:402:9":157,"b:398:12:401:13:undefined:undefined:undefined:undefined":61,"s:398:12:401:13":158,"s:399:16:399:29":159,"s:400:16:400:22":160,"b:403:8:408:9:405:15:408:9":62,"s:403:8:408:9":161,"s:404:12:404:34":162,"s:406:25:406:65":163,"b:406:42:406:60:406:63:406:65":63,"b:406:42:406:54:406:58:406:60":64,"s:407:12:407:49":164,"s:411:19:411:41":165,"s:412:25:412:71":166,"f:412:52:412:53":29,"s:412:62:412:67":167,"s:413:4:413:64":168,"s:416:0:423:2":169},"fnNames":{}}}
,"/app/app/lib/finance-platforms.js": {"path":"/app/app/lib/finance-platforms.js","statementMap":{"0":{"start":{"line":9,"column":32},"end":{"line":9,"column":69}},"1":{"start":{"line":10,"column":24},"end":{"line":10,"column":79}},"2":{"start":{"line":11,"column":18},"end":{"line":11,"column":61}},"3":{"start":{"line":12,"column":4},"end":{"line":12,"column":31}},"4":{"start":{"line":23,"column":18},"end":{"line":23,"column":55}},"5":{"start":{"line":24,"column":17},"end":{"line":29,"column":5}},"6":{"start":{"line":30,"column":4},"end":{"line":30,"column":62}},"7":{"start":{"line":35,"column":14},"end":{"line":35,"column":24}},"8":{"start":{"line":36,"column":14},"end":{"line":36,"column":27}},"9":{"start":{"line":37,"column":23},"end":{"line":37,"column":26}},"10":{"start":{"line":38,"column":27},"end":{"line":38,"column":42}},"11":{"start":{"line":39,"column":30},"end":{"line":39,"column":51}},"12":{"start":{"line":40,"column":19},"end":{"line":40,"column":51}},"13":{"start":{"line":41,"column":4},"end":{"line":47,"column":6}},"14":{"start":{"line":57,"column":14},"end":{"line":57,"column":24}},"15":{"start":{"line":58,"column":14},"end":{"line":58,"column":27}},"16":{"start":{"line":59,"column":17},"end":{"line":59,"column":49}},"17":{"start":{"line":60,"column":4},"end":{"line":60,"column":68}},"18":{"start":{"line":65,"column":14},"end":{"line":65,"column":24}},"19":{"start":{"line":66,"column":4},"end":{"line":66,"column":55}},"20":{"start":{"line":66,"column":20},"end":{"line":66,"column":55}},"21":{"start":{"line":67,"column":23},"end":{"line":67,"column":46}},"22":{"start":{"line":68,"column":4},"end":{"line":68,"column":45}},"23":{"start":{"line":72,"column":14},"end":{"line":72,"column":24}},"24":{"start":{"line":73,"column":17},"end":{"line":73,"column":46}},"25":{"start":{"line":74,"column":4},"end":{"line":74,"column":64}},"26":{"start":{"line":77,"column":0},"end":{"line":84,"column":2}}},"fnMap":{"0":{"name":"calculateEbayFees","decl":{"start":{"line":8,"column":9},"end":{"line":8,"column":26}},"loc":{"start":{"line":8,"column":73},"end":{"line":13,"column":1}},"line":8},"1":{"name":"calculateEbayNetProfit","decl":{"start":{"line":15,"column":9},"end":{"line":15,"column":31}},"loc":{"start":{"line":22,"column":2},"end":{"line":31,"column":1}},"line":22},"2":{"name":"calculateEtsyFees","decl":{"start":{"line":34,"column":9},"end":{"line":34,"column":26}},"loc":{"start":{"line":34,"column":53},"end":{"line":48,"column":1}},"line":34},"3":{"name":"calculateEtsyNetProfit","decl":{"start":{"line":50,"column":9},"end":{"line":50,"column":31}},"loc":{"start":{"line":56,"column":2},"end":{"line":61,"column":1}},"line":56},"4":{"name":"calculateFBFees","decl":{"start":{"line":64,"column":9},"end":{"line":64,"column":24}},"loc":{"start":{"line":64,"column":43},"end":{"line":69,"column":1}},"line":64},"5":{"name":"calculateFBNetProfit","decl":{"start":{"line":71,"column":9},"end":{"line":71,"column":29}},"loc":{"start":{"line":71,"column":70},"end":{"line":75,"column":1}},"line":71}},"branchMap":{"0":{"loc":{"start":{"line":9,"column":33},"end":{"line":9,"column":43}},"type":"binary-expr","locations":[{"start":{"line":9,"column":33},"end":{"line":9,"column":38}},{"start":{"line":9,"column":42},"end":{"line":9,"column":43}}],"line":9},"1":{"loc":{"start":{"line":9,"column":48},"end":{"line":9,"column":68}},"type":"binary-expr","locations":[{"start":{"line":9,"column":48},"end":{"line":9,"column":63}},{"start":{"line":9,"column":67},"end":{"line":9,"column":68}}],"line":9},"2":{"loc":{"start":{"line":10,"column":48},"end":{"line":10,"column":65}},"type":"binary-expr","locations":[{"start":{"line":10,"column":48},"end":{"line":10,"column":60}},{"start":{"line":10,"column":64},"end":{"line":10,"column":65}}],"line":10},"3":{"loc":{"start":{"line":11,"column":42},"end":{"line":11,"column":53}},"type":"binary-expr","locations":[{"start":{"line":11,"column":42},"end":{"line":11,"column":48}},{"start":{"line":11,"column":52},"end":{"line":11,"column":53}}],"line":11},"4":{"loc":{"start":{"line":23,"column":19},"end":{"line":23,"column":29}},"type":"binary-expr","locations":[{"start":{"line":23,"column":19},"end":{"line":23,"column":24}},{"start":{"line":23,"column":28},"end":{"line":23,"column":29}}],"line":23},"5":{"loc":{"start":{"line":23,"column":34},"end":{"line":23,"column":54}},"type":"binary-expr","locations":[{"start":{"line":23,"column":34},"end":{"line":23,"column":49}},{"start":{"line":23,"column":53},"end":{"line":23,"column":54}}],"line":23},"6":{"loc":{"start":{"line":30,"column":27},"end":{"line":30,"column":46}},"type":"binary-expr","locations":[{"start":{"line":30,"column":27},"end":{"line":30,"column":41}},{"start":{"line":30,"column":45},"end":{"line":30,"column":46}}],"line":30},"7":{"loc":{"start":{"line":30,"column":51},"end":{"line":30,"column":60}},"type":"binary-expr","locations":[{"start":{"line":30,"column":51},"end":{"line":30,"column":55}},{"start":{"line":30,"column":59},"end":{"line":30,"column":60}}],"line":30},"8":{"loc":{"start":{"line":35,"column":14},"end":{"line":35,"column":24}},"type":"binary-expr","locations":[{"start":{"line":35,"column":14},"end":{"line":35,"column":19}},{"start":{"line":35,"column":23},"end":{"line":35,"column":24}}],"line":35},"9":{"loc":{"start":{"line":36,"column":14},"end":{"line":36,"column":27}},"type":"binary-expr","locations":[{"start":{"line":36,"column":14},"end":{"line":36,"column":22}},{"start":{"line":36,"column":26},"end":{"line":36,"column":27}}],"line":36},"10":{"loc":{"start":{"line":40,"column":31},"end":{"line":40,"column":43}},"type":"binary-expr","locations":[{"start":{"line":40,"column":31},"end":{"line":40,"column":38}},{"start":{"line":40,"column":42},"end":{"line":40,"column":43}}],"line":40},"11":{"loc":{"start":{"line":57,"column":14},"end":{"line":57,"column":24}},"type":"binary-expr","locations":[{"start":{"line":57,"column":14},"end":{"line":57,"column":19}},{"start":{"line":57,"column":23},"end":{"line":57,"column":24}}],"line":57},"12":{"loc":{"start":{"line":58,"column":14},"end":{"line":58,"column":27}},"type":"binary-expr","locations":[{"start":{"line":58,"column":14},"end":{"line":58,"column":22}},{"start":{"line":58,"column":26},"end":{"line":58,"column":27}}],"line":58},"13":{"loc":{"start":{"line":60,"column":33},"end":{"line":60,"column":52}},"type":"binary-expr","locations":[{"start":{"line":60,"column":33},"end":{"line":60,"column":47}},{"start":{"line":60,"column":51},"end":{"line":60,"column":52}}],"line":60},"14":{"loc":{"start":{"line":60,"column":57},"end":{"line":60,"column":66}},"type":"binary-expr","locations":[{"start":{"line":60,"column":57},"end":{"line":60,"column":61}},{"start":{"line":60,"column":65},"end":{"line":60,"column":66}}],"line":60},"15":{"loc":{"start":{"line":65,"column":14},"end":{"line":65,"column":24}},"type":"binary-expr","locations":[{"start":{"line":65,"column":14},"end":{"line":65,"column":19}},{"start":{"line":65,"column":23},"end":{"line":65,"column":24}}],"line":65},"16":{"loc":{"start":{"line":66,"column":4},"end":{"line":66,"column":55}},"type":"if","locations":[{"start":{"line":66,"column":4},"end":{"line":66,"column":55}},{"start":{},"end":{}}],"line":66},"17":{"loc":{"start":{"line":72,"column":14},"end":{"line":72,"column":24}},"type":"binary-expr","locations":[{"start":{"line":72,"column":14},"end":{"line":72,"column":19}},{"start":{"line":72,"column":23},"end":{"line":72,"column":24}}],"line":72},"18":{"loc":{"start":{"line":74,"column":29},"end":{"line":74,"column":48}},"type":"binary-expr","locations":[{"start":{"line":74,"column":29},"end":{"line":74,"column":43}},{"start":{"line":74,"column":47},"end":{"line":74,"column":48}}],"line":74},"19":{"loc":{"start":{"line":74,"column":53},"end":{"line":74,"column":62}},"type":"binary-expr","locations":[{"start":{"line":74,"column":53},"end":{"line":74,"column":57}},{"start":{"line":74,"column":61},"end":{"line":74,"column":62}}],"line":74}},"s":{"0":7,"1":7,"2":7,"3":7,"4":3,"5":3,"6":3,"7":5,"8":5,"9":5,"10":5,"11":5,"12":5,"13":5,"14":2,"15":2,"16":2,"17":2,"18":5,"19":5,"20":2,"21":3,"22":3,"23":2,"24":2,"25":2,"26":2},"f":{"0":7,"1":3,"2":5,"3":2,"4":5,"5":2},"b":{"0":[7,1],"1":[7,6],"2":[7,1],"3":[7,4],"4":[3,0],"5":[3,3],"6":[3,1],"7":[3,1],"8":[5,0],"9":[5,4],"10":[5,4],"11":[2,0],"12":[2,2],"13":[2,1],"14":[2,0],"15":[5,0],"16":[2,3],"17":[2,0],"18":[2,1],"19":[2,0]},"meta":{"lastBranch":20,"lastFunction":6,"lastStatement":27,"seen":{"f:8:9:8:26":0,"s:9:32:9:69":0,"b:9:33:9:38:9:42:9:43":0,"b:9:48:9:63:9:67:9:68":1,"s:10:24:10:79":1,"b:10:48:10:60:10:64:10:65":2,"s:11:18:11:61":2,"b:11:42:11:48:11:52:11:53":3,"s:12:4:12:31":3,"f:15:9:15:31":1,"s:23:18:23:55":4,"b:23:19:23:24:23:28:23:29":4,"b:23:34:23:49:23:53:23:54":5,"s:24:17:29:5":5,"s:30:4:30:62":6,"b:30:27:30:41:30:45:30:46":6,"b:30:51:30:55:30:59:30:60":7,"f:34:9:34:26":2,"s:35:14:35:24":7,"b:35:14:35:19:35:23:35:24":8,"s:36:14:36:27":8,"b:36:14:36:22:36:26:36:27":9,"s:37:23:37:26":9,"s:38:27:38:42":10,"s:39:30:39:51":11,"s:40:19:40:51":12,"b:40:31:40:38:40:42:40:43":10,"s:41:4:47:6":13,"f:50:9:50:31":3,"s:57:14:57:24":14,"b:57:14:57:19:57:23:57:24":11,"s:58:14:58:27":15,"b:58:14:58:22:58:26:58:27":12,"s:59:17:59:49":16,"s:60:4:60:68":17,"b:60:33:60:47:60:51:60:52":13,"b:60:57:60:61:60:65:60:66":14,"f:64:9:64:24":4,"s:65:14:65:24":18,"b:65:14:65:19:65:23:65:24":15,"b:66:4:66:55:undefined:undefined:undefined:undefined":16,"s:66:4:66:55":19,"s:66:20:66:55":20,"s:67:23:67:46":21,"s:68:4:68:45":22,"f:71:9:71:29":5,"s:72:14:72:24":23,"b:72:14:72:19:72:23:72:24":17,"s:73:17:73:46":24,"s:74:4:74:64":25,"b:74:29:74:43:74:47:74:48":18,"b:74:53:74:57:74:61:74:62":19,"s:77:0:84:2":26},"fnNames":{}}}
}
